"May 15, 2025 @ 00:43:52.563",oHOK0pYBTOKMfpn69GCu,"-",".ds-winlogbeat-9.0.1-2025.05.15-000001","-","e9746f08-b281-4bca-8733-b5bd2a724318","DESKTOP-RM6P0RP","02b3b84a-7e01-4bfe-92b1-006b2bf66211","DESKTOP-RM6P0RP",winlogbeat,"9.0.1","8.17.0","Security State Change","-",4608,"May 15, 2025 @ 18:03:41.139","May 15, 2025 @ 09:04:01.925",event,security,success,"Microsoft-Windows-Security-Auditing","-","-","-","-","x86_64","DESKTOP-RM6P0RP","012c3c67-1f22-4e7f-b1df-b2e462931de1","fe80::1d50:4ea9:29d5:6c90, 192.168.184.16","00-0C-29-27-55-5F","desktop-rm6p0rp","19045.2006",windows,"10.0.19041.2006 (WinBuild.160101.0800)","Windows 10 Enterprise Evaluation","Windows 10 Enterprise Evaluation",windows,windows,"10.0",information,"Windows is starting up.

This event is logged when LSASS.EXE starts and the auditing subsystem is initialized.","-","-","-","-","-","-","-","-","-","-","-","-","_geoip_database_unavailable_GeoLite2-City.mmdb, _geoip_database_unavailable_GeoLite2-ASN.mmdb","-","-","-","-","-","-","-","-","-","-","-","-","-","-","-","-",Security,"WIN-D35FO1AQOB7","-","-","-","-","-","-","-","-","-","-","-","-","-","-","-","-","-","-","-","-","-","-","-","-","-","-","-","-","-","-","-","-","-","-","-","-","-","-","-","-","-","-","-","-","-","-","-","-","-","-","-","-","-","-","-","-","-","-","-","-","-","-","-","-","-","-","-","-","-","-","-","-","-","-","-","-","-","-","-","-","-","-","-","-","-","-","-","-","-","-","-","-","-","-","-","-","-","-","-","-","-","-","-","-","-","-","-","-","-","-","-","-","-","-","-","-","-","-","-","-","-","-","-","-","-","-","-","-","-","-","-","-","-","-","-","-","-","-","-","-","-","-","-","-","-","-","-","-","-","-","-","-","-","-","-","-","-","-","-",4608,"Audit Success","-","-",Info,664,668,"{54849625-5478-4994-A5BA-3E3B0328C30D}","Microsoft-Windows-Security-Auditing",15,"Security State Change","-","-","-","-","-"
"May 15, 2025 @ 00:43:52.423",QnOL0pYBTOKMfpn6PmYV,"-",".ds-winlogbeat-9.0.1-2025.05.15-000001","-","e9746f08-b281-4bca-8733-b5bd2a724318","DESKTOP-RM6P0RP","02b3b84a-7e01-4bfe-92b1-006b2bf66211","DESKTOP-RM6P0RP",winlogbeat,"9.0.1","8.0.0",None,"-",16,"May 15, 2025 @ 18:03:43.684","May 15, 2025 @ 09:04:20.759",event,"-","-","Microsoft-Windows-Kernel-General","-","-","-","-","x86_64","DESKTOP-RM6P0RP","012c3c67-1f22-4e7f-b1df-b2e462931de1","fe80::1d50:4ea9:29d5:6c90, 192.168.184.16","00-0C-29-27-55-5F","desktop-rm6p0rp","19045.2006",windows,"10.0.19041.2006 (WinBuild.160101.0800)","Windows 10 Enterprise Evaluation","Windows 10 Enterprise Evaluation",windows,windows,"10.0",information,"The access history in hive \SystemRoot\System32\Config\SECURITY was cleared updating 1 keys and creating 1 modified pages.","-","-","-","-","-","-","-","-","-","-","-","-","-","-","-","-","-","-","-","-","-","-","-","-","-","-","-","-","-",System,"WIN-D35FO1AQOB7","-","-","-","-","-","-","-","-","-","-","-","-","-","-","-","-","-","-","-","-","-","-","-","-","-","-","-","-","-",1,"-","-","-","-","-","-","-","-","-","-","-","-","-","-","-","-","-","-","-","-","\SystemRoot\System32\Config\SECURITY",36,"-","-","-","-","-","-","-","-","-","-","-","-","-","-",1,"-","-","-","-","-","-","-","-","-","-","-","-","-","-","-","-","-","-","-","-","-","-","-","-","-","-","-","-","-","-","-","-","-","-","-","-","-","-","-","-","-","-","-","-","-","-","-","-","-","-","-","-","-","-","-","-","-","-","-","-","-","-","-","-","-","-","-","-","-","-","-","-","-","-","-","-","-","-","-","-","-","-","-","-","-","-","-","-","-","-","-","-",16,"-","-","-",Info,92,360,"{A68CA8B7-004F-D7B6-A698-07E2DE0F1F5D}","Microsoft-Windows-Kernel-General",27,None,"NT AUTHORITY","S-1-5-18",SYSTEM,"Well Known Group","-"
"May 15, 2025 @ 00:43:51.724",n3OK0pYBTOKMfpn69GCu,"-",".ds-winlogbeat-9.0.1-2025.05.15-000001","-","e9746f08-b281-4bca-8733-b5bd2a724318","DESKTOP-RM6P0RP","02b3b84a-7e01-4bfe-92b1-006b2bf66211","DESKTOP-RM6P0RP",winlogbeat,"9.0.1","8.17.0","created-process",process,4688,"May 15, 2025 @ 18:03:41.139","May 15, 2025 @ 09:04:01.925",event,security,success,"Microsoft-Windows-Security-Auditing",start,"-","-","-","x86_64","DESKTOP-RM6P0RP","012c3c67-1f22-4e7f-b1df-b2e462931de1","fe80::1d50:4ea9:29d5:6c90, 192.168.184.16","00-0C-29-27-55-5F","desktop-rm6p0rp","19045.2006",windows,"10.0.19041.2006 (WinBuild.160101.0800)","Windows 10 Enterprise Evaluation","Windows 10 Enterprise Evaluation",windows,windows,"10.0",information,"A new process has been created.

Creator Subject:
	Security ID:		S-1-5-18
	Account Name:		-
	Account Domain:		-
	Logon ID:		0x3e7

Target Subject:
	Security ID:		S-1-0-0
	Account Name:		-
	Account Domain:		-
	Logon ID:		0x0

Process Information:
	New Process ID:		0x298
	New Process Name:	C:\Windows\System32\lsass.exe
	Token Elevation Type:	TokenElevationTypeDefault (1)
	Mandatory Label:		S-1-16-16384
	Creator Process ID:	0x23c
	Creator Process Name:	C:\Windows\System32\wininit.exe
	Process Command Line:	

Token Elevation Type indicates the type of token that was assigned to the new process in accordance with User Account Control policy.

Type 1 is a full token with no privileges removed or groups disabled.  A full token is only used if User Account Control is disabled or if the user is the built-in Administrator account or a service account.

Type 2 is an elevated token with no privileges removed or groups disabled.  An elevated token is used when User Account Control is enabled and the user chooses to start the program using Run as administrator.  An elevated token is also used when an application is configured to always require administrative privilege or to always require maximum privilege, and the user is a member of the Administrators group.

Type 3 is a limited token with administrative privileges removed and administrative groups disabled.  The limited token is used when User Account Control is enabled, the application does not require administrative privilege, and the user does not choose to start the program using Run as administrator.","C:\Windows\System32\lsass.exe","C:\Windows\System32\lsass.exe","lsass.exe","lsass.exe","C:\Windows\System32\wininit.exe","C:\Windows\System32\wininit.exe","wininit.exe","wininit.exe",572,664,"-","-","_geoip_database_unavailable_GeoLite2-City.mmdb, _geoip_database_unavailable_GeoLite2-ASN.mmdb","-","-","S-1-0-0","-","-","S-1-5-18","-","-","-","-","-","-","-","-","-","-",Security,"WIN-D35FO1AQOB7","-","-","-","-","-","-","-","-","-","-","-","-","-","-","-","-","-","-","-","-","-","-","-","-","-","-","-","-","-","-","-","-","-","-","-","-","-","-","-","-","-","-","-","-","-","-","-","-","-","-","-","-","-","-","-","-","-","-","-","-","-","-","-","-","-","-","-","-","-","-","-","-","-","-","-","-","-","-","S-1-16-16384","-","-","-","-","-","-","-","-","-","-","-","-","-","-","-","-","-","-","-","-","-","-","-","-","-",0x23c,"-","-","-","-","-","-","-","-","-","-","-","-","-","-","-","-","-","-","-","-","-",0x3e7,"-","S-1-5-18","-","-","-","-",0x0,"-","-","-","-","-","-","-","S-1-0-0","-","-","TokenElevationTypeDefault (1)","-","-","-","-","-","-","-","-","-","-","-","-","-","-",4688,"Audit Success",0x3e7,"-",Info,4,100,"{54849625-5478-4994-A5BA-3E3B0328C30D}","Microsoft-Windows-Security-Auditing",14,"Process Creation","-","-","-","-",2
"May 15, 2025 @ 00:43:51.651",QXOL0pYBTOKMfpn6PmYV,"-",".ds-winlogbeat-9.0.1-2025.05.15-000001","-","e9746f08-b281-4bca-8733-b5bd2a724318","DESKTOP-RM6P0RP","02b3b84a-7e01-4bfe-92b1-006b2bf66211","DESKTOP-RM6P0RP",winlogbeat,"9.0.1","8.0.0",None,"-",14,"May 15, 2025 @ 18:03:43.684","May 15, 2025 @ 09:04:20.759",event,"-","-","Microsoft-Windows-Wininit","-","-","-","-","x86_64","DESKTOP-RM6P0RP","012c3c67-1f22-4e7f-b1df-b2e462931de1","fe80::1d50:4ea9:29d5:6c90, 192.168.184.16","00-0C-29-27-55-5F","desktop-rm6p0rp","19045.2006",windows,"10.0.19041.2006 (WinBuild.160101.0800)","Windows 10 Enterprise Evaluation","Windows 10 Enterprise Evaluation",windows,windows,"10.0",information,"Credential Guard configuration: 0, 0","-","-","-","-","-","-","-","-","-","-","-","-","-","-","-","-","-","-","-","-","-","-","-","-","-","-","-","-","-",System,"WIN-D35FO1AQOB7","-","-","-","-","-","-","-","-","-","-","-","-","-","-","-",0,"-","-","-","-","-","-","-","-","-","-","-","-","-","-","-","-","-","-","-","-","-","-","-","-","-","-","-","-","-","-","-","-","-","-","-","-","-","-","-","-","-","-","-","-","-","-","-",0,"-","-","-","-","-","-","-","-","-","-","-","-","-","-","-","-","-","-","-","-","-","-","-","-","-","-","-","-","-","-","-","-","-","-","-","-","-","-","-","-","-","-","-","-","-","-","-","-","-","-","-","-","-","-","-","-","-","-","-","-","-","-","-","-","-","-","-","-","-","-","-","-","-","-","-","-","-","-","-","-","-","-","-","-","-","-","-","-","-","-","-","-","-","-","-",14,"-","-","-",Info,572,576,"{206F6DEA-D3C5-4D10-BC72-989F03C8B84B}","Microsoft-Windows-Wininit",26,None,"NT AUTHORITY","S-1-5-18",SYSTEM,"Well Known Group","-"
"May 15, 2025 @ 00:43:51.450",nnOK0pYBTOKMfpn69GCu,"-",".ds-winlogbeat-9.0.1-2025.05.15-000001","-","e9746f08-b281-4bca-8733-b5bd2a724318","DESKTOP-RM6P0RP","02b3b84a-7e01-4bfe-92b1-006b2bf66211","DESKTOP-RM6P0RP",winlogbeat,"9.0.1","8.17.0","created-process",process,4688,"May 15, 2025 @ 18:03:41.139","May 15, 2025 @ 09:04:01.925",event,security,success,"Microsoft-Windows-Security-Auditing",start,"-","-","-","x86_64","DESKTOP-RM6P0RP","012c3c67-1f22-4e7f-b1df-b2e462931de1","fe80::1d50:4ea9:29d5:6c90, 192.168.184.16","00-0C-29-27-55-5F","desktop-rm6p0rp","19045.2006",windows,"10.0.19041.2006 (WinBuild.160101.0800)","Windows 10 Enterprise Evaluation","Windows 10 Enterprise Evaluation",windows,windows,"10.0",information,"A new process has been created.

Creator Subject:
	Security ID:		S-1-5-18
	Account Name:		-
	Account Domain:		-
	Logon ID:		0x3e7

Target Subject:
	Security ID:		S-1-0-0
	Account Name:		-
	Account Domain:		-
	Logon ID:		0x0

Process Information:
	New Process ID:		0x284
	New Process Name:	C:\Windows\System32\services.exe
	Token Elevation Type:	TokenElevationTypeDefault (1)
	Mandatory Label:		S-1-16-16384
	Creator Process ID:	0x23c
	Creator Process Name:	C:\Windows\System32\wininit.exe
	Process Command Line:	

Token Elevation Type indicates the type of token that was assigned to the new process in accordance with User Account Control policy.

Type 1 is a full token with no privileges removed or groups disabled.  A full token is only used if User Account Control is disabled or if the user is the built-in Administrator account or a service account.

Type 2 is an elevated token with no privileges removed or groups disabled.  An elevated token is used when User Account Control is enabled and the user chooses to start the program using Run as administrator.  An elevated token is also used when an application is configured to always require administrative privilege or to always require maximum privilege, and the user is a member of the Administrators group.

Type 3 is a limited token with administrative privileges removed and administrative groups disabled.  The limited token is used when User Account Control is enabled, the application does not require administrative privilege, and the user does not choose to start the program using Run as administrator.","C:\Windows\System32\services.exe","C:\Windows\System32\services.exe","services.exe","services.exe","C:\Windows\System32\wininit.exe","C:\Windows\System32\wininit.exe","wininit.exe","wininit.exe",572,644,"-","-","_geoip_database_unavailable_GeoLite2-City.mmdb, _geoip_database_unavailable_GeoLite2-ASN.mmdb","-","-","S-1-0-0","-","-","S-1-5-18","-","-","-","-","-","-","-","-","-","-",Security,"WIN-D35FO1AQOB7","-","-","-","-","-","-","-","-","-","-","-","-","-","-","-","-","-","-","-","-","-","-","-","-","-","-","-","-","-","-","-","-","-","-","-","-","-","-","-","-","-","-","-","-","-","-","-","-","-","-","-","-","-","-","-","-","-","-","-","-","-","-","-","-","-","-","-","-","-","-","-","-","-","-","-","-","-","-","S-1-16-16384","-","-","-","-","-","-","-","-","-","-","-","-","-","-","-","-","-","-","-","-","-","-","-","-","-",0x23c,"-","-","-","-","-","-","-","-","-","-","-","-","-","-","-","-","-","-","-","-","-",0x3e7,"-","S-1-5-18","-","-","-","-",0x0,"-","-","-","-","-","-","-","S-1-0-0","-","-","TokenElevationTypeDefault (1)","-","-","-","-","-","-","-","-","-","-","-","-","-","-",4688,"Audit Success",0x3e7,"-",Info,4,100,"{54849625-5478-4994-A5BA-3E3B0328C30D}","Microsoft-Windows-Security-Auditing",13,"Process Creation","-","-","-","-",2
"May 15, 2025 @ 00:43:47.754",nXOK0pYBTOKMfpn69GCu,"-",".ds-winlogbeat-9.0.1-2025.05.15-000001","-","e9746f08-b281-4bca-8733-b5bd2a724318","DESKTOP-RM6P0RP","02b3b84a-7e01-4bfe-92b1-006b2bf66211","DESKTOP-RM6P0RP",winlogbeat,"9.0.1","8.17.0","created-process",process,4688,"May 15, 2025 @ 18:03:41.139","May 15, 2025 @ 09:04:01.925",event,security,success,"Microsoft-Windows-Security-Auditing",start,"-","-","-","x86_64","DESKTOP-RM6P0RP","012c3c67-1f22-4e7f-b1df-b2e462931de1","fe80::1d50:4ea9:29d5:6c90, 192.168.184.16","00-0C-29-27-55-5F","desktop-rm6p0rp","19045.2006",windows,"10.0.19041.2006 (WinBuild.160101.0800)","Windows 10 Enterprise Evaluation","Windows 10 Enterprise Evaluation",windows,windows,"10.0",information,"A new process has been created.

Creator Subject:
	Security ID:		S-1-5-18
	Account Name:		-
	Account Domain:		-
	Logon ID:		0x3e7

Target Subject:
	Security ID:		S-1-0-0
	Account Name:		-
	Account Domain:		-
	Logon ID:		0x0

Process Information:
	New Process ID:		0x23c
	New Process Name:	C:\Windows\System32\wininit.exe
	Token Elevation Type:	TokenElevationTypeDefault (1)
	Mandatory Label:		S-1-16-16384
	Creator Process ID:	0x1ac
	Creator Process Name:	C:\Windows\System32\smss.exe
	Process Command Line:	

Token Elevation Type indicates the type of token that was assigned to the new process in accordance with User Account Control policy.

Type 1 is a full token with no privileges removed or groups disabled.  A full token is only used if User Account Control is disabled or if the user is the built-in Administrator account or a service account.

Type 2 is an elevated token with no privileges removed or groups disabled.  An elevated token is used when User Account Control is enabled and the user chooses to start the program using Run as administrator.  An elevated token is also used when an application is configured to always require administrative privilege or to always require maximum privilege, and the user is a member of the Administrators group.

Type 3 is a limited token with administrative privileges removed and administrative groups disabled.  The limited token is used when User Account Control is enabled, the application does not require administrative privilege, and the user does not choose to start the program using Run as administrator.","C:\Windows\System32\wininit.exe","C:\Windows\System32\wininit.exe","wininit.exe","wininit.exe","C:\Windows\System32\smss.exe","C:\Windows\System32\smss.exe","smss.exe","smss.exe",428,572,"-","-","_geoip_database_unavailable_GeoLite2-City.mmdb, _geoip_database_unavailable_GeoLite2-ASN.mmdb","-","-","S-1-0-0","-","-","S-1-5-18","-","-","-","-","-","-","-","-","-","-",Security,"WIN-D35FO1AQOB7","-","-","-","-","-","-","-","-","-","-","-","-","-","-","-","-","-","-","-","-","-","-","-","-","-","-","-","-","-","-","-","-","-","-","-","-","-","-","-","-","-","-","-","-","-","-","-","-","-","-","-","-","-","-","-","-","-","-","-","-","-","-","-","-","-","-","-","-","-","-","-","-","-","-","-","-","-","-","S-1-16-16384","-","-","-","-","-","-","-","-","-","-","-","-","-","-","-","-","-","-","-","-","-","-","-","-","-",0x1ac,"-","-","-","-","-","-","-","-","-","-","-","-","-","-","-","-","-","-","-","-","-",0x3e7,"-","S-1-5-18","-","-","-","-",0x0,"-","-","-","-","-","-","-","S-1-0-0","-","-","TokenElevationTypeDefault (1)","-","-","-","-","-","-","-","-","-","-","-","-","-","-",4688,"Audit Success",0x3e7,"-",Info,4,112,"{54849625-5478-4994-A5BA-3E3B0328C30D}","Microsoft-Windows-Security-Auditing",12,"Process Creation","-","-","-","-",2
"May 15, 2025 @ 00:43:47.749",nHOK0pYBTOKMfpn69GCu,"-",".ds-winlogbeat-9.0.1-2025.05.15-000001","-","e9746f08-b281-4bca-8733-b5bd2a724318","DESKTOP-RM6P0RP","02b3b84a-7e01-4bfe-92b1-006b2bf66211","DESKTOP-RM6P0RP",winlogbeat,"9.0.1","8.17.0","created-process",process,4688,"May 15, 2025 @ 18:03:41.139","May 15, 2025 @ 09:04:01.924",event,security,success,"Microsoft-Windows-Security-Auditing",start,"-","-","-","x86_64","DESKTOP-RM6P0RP","012c3c67-1f22-4e7f-b1df-b2e462931de1","fe80::1d50:4ea9:29d5:6c90, 192.168.184.16","00-0C-29-27-55-5F","desktop-rm6p0rp","19045.2006",windows,"10.0.19041.2006 (WinBuild.160101.0800)","Windows 10 Enterprise Evaluation","Windows 10 Enterprise Evaluation",windows,windows,"10.0",information,"A new process has been created.

Creator Subject:
	Security ID:		S-1-5-18
	Account Name:		-
	Account Domain:		-
	Logon ID:		0x3e7

Target Subject:
	Security ID:		S-1-0-0
	Account Name:		-
	Account Domain:		-
	Logon ID:		0x0

Process Information:
	New Process ID:		0x22c
	New Process Name:	C:\Windows\System32\winlogon.exe
	Token Elevation Type:	TokenElevationTypeDefault (1)
	Mandatory Label:		S-1-16-16384
	Creator Process ID:	0x1f0
	Creator Process Name:	C:\Windows\System32\smss.exe
	Process Command Line:	

Token Elevation Type indicates the type of token that was assigned to the new process in accordance with User Account Control policy.

Type 1 is a full token with no privileges removed or groups disabled.  A full token is only used if User Account Control is disabled or if the user is the built-in Administrator account or a service account.

Type 2 is an elevated token with no privileges removed or groups disabled.  An elevated token is used when User Account Control is enabled and the user chooses to start the program using Run as administrator.  An elevated token is also used when an application is configured to always require administrative privilege or to always require maximum privilege, and the user is a member of the Administrators group.

Type 3 is a limited token with administrative privileges removed and administrative groups disabled.  The limited token is used when User Account Control is enabled, the application does not require administrative privilege, and the user does not choose to start the program using Run as administrator.","C:\Windows\System32\winlogon.exe","C:\Windows\System32\winlogon.exe","winlogon.exe","winlogon.exe","C:\Windows\System32\smss.exe","C:\Windows\System32\smss.exe","smss.exe","smss.exe",496,556,"-","-","_geoip_database_unavailable_GeoLite2-City.mmdb, _geoip_database_unavailable_GeoLite2-ASN.mmdb","-","-","S-1-0-0","-","-","S-1-5-18","-","-","-","-","-","-","-","-","-","-",Security,"WIN-D35FO1AQOB7","-","-","-","-","-","-","-","-","-","-","-","-","-","-","-","-","-","-","-","-","-","-","-","-","-","-","-","-","-","-","-","-","-","-","-","-","-","-","-","-","-","-","-","-","-","-","-","-","-","-","-","-","-","-","-","-","-","-","-","-","-","-","-","-","-","-","-","-","-","-","-","-","-","-","-","-","-","-","S-1-16-16384","-","-","-","-","-","-","-","-","-","-","-","-","-","-","-","-","-","-","-","-","-","-","-","-","-",0x1f0,"-","-","-","-","-","-","-","-","-","-","-","-","-","-","-","-","-","-","-","-","-",0x3e7,"-","S-1-5-18","-","-","-","-",0x0,"-","-","-","-","-","-","-","S-1-0-0","-","-","TokenElevationTypeDefault (1)","-","-","-","-","-","-","-","-","-","-","-","-","-","-",4688,"Audit Success",0x3e7,"-",Info,4,112,"{54849625-5478-4994-A5BA-3E3B0328C30D}","Microsoft-Windows-Security-Auditing",11,"Process Creation","-","-","-","-",2
"May 15, 2025 @ 00:43:47.621",m3OK0pYBTOKMfpn69GCu,"-",".ds-winlogbeat-9.0.1-2025.05.15-000001","-","e9746f08-b281-4bca-8733-b5bd2a724318","DESKTOP-RM6P0RP","02b3b84a-7e01-4bfe-92b1-006b2bf66211","DESKTOP-RM6P0RP",winlogbeat,"9.0.1","8.17.0","created-process",process,4688,"May 15, 2025 @ 18:03:41.139","May 15, 2025 @ 09:04:01.924",event,security,success,"Microsoft-Windows-Security-Auditing",start,"-","-","-","x86_64","DESKTOP-RM6P0RP","012c3c67-1f22-4e7f-b1df-b2e462931de1","fe80::1d50:4ea9:29d5:6c90, 192.168.184.16","00-0C-29-27-55-5F","desktop-rm6p0rp","19045.2006",windows,"10.0.19041.2006 (WinBuild.160101.0800)","Windows 10 Enterprise Evaluation","Windows 10 Enterprise Evaluation",windows,windows,"10.0",information,"A new process has been created.

Creator Subject:
	Security ID:		S-1-5-18
	Account Name:		-
	Account Domain:		-
	Logon ID:		0x3e7

Target Subject:
	Security ID:		S-1-0-0
	Account Name:		-
	Account Domain:		-
	Logon ID:		0x0

Process Information:
	New Process ID:		0x1f8
	New Process Name:	C:\Windows\System32\csrss.exe
	Token Elevation Type:	TokenElevationTypeDefault (1)
	Mandatory Label:		S-1-16-16384
	Creator Process ID:	0x1f0
	Creator Process Name:	C:\Windows\System32\smss.exe
	Process Command Line:	

Token Elevation Type indicates the type of token that was assigned to the new process in accordance with User Account Control policy.

Type 1 is a full token with no privileges removed or groups disabled.  A full token is only used if User Account Control is disabled or if the user is the built-in Administrator account or a service account.

Type 2 is an elevated token with no privileges removed or groups disabled.  An elevated token is used when User Account Control is enabled and the user chooses to start the program using Run as administrator.  An elevated token is also used when an application is configured to always require administrative privilege or to always require maximum privilege, and the user is a member of the Administrators group.

Type 3 is a limited token with administrative privileges removed and administrative groups disabled.  The limited token is used when User Account Control is enabled, the application does not require administrative privilege, and the user does not choose to start the program using Run as administrator.","C:\Windows\System32\csrss.exe","C:\Windows\System32\csrss.exe","csrss.exe","csrss.exe","C:\Windows\System32\smss.exe","C:\Windows\System32\smss.exe","smss.exe","smss.exe",496,504,"-","-","_geoip_database_unavailable_GeoLite2-City.mmdb, _geoip_database_unavailable_GeoLite2-ASN.mmdb","-","-","S-1-0-0","-","-","S-1-5-18","-","-","-","-","-","-","-","-","-","-",Security,"WIN-D35FO1AQOB7","-","-","-","-","-","-","-","-","-","-","-","-","-","-","-","-","-","-","-","-","-","-","-","-","-","-","-","-","-","-","-","-","-","-","-","-","-","-","-","-","-","-","-","-","-","-","-","-","-","-","-","-","-","-","-","-","-","-","-","-","-","-","-","-","-","-","-","-","-","-","-","-","-","-","-","-","-","-","S-1-16-16384","-","-","-","-","-","-","-","-","-","-","-","-","-","-","-","-","-","-","-","-","-","-","-","-","-",0x1f0,"-","-","-","-","-","-","-","-","-","-","-","-","-","-","-","-","-","-","-","-","-",0x3e7,"-","S-1-5-18","-","-","-","-",0x0,"-","-","-","-","-","-","-","S-1-0-0","-","-","TokenElevationTypeDefault (1)","-","-","-","-","-","-","-","-","-","-","-","-","-","-",4688,"Audit Success",0x3e7,"-",Info,4,112,"{54849625-5478-4994-A5BA-3E3B0328C30D}","Microsoft-Windows-Security-Auditing",10,"Process Creation","-","-","-","-",2
"May 15, 2025 @ 00:43:47.616",mnOK0pYBTOKMfpn69GCu,"-",".ds-winlogbeat-9.0.1-2025.05.15-000001","-","e9746f08-b281-4bca-8733-b5bd2a724318","DESKTOP-RM6P0RP","02b3b84a-7e01-4bfe-92b1-006b2bf66211","DESKTOP-RM6P0RP",winlogbeat,"9.0.1","8.17.0","created-process",process,4688,"May 15, 2025 @ 18:03:41.139","May 15, 2025 @ 09:04:01.924",event,security,success,"Microsoft-Windows-Security-Auditing",start,"-","-","-","x86_64","DESKTOP-RM6P0RP","012c3c67-1f22-4e7f-b1df-b2e462931de1","fe80::1d50:4ea9:29d5:6c90, 192.168.184.16","00-0C-29-27-55-5F","desktop-rm6p0rp","19045.2006",windows,"10.0.19041.2006 (WinBuild.160101.0800)","Windows 10 Enterprise Evaluation","Windows 10 Enterprise Evaluation",windows,windows,"10.0",information,"A new process has been created.

Creator Subject:
	Security ID:		S-1-5-18
	Account Name:		-
	Account Domain:		-
	Logon ID:		0x3e7

Target Subject:
	Security ID:		S-1-0-0
	Account Name:		-
	Account Domain:		-
	Logon ID:		0x0

Process Information:
	New Process ID:		0x1f0
	New Process Name:	C:\Windows\System32\smss.exe
	Token Elevation Type:	TokenElevationTypeDefault (1)
	Mandatory Label:		S-1-16-16384
	Creator Process ID:	0x14c
	Creator Process Name:	C:\Windows\System32\smss.exe
	Process Command Line:	

Token Elevation Type indicates the type of token that was assigned to the new process in accordance with User Account Control policy.

Type 1 is a full token with no privileges removed or groups disabled.  A full token is only used if User Account Control is disabled or if the user is the built-in Administrator account or a service account.

Type 2 is an elevated token with no privileges removed or groups disabled.  An elevated token is used when User Account Control is enabled and the user chooses to start the program using Run as administrator.  An elevated token is also used when an application is configured to always require administrative privilege or to always require maximum privilege, and the user is a member of the Administrators group.

Type 3 is a limited token with administrative privileges removed and administrative groups disabled.  The limited token is used when User Account Control is enabled, the application does not require administrative privilege, and the user does not choose to start the program using Run as administrator.","C:\Windows\System32\smss.exe","C:\Windows\System32\smss.exe","smss.exe","smss.exe","C:\Windows\System32\smss.exe","C:\Windows\System32\smss.exe","smss.exe","smss.exe",332,496,"-","-","_geoip_database_unavailable_GeoLite2-City.mmdb, _geoip_database_unavailable_GeoLite2-ASN.mmdb","-","-","S-1-0-0","-","-","S-1-5-18","-","-","-","-","-","-","-","-","-","-",Security,"WIN-D35FO1AQOB7","-","-","-","-","-","-","-","-","-","-","-","-","-","-","-","-","-","-","-","-","-","-","-","-","-","-","-","-","-","-","-","-","-","-","-","-","-","-","-","-","-","-","-","-","-","-","-","-","-","-","-","-","-","-","-","-","-","-","-","-","-","-","-","-","-","-","-","-","-","-","-","-","-","-","-","-","-","-","S-1-16-16384","-","-","-","-","-","-","-","-","-","-","-","-","-","-","-","-","-","-","-","-","-","-","-","-","-",0x14c,"-","-","-","-","-","-","-","-","-","-","-","-","-","-","-","-","-","-","-","-","-",0x3e7,"-","S-1-5-18","-","-","-","-",0x0,"-","-","-","-","-","-","-","S-1-0-0","-","-","TokenElevationTypeDefault (1)","-","-","-","-","-","-","-","-","-","-","-","-","-","-",4688,"Audit Success",0x3e7,"-",Info,4,112,"{54849625-5478-4994-A5BA-3E3B0328C30D}","Microsoft-Windows-Security-Auditing",9,"Process Creation","-","-","-","-",2
"May 15, 2025 @ 00:43:47.341",mXOK0pYBTOKMfpn69GCu,"-",".ds-winlogbeat-9.0.1-2025.05.15-000001","-","e9746f08-b281-4bca-8733-b5bd2a724318","DESKTOP-RM6P0RP","02b3b84a-7e01-4bfe-92b1-006b2bf66211","DESKTOP-RM6P0RP",winlogbeat,"9.0.1","8.17.0","created-process",process,4688,"May 15, 2025 @ 18:03:41.139","May 15, 2025 @ 09:04:01.924",event,security,success,"Microsoft-Windows-Security-Auditing",start,"-","-","-","x86_64","DESKTOP-RM6P0RP","012c3c67-1f22-4e7f-b1df-b2e462931de1","fe80::1d50:4ea9:29d5:6c90, 192.168.184.16","00-0C-29-27-55-5F","desktop-rm6p0rp","19045.2006",windows,"10.0.19041.2006 (WinBuild.160101.0800)","Windows 10 Enterprise Evaluation","Windows 10 Enterprise Evaluation",windows,windows,"10.0",information,"A new process has been created.

Creator Subject:
	Security ID:		S-1-5-18
	Account Name:		-
	Account Domain:		-
	Logon ID:		0x3e7

Target Subject:
	Security ID:		S-1-0-0
	Account Name:		-
	Account Domain:		-
	Logon ID:		0x0

Process Information:
	New Process ID:		0x1b4
	New Process Name:	C:\Windows\System32\csrss.exe
	Token Elevation Type:	TokenElevationTypeDefault (1)
	Mandatory Label:		S-1-16-16384
	Creator Process ID:	0x1ac
	Creator Process Name:	C:\Windows\System32\smss.exe
	Process Command Line:	

Token Elevation Type indicates the type of token that was assigned to the new process in accordance with User Account Control policy.

Type 1 is a full token with no privileges removed or groups disabled.  A full token is only used if User Account Control is disabled or if the user is the built-in Administrator account or a service account.

Type 2 is an elevated token with no privileges removed or groups disabled.  An elevated token is used when User Account Control is enabled and the user chooses to start the program using Run as administrator.  An elevated token is also used when an application is configured to always require administrative privilege or to always require maximum privilege, and the user is a member of the Administrators group.

Type 3 is a limited token with administrative privileges removed and administrative groups disabled.  The limited token is used when User Account Control is enabled, the application does not require administrative privilege, and the user does not choose to start the program using Run as administrator.","C:\Windows\System32\csrss.exe","C:\Windows\System32\csrss.exe","csrss.exe","csrss.exe","C:\Windows\System32\smss.exe","C:\Windows\System32\smss.exe","smss.exe","smss.exe",428,436,"-","-","_geoip_database_unavailable_GeoLite2-City.mmdb, _geoip_database_unavailable_GeoLite2-ASN.mmdb","-","-","S-1-0-0","-","-","S-1-5-18","-","-","-","-","-","-","-","-","-","-",Security,"WIN-D35FO1AQOB7","-","-","-","-","-","-","-","-","-","-","-","-","-","-","-","-","-","-","-","-","-","-","-","-","-","-","-","-","-","-","-","-","-","-","-","-","-","-","-","-","-","-","-","-","-","-","-","-","-","-","-","-","-","-","-","-","-","-","-","-","-","-","-","-","-","-","-","-","-","-","-","-","-","-","-","-","-","-","S-1-16-16384","-","-","-","-","-","-","-","-","-","-","-","-","-","-","-","-","-","-","-","-","-","-","-","-","-",0x1ac,"-","-","-","-","-","-","-","-","-","-","-","-","-","-","-","-","-","-","-","-","-",0x3e7,"-","S-1-5-18","-","-","-","-",0x0,"-","-","-","-","-","-","-","S-1-0-0","-","-","TokenElevationTypeDefault (1)","-","-","-","-","-","-","-","-","-","-","-","-","-","-",4688,"Audit Success",0x3e7,"-",Info,4,112,"{54849625-5478-4994-A5BA-3E3B0328C30D}","Microsoft-Windows-Security-Auditing",8,"Process Creation","-","-","-","-",2
"May 15, 2025 @ 00:43:47.057",mHOK0pYBTOKMfpn69GCu,"-",".ds-winlogbeat-9.0.1-2025.05.15-000001","-","e9746f08-b281-4bca-8733-b5bd2a724318","DESKTOP-RM6P0RP","02b3b84a-7e01-4bfe-92b1-006b2bf66211","DESKTOP-RM6P0RP",winlogbeat,"9.0.1","8.17.0","created-process",process,4688,"May 15, 2025 @ 18:03:41.139","May 15, 2025 @ 09:04:01.923",event,security,success,"Microsoft-Windows-Security-Auditing",start,"-","-","-","x86_64","DESKTOP-RM6P0RP","012c3c67-1f22-4e7f-b1df-b2e462931de1","fe80::1d50:4ea9:29d5:6c90, 192.168.184.16","00-0C-29-27-55-5F","desktop-rm6p0rp","19045.2006",windows,"10.0.19041.2006 (WinBuild.160101.0800)","Windows 10 Enterprise Evaluation","Windows 10 Enterprise Evaluation",windows,windows,"10.0",information,"A new process has been created.

Creator Subject:
	Security ID:		S-1-5-18
	Account Name:		-
	Account Domain:		-
	Logon ID:		0x3e7

Target Subject:
	Security ID:		S-1-0-0
	Account Name:		-
	Account Domain:		-
	Logon ID:		0x0

Process Information:
	New Process ID:		0x1ac
	New Process Name:	C:\Windows\System32\smss.exe
	Token Elevation Type:	TokenElevationTypeDefault (1)
	Mandatory Label:		S-1-16-16384
	Creator Process ID:	0x14c
	Creator Process Name:	C:\Windows\System32\smss.exe
	Process Command Line:	

Token Elevation Type indicates the type of token that was assigned to the new process in accordance with User Account Control policy.

Type 1 is a full token with no privileges removed or groups disabled.  A full token is only used if User Account Control is disabled or if the user is the built-in Administrator account or a service account.

Type 2 is an elevated token with no privileges removed or groups disabled.  An elevated token is used when User Account Control is enabled and the user chooses to start the program using Run as administrator.  An elevated token is also used when an application is configured to always require administrative privilege or to always require maximum privilege, and the user is a member of the Administrators group.

Type 3 is a limited token with administrative privileges removed and administrative groups disabled.  The limited token is used when User Account Control is enabled, the application does not require administrative privilege, and the user does not choose to start the program using Run as administrator.","C:\Windows\System32\smss.exe","C:\Windows\System32\smss.exe","smss.exe","smss.exe","C:\Windows\System32\smss.exe","C:\Windows\System32\smss.exe","smss.exe","smss.exe",332,428,"-","-","_geoip_database_unavailable_GeoLite2-City.mmdb, _geoip_database_unavailable_GeoLite2-ASN.mmdb","-","-","S-1-0-0","-","-","S-1-5-18","-","-","-","-","-","-","-","-","-","-",Security,"WIN-D35FO1AQOB7","-","-","-","-","-","-","-","-","-","-","-","-","-","-","-","-","-","-","-","-","-","-","-","-","-","-","-","-","-","-","-","-","-","-","-","-","-","-","-","-","-","-","-","-","-","-","-","-","-","-","-","-","-","-","-","-","-","-","-","-","-","-","-","-","-","-","-","-","-","-","-","-","-","-","-","-","-","-","S-1-16-16384","-","-","-","-","-","-","-","-","-","-","-","-","-","-","-","-","-","-","-","-","-","-","-","-","-",0x14c,"-","-","-","-","-","-","-","-","-","-","-","-","-","-","-","-","-","-","-","-","-",0x3e7,"-","S-1-5-18","-","-","-","-",0x0,"-","-","-","-","-","-","-","S-1-0-0","-","-","TokenElevationTypeDefault (1)","-","-","-","-","-","-","-","-","-","-","-","-","-","-",4688,"Audit Success",0x3e7,"-",Info,4,112,"{54849625-5478-4994-A5BA-3E3B0328C30D}","Microsoft-Windows-Security-Auditing",7,"Process Creation","-","-","-","-",2
"May 15, 2025 @ 00:43:46.981",QHOL0pYBTOKMfpn6PmYV,"-",".ds-winlogbeat-9.0.1-2025.05.15-000001","-","e9746f08-b281-4bca-8733-b5bd2a724318","DESKTOP-RM6P0RP","02b3b84a-7e01-4bfe-92b1-006b2bf66211","DESKTOP-RM6P0RP",winlogbeat,"9.0.1","8.0.0",None,"-",16,"May 15, 2025 @ 18:03:43.684","May 15, 2025 @ 09:04:20.759",event,"-","-","Microsoft-Windows-Kernel-General","-","-","-","-","x86_64","DESKTOP-RM6P0RP","012c3c67-1f22-4e7f-b1df-b2e462931de1","fe80::1d50:4ea9:29d5:6c90, 192.168.184.16","00-0C-29-27-55-5F","desktop-rm6p0rp","19045.2006",windows,"10.0.19041.2006 (WinBuild.160101.0800)","Windows 10 Enterprise Evaluation","Windows 10 Enterprise Evaluation",windows,windows,"10.0",information,"The access history in hive \SystemRoot\System32\Config\DEFAULT was cleared updating 64 keys and creating 6 modified pages.","-","-","-","-","-","-","-","-","-","-","-","-","-","-","-","-","-","-","-","-","-","-","-","-","-","-","-","-","-",System,"WIN-D35FO1AQOB7","-","-","-","-","-","-","-","-","-","-","-","-","-","-","-","-","-","-","-","-","-","-","-","-","-","-","-","-","-",6,"-","-","-","-","-","-","-","-","-","-","-","-","-","-","-","-","-","-","-","-","\SystemRoot\System32\Config\DEFAULT",35,"-","-","-","-","-","-","-","-","-","-","-","-","-","-",64,"-","-","-","-","-","-","-","-","-","-","-","-","-","-","-","-","-","-","-","-","-","-","-","-","-","-","-","-","-","-","-","-","-","-","-","-","-","-","-","-","-","-","-","-","-","-","-","-","-","-","-","-","-","-","-","-","-","-","-","-","-","-","-","-","-","-","-","-","-","-","-","-","-","-","-","-","-","-","-","-","-","-","-","-","-","-","-","-","-","-","-","-",16,"-","-","-",Info,92,372,"{A68CA8B7-004F-D7B6-A698-07E2DE0F1F5D}","Microsoft-Windows-Kernel-General",25,None,"NT AUTHORITY","S-1-5-18",SYSTEM,"Well Known Group","-"
"May 15, 2025 @ 00:43:46.853",l3OK0pYBTOKMfpn69GCu,"-",".ds-winlogbeat-9.0.1-2025.05.15-000001","-","e9746f08-b281-4bca-8733-b5bd2a724318","DESKTOP-RM6P0RP","02b3b84a-7e01-4bfe-92b1-006b2bf66211","DESKTOP-RM6P0RP",winlogbeat,"9.0.1","8.17.0","created-process",process,4688,"May 15, 2025 @ 18:03:41.139","May 15, 2025 @ 09:04:01.923",event,security,success,"Microsoft-Windows-Security-Auditing",start,"-","-","-","x86_64","DESKTOP-RM6P0RP","012c3c67-1f22-4e7f-b1df-b2e462931de1","fe80::1d50:4ea9:29d5:6c90, 192.168.184.16","00-0C-29-27-55-5F","desktop-rm6p0rp","19045.2006",windows,"10.0.19041.2006 (WinBuild.160101.0800)","Windows 10 Enterprise Evaluation","Windows 10 Enterprise Evaluation",windows,windows,"10.0",information,"A new process has been created.

Creator Subject:
	Security ID:		S-1-5-18
	Account Name:		-
	Account Domain:		-
	Logon ID:		0x3e7

Target Subject:
	Security ID:		S-1-0-0
	Account Name:		-
	Account Domain:		-
	Logon ID:		0x0

Process Information:
	New Process ID:		0x194
	New Process Name:	C:\Windows\System32\setupcl.exe
	Token Elevation Type:	TokenElevationTypeDefault (1)
	Mandatory Label:		S-1-16-16384
	Creator Process ID:	0x14c
	Creator Process Name:	C:\Windows\System32\smss.exe
	Process Command Line:	

Token Elevation Type indicates the type of token that was assigned to the new process in accordance with User Account Control policy.

Type 1 is a full token with no privileges removed or groups disabled.  A full token is only used if User Account Control is disabled or if the user is the built-in Administrator account or a service account.

Type 2 is an elevated token with no privileges removed or groups disabled.  An elevated token is used when User Account Control is enabled and the user chooses to start the program using Run as administrator.  An elevated token is also used when an application is configured to always require administrative privilege or to always require maximum privilege, and the user is a member of the Administrators group.

Type 3 is a limited token with administrative privileges removed and administrative groups disabled.  The limited token is used when User Account Control is enabled, the application does not require administrative privilege, and the user does not choose to start the program using Run as administrator.","C:\Windows\System32\setupcl.exe","C:\Windows\System32\setupcl.exe","setupcl.exe","setupcl.exe","C:\Windows\System32\smss.exe","C:\Windows\System32\smss.exe","smss.exe","smss.exe",332,404,"-","-","_geoip_database_unavailable_GeoLite2-City.mmdb, _geoip_database_unavailable_GeoLite2-ASN.mmdb","-","-","S-1-0-0","-","-","S-1-5-18","-","-","-","-","-","-","-","-","-","-",Security,"WIN-D35FO1AQOB7","-","-","-","-","-","-","-","-","-","-","-","-","-","-","-","-","-","-","-","-","-","-","-","-","-","-","-","-","-","-","-","-","-","-","-","-","-","-","-","-","-","-","-","-","-","-","-","-","-","-","-","-","-","-","-","-","-","-","-","-","-","-","-","-","-","-","-","-","-","-","-","-","-","-","-","-","-","-","S-1-16-16384","-","-","-","-","-","-","-","-","-","-","-","-","-","-","-","-","-","-","-","-","-","-","-","-","-",0x14c,"-","-","-","-","-","-","-","-","-","-","-","-","-","-","-","-","-","-","-","-","-",0x3e7,"-","S-1-5-18","-","-","-","-",0x0,"-","-","-","-","-","-","-","S-1-0-0","-","-","TokenElevationTypeDefault (1)","-","-","-","-","-","-","-","-","-","-","-","-","-","-",4688,"Audit Success",0x3e7,"-",Info,4,288,"{54849625-5478-4994-A5BA-3E3B0328C30D}","Microsoft-Windows-Security-Auditing",6,"Process Creation","-","-","-","-",2
