"May 15, 2025 @ 00:44:21.213",43OK0pYBTOKMfpn69GCu,"-",".ds-winlogbeat-9.0.1-2025.05.15-000001","-","e9746f08-b281-4bca-8733-b5bd2a724318","DESKTOP-RM6P0RP","02b3b84a-7e01-4bfe-92b1-006b2bf66211","DESKTOP-RM6P0RP",winlogbeat,"9.0.1","8.17.0","user-member-enumerated",iam,4799,"May 15, 2025 @ 18:03:41.139","May 15, 2025 @ 09:04:01.986",event,security,success,"Microsoft-Windows-Security-Auditing","group, info",Builtin,"S-1-5-32-545",Users,"x86_64","DESKTOP-RM6P0RP","012c3c67-1f22-4e7f-b1df-b2e462931de1","fe80::1d50:4ea9:29d5:6c90, 192.168.184.16","00-0C-29-27-55-5F","desktop-rm6p0rp","19045.2006",windows,"10.0.19041.2006 (WinBuild.160101.0800)","Windows 10 Enterprise Evaluation","Windows 10 Enterprise Evaluation",windows,windows,"10.0",information,"A security-enabled local group membership was enumerated.

Subject:
	Security ID:		S-1-5-18
	Account Name:		MINWINPC$
	Account Domain:		
	Logon ID:		0x3e7

Group:
	Security ID:		S-1-5-32-545
	Group Name:		Users
	Group Domain:		Builtin

Process Information:
	Process ID:		0x284
	Process Name:		C:\Windows\System32\services.exe","-","-","-","-","-","-","-","-","-","-","MINWINPC$","-","_geoip_database_unavailable_GeoLite2-City.mmdb, _geoip_database_unavailable_GeoLite2-ASN.mmdb","-","-","-","-","-","S-1-5-18","MINWINPC$","MINWINPC$","-","-","-","-","-","-","-","{3E26C153-C519-0000-7BC3-263E19C5DB01}",Security,"WIN-D35FO1AQOB7","-","-","-","-","-","-","-","-","-","-","-","-",0x284,"C:\Windows\System32\services.exe","-","-","-","-","-","-","-","-","-","-","-","-","-","-","-","-","-","-","-","-","-","-","-","-","-","-","-","-","-","-","-","-","-","-","-","-","-","-","-","-","-","-","-","-","-","-","-","-","-","-","-","-","-","-","-","-","-","-","-","-","-","-","-","-","-","-","-","-","-","-","-","-","-","-","-","-","-","-","-","-","-","-","-","-","-","-","-","-","-","-","-","-","-","-","-","-","-","-","-","-","-","-","-","-","-","-","-","-","-","-","-","-",0x3e7,"MINWINPC$","S-1-5-18",Builtin,"-","-","-","-","-","-","-","-","-","S-1-5-32-545",Users,"-","-","-","-","-","-","-","-","-","-","-","-","-","-","-","-","-","-",4799,"Audit Success",0x3e7,"-",Info,664,704,"{54849625-5478-4994-A5BA-3E3B0328C30D}","Microsoft-Windows-Security-Auditing",82,"Security Group Management","-","-","-","-","-"
"May 15, 2025 @ 00:44:21.213",5HOK0pYBTOKMfpn69GCu,"-",".ds-winlogbeat-9.0.1-2025.05.15-000001","-","e9746f08-b281-4bca-8733-b5bd2a724318","DESKTOP-RM6P0RP","02b3b84a-7e01-4bfe-92b1-006b2bf66211","DESKTOP-RM6P0RP",winlogbeat,"9.0.1","8.17.0","added-member-to-group",iam,4732,"May 15, 2025 @ 18:03:41.139","May 15, 2025 @ 09:04:01.986",event,security,success,"Microsoft-Windows-Security-Auditing","group, change",Builtin,"S-1-5-32-545",Users,"x86_64","DESKTOP-RM6P0RP","012c3c67-1f22-4e7f-b1df-b2e462931de1","fe80::1d50:4ea9:29d5:6c90, 192.168.184.16","00-0C-29-27-55-5F","desktop-rm6p0rp","19045.2006",windows,"10.0.19041.2006 (WinBuild.160101.0800)","Windows 10 Enterprise Evaluation","Windows 10 Enterprise Evaluation",windows,windows,"10.0",information,"A member was added to a security-enabled local group.

Subject:
	Security ID:		S-1-5-18
	Account Name:		MINWINPC$
	Account Domain:		
	Logon ID:		0x3e7

Member:
	Security ID:		S-1-5-4
	Account Name:		-

Group:
	Security ID:		S-1-5-32-545
	Group Name:		Users
	Group Domain:		Builtin

Additional Information:
	Privileges:		-","-","-","-","-","-","-","-","-","-","-","-, MINWINPC$","-","_geoip_database_unavailable_GeoLite2-City.mmdb, _geoip_database_unavailable_GeoLite2-ASN.mmdb","-","-","-","-","-","S-1-5-18","MINWINPC$","MINWINPC$","-",Builtin,"S-1-5-32-545",Users,"-","-","-","{3E26C153-C519-0000-7BC3-263E19C5DB01}",Security,"WIN-D35FO1AQOB7","-","-","-","-","-","-","-","-","-","-","-","-","-","-","-","-","-","-","-","-","-","-","-","-","-","-","-","-","-","-","-","-","-","-","-","-","-","-","-","-","-","-","-","-","-","-","-","-","-","-","-","-","-","-","-","-","-","-","-","-","-","-","-","-","-","-","-","-","-","-","-","-","-","-","-","-","-","-","-","-","-","-","S-1-5-4","-","-","-","-","-","-","-","-","-","-","-","-","-","-","-","-","-","-","-","-","-","-","-","-","-","-","-","-","-","-","-","-","-","-","-","-","-","-","-","-","-","-","-",0x3e7,"MINWINPC$","S-1-5-18",Builtin,"-","-","-","-","-","-","-","-","-","S-1-5-32-545",Users,"-","-","-","-","-","-","-","-","-","-","-","-","-","-","-","-","-","-",4732,"Audit Success",0x3e7,"-",Info,664,704,"{54849625-5478-4994-A5BA-3E3B0328C30D}","Microsoft-Windows-Security-Auditing",83,"Security Group Management","-","-","-","-","-"
"May 15, 2025 @ 00:44:21.213",5XOK0pYBTOKMfpn69GCu,"-",".ds-winlogbeat-9.0.1-2025.05.15-000001","-","e9746f08-b281-4bca-8733-b5bd2a724318","DESKTOP-RM6P0RP","02b3b84a-7e01-4bfe-92b1-006b2bf66211","DESKTOP-RM6P0RP",winlogbeat,"9.0.1","8.17.0","added-member-to-group",iam,4732,"May 15, 2025 @ 18:03:41.139","May 15, 2025 @ 09:04:01.986",event,security,success,"Microsoft-Windows-Security-Auditing","group, change",Builtin,"S-1-5-32-545",Users,"x86_64","DESKTOP-RM6P0RP","012c3c67-1f22-4e7f-b1df-b2e462931de1","fe80::1d50:4ea9:29d5:6c90, 192.168.184.16","00-0C-29-27-55-5F","desktop-rm6p0rp","19045.2006",windows,"10.0.19041.2006 (WinBuild.160101.0800)","Windows 10 Enterprise Evaluation","Windows 10 Enterprise Evaluation",windows,windows,"10.0",information,"A member was added to a security-enabled local group.

Subject:
	Security ID:		S-1-5-18
	Account Name:		MINWINPC$
	Account Domain:		
	Logon ID:		0x3e7

Member:
	Security ID:		S-1-5-11
	Account Name:		-

Group:
	Security ID:		S-1-5-32-545
	Group Name:		Users
	Group Domain:		Builtin

Additional Information:
	Privileges:		-","-","-","-","-","-","-","-","-","-","-","-, MINWINPC$","-","_geoip_database_unavailable_GeoLite2-City.mmdb, _geoip_database_unavailable_GeoLite2-ASN.mmdb","-","-","-","-","-","S-1-5-18","MINWINPC$","MINWINPC$","-",Builtin,"S-1-5-32-545",Users,"-","-","-","{3E26C153-C519-0000-7BC3-263E19C5DB01}",Security,"WIN-D35FO1AQOB7","-","-","-","-","-","-","-","-","-","-","-","-","-","-","-","-","-","-","-","-","-","-","-","-","-","-","-","-","-","-","-","-","-","-","-","-","-","-","-","-","-","-","-","-","-","-","-","-","-","-","-","-","-","-","-","-","-","-","-","-","-","-","-","-","-","-","-","-","-","-","-","-","-","-","-","-","-","-","-","-","-","-","S-1-5-11","-","-","-","-","-","-","-","-","-","-","-","-","-","-","-","-","-","-","-","-","-","-","-","-","-","-","-","-","-","-","-","-","-","-","-","-","-","-","-","-","-","-","-",0x3e7,"MINWINPC$","S-1-5-18",Builtin,"-","-","-","-","-","-","-","-","-","S-1-5-32-545",Users,"-","-","-","-","-","-","-","-","-","-","-","-","-","-","-","-","-","-",4732,"Audit Success",0x3e7,"-",Info,664,704,"{54849625-5478-4994-A5BA-3E3B0328C30D}","Microsoft-Windows-Security-Auditing",84,"Security Group Management","-","-","-","-","-"
"May 15, 2025 @ 00:44:21.211",4nOK0pYBTOKMfpn69GCu,"-",".ds-winlogbeat-9.0.1-2025.05.15-000001","-","e9746f08-b281-4bca-8733-b5bd2a724318","DESKTOP-RM6P0RP","02b3b84a-7e01-4bfe-92b1-006b2bf66211","DESKTOP-RM6P0RP",winlogbeat,"9.0.1","8.17.0","system-security-access-granted","iam, configuration",4717,"May 15, 2025 @ 18:03:41.139","May 15, 2025 @ 09:04:01.986",event,security,success,"Microsoft-Windows-Security-Auditing","admin, change","-","-","-","x86_64","DESKTOP-RM6P0RP","012c3c67-1f22-4e7f-b1df-b2e462931de1","fe80::1d50:4ea9:29d5:6c90, 192.168.184.16","00-0C-29-27-55-5F","desktop-rm6p0rp","19045.2006",windows,"10.0.19041.2006 (WinBuild.160101.0800)","Windows 10 Enterprise Evaluation","Windows 10 Enterprise Evaluation",windows,windows,"10.0",information,"System security access was granted to an account.

Subject:
	Security ID:		S-1-5-18
	Account Name:		MINWINPC$
	Account Domain:		
	Logon ID:		0x3e7

Account Modified:
	Account Name:		S-1-5-80-0

Access Granted:
	Access Right:		SeServiceLogonRight","-","-","-","-","-","-","-","-","-","-","MINWINPC$","-","_geoip_database_unavailable_GeoLite2-City.mmdb, _geoip_database_unavailable_GeoLite2-ASN.mmdb","-","-","-","-","-","S-1-5-18","MINWINPC$","MINWINPC$","-","-","-","-","-","-","-","{3E26C153-C519-0000-7BC3-263E19C5DB01}",Security,"WIN-D35FO1AQOB7",SeServiceLogonRight,"-","-","-","-","-","-","-","-","-","-","-","-","-","-","-","-","-","-","-","-","-","-","-","-","-","-","-","-","-","-","-","-","-","-","-","-","-","-","-","-","-","-","-","-","-","-","-","-","-","-","-","-","-","-","-","-","-","-","-","-","-","-","-","-","-","-","-","-","-","-","-","-","-","-","-","-","-","-","-","-","-","-","-","-","-","-","-","-","-","-","-","-","-","-","-","-","-","-","-","-","-","-","-","-","-","-","-","-","-","-","-","-","-","-","-","-","-","-","-","-","-","-","-","-","-",0x3e7,"MINWINPC$","S-1-5-18","-","-","-","-","-","-","-","-","-","-","S-1-5-80-0","-","-","-","-","-","-","-","-","-","-","-","-","-","-","-","-","-","-","-",4717,"Audit Success",0x3e7,"-",Info,664,704,"{54849625-5478-4994-A5BA-3E3B0328C30D}","Microsoft-Windows-Security-Auditing",81,"Authentication Policy Change","-","-","-","-","-"
"May 15, 2025 @ 00:44:21.210",4XOK0pYBTOKMfpn69GCu,"-",".ds-winlogbeat-9.0.1-2025.05.15-000001","-","e9746f08-b281-4bca-8733-b5bd2a724318","DESKTOP-RM6P0RP","02b3b84a-7e01-4bfe-92b1-006b2bf66211","DESKTOP-RM6P0RP",winlogbeat,"9.0.1","8.17.0","system-security-access-granted","iam, configuration",4717,"May 15, 2025 @ 18:03:41.139","May 15, 2025 @ 09:04:01.985",event,security,success,"Microsoft-Windows-Security-Auditing","admin, change","-","-","-","x86_64","DESKTOP-RM6P0RP","012c3c67-1f22-4e7f-b1df-b2e462931de1","fe80::1d50:4ea9:29d5:6c90, 192.168.184.16","00-0C-29-27-55-5F","desktop-rm6p0rp","19045.2006",windows,"10.0.19041.2006 (WinBuild.160101.0800)","Windows 10 Enterprise Evaluation","Windows 10 Enterprise Evaluation",windows,windows,"10.0",information,"System security access was granted to an account.

Subject:
	Security ID:		S-1-5-18
	Account Name:		MINWINPC$
	Account Domain:		
	Logon ID:		0x3e7

Account Modified:
	Account Name:		S-1-5-32-555

Access Granted:
	Access Right:		SeRemoteInteractiveLogonRight","-","-","-","-","-","-","-","-","-","-","MINWINPC$","-","_geoip_database_unavailable_GeoLite2-City.mmdb, _geoip_database_unavailable_GeoLite2-ASN.mmdb","-","-","-","-","-","S-1-5-18","MINWINPC$","MINWINPC$","-","-","-","-","-","-","-","{3E26C153-C519-0000-7BC3-263E19C5DB01}",Security,"WIN-D35FO1AQOB7",SeRemoteInteractiveLogonRight,"-","-","-","-","-","-","-","-","-","-","-","-","-","-","-","-","-","-","-","-","-","-","-","-","-","-","-","-","-","-","-","-","-","-","-","-","-","-","-","-","-","-","-","-","-","-","-","-","-","-","-","-","-","-","-","-","-","-","-","-","-","-","-","-","-","-","-","-","-","-","-","-","-","-","-","-","-","-","-","-","-","-","-","-","-","-","-","-","-","-","-","-","-","-","-","-","-","-","-","-","-","-","-","-","-","-","-","-","-","-","-","-","-","-","-","-","-","-","-","-","-","-","-","-","-",0x3e7,"MINWINPC$","S-1-5-18","-","-","-","-","-","-","-","-","-","-","S-1-5-32-555","-","-","-","-","-","-","-","-","-","-","-","-","-","-","-","-","-","-","-",4717,"Audit Success",0x3e7,"-",Info,664,704,"{54849625-5478-4994-A5BA-3E3B0328C30D}","Microsoft-Windows-Security-Auditing",80,"Authentication Policy Change","-","-","-","-","-"
"May 15, 2025 @ 00:44:21.209",4HOK0pYBTOKMfpn69GCu,"-",".ds-winlogbeat-9.0.1-2025.05.15-000001","-","e9746f08-b281-4bca-8733-b5bd2a724318","DESKTOP-RM6P0RP","02b3b84a-7e01-4bfe-92b1-006b2bf66211","DESKTOP-RM6P0RP",winlogbeat,"9.0.1","8.17.0","system-security-access-removed","iam, configuration",4718,"May 15, 2025 @ 18:03:41.139","May 15, 2025 @ 09:04:01.985",event,security,success,"Microsoft-Windows-Security-Auditing","admin, deletion","-","-","-","x86_64","DESKTOP-RM6P0RP","012c3c67-1f22-4e7f-b1df-b2e462931de1","fe80::1d50:4ea9:29d5:6c90, 192.168.184.16","00-0C-29-27-55-5F","desktop-rm6p0rp","19045.2006",windows,"10.0.19041.2006 (WinBuild.160101.0800)","Windows 10 Enterprise Evaluation","Windows 10 Enterprise Evaluation",windows,windows,"10.0",information,"System security access was removed from an account.

Subject:
	Security ID:		S-1-5-18
	Account Name:		MINWINPC$
	Account Domain:		
	Logon ID:		0x3e7

Account Modified:
	Account Name:		S-1-5-90-0

Access Removed:
	Access Right:		SeInteractiveLogonRight","-","-","-","-","-","-","-","-","-","-","MINWINPC$","-","_geoip_database_unavailable_GeoLite2-City.mmdb, _geoip_database_unavailable_GeoLite2-ASN.mmdb","-","-","-","-","-","S-1-5-18","MINWINPC$","MINWINPC$","-","-","-","-","-","-","-","{3E26C153-C519-0000-7BC3-263E19C5DB01}",Security,"WIN-D35FO1AQOB7","-",SeInteractiveLogonRight,"-","-","-","-","-","-","-","-","-","-","-","-","-","-","-","-","-","-","-","-","-","-","-","-","-","-","-","-","-","-","-","-","-","-","-","-","-","-","-","-","-","-","-","-","-","-","-","-","-","-","-","-","-","-","-","-","-","-","-","-","-","-","-","-","-","-","-","-","-","-","-","-","-","-","-","-","-","-","-","-","-","-","-","-","-","-","-","-","-","-","-","-","-","-","-","-","-","-","-","-","-","-","-","-","-","-","-","-","-","-","-","-","-","-","-","-","-","-","-","-","-","-","-","-",0x3e7,"MINWINPC$","S-1-5-18","-","-","-","-","-","-","-","-","-","-","S-1-5-90-0","-","-","-","-","-","-","-","-","-","-","-","-","-","-","-","-","-","-","-",4718,"Audit Success",0x3e7,"-",Info,664,704,"{54849625-5478-4994-A5BA-3E3B0328C30D}","Microsoft-Windows-Security-Auditing",79,"Authentication Policy Change","-","-","-","-","-"
"May 15, 2025 @ 00:44:21.208",3XOK0pYBTOKMfpn69GCu,"-",".ds-winlogbeat-9.0.1-2025.05.15-000001","-","e9746f08-b281-4bca-8733-b5bd2a724318","DESKTOP-RM6P0RP","02b3b84a-7e01-4bfe-92b1-006b2bf66211","DESKTOP-RM6P0RP",winlogbeat,"9.0.1","8.17.0","system-security-access-granted","iam, configuration",4717,"May 15, 2025 @ 18:03:41.139","May 15, 2025 @ 09:04:01.985",event,security,success,"Microsoft-Windows-Security-Auditing","admin, change","-","-","-","x86_64","DESKTOP-RM6P0RP","012c3c67-1f22-4e7f-b1df-b2e462931de1","fe80::1d50:4ea9:29d5:6c90, 192.168.184.16","00-0C-29-27-55-5F","desktop-rm6p0rp","19045.2006",windows,"10.0.19041.2006 (WinBuild.160101.0800)","Windows 10 Enterprise Evaluation","Windows 10 Enterprise Evaluation",windows,windows,"10.0",information,"System security access was granted to an account.

Subject:
	Security ID:		S-1-5-18
	Account Name:		MINWINPC$
	Account Domain:		
	Logon ID:		0x3e7

Account Modified:
	Account Name:		S-1-5-21-3658367404-211227875-164286027-501

Access Granted:
	Access Right:		SeInteractiveLogonRight","-","-","-","-","-","-","-","-","-","-","MINWINPC$","-","_geoip_database_unavailable_GeoLite2-City.mmdb, _geoip_database_unavailable_GeoLite2-ASN.mmdb","-","-","-","-","-","S-1-5-18","MINWINPC$","MINWINPC$","-","-","-","-","-","-","-","{3E26C153-C519-0000-7BC3-263E19C5DB01}",Security,"WIN-D35FO1AQOB7",SeInteractiveLogonRight,"-","-","-","-","-","-","-","-","-","-","-","-","-","-","-","-","-","-","-","-","-","-","-","-","-","-","-","-","-","-","-","-","-","-","-","-","-","-","-","-","-","-","-","-","-","-","-","-","-","-","-","-","-","-","-","-","-","-","-","-","-","-","-","-","-","-","-","-","-","-","-","-","-","-","-","-","-","-","-","-","-","-","-","-","-","-","-","-","-","-","-","-","-","-","-","-","-","-","-","-","-","-","-","-","-","-","-","-","-","-","-","-","-","-","-","-","-","-","-","-","-","-","-","-","-",0x3e7,"MINWINPC$","S-1-5-18","-","-","-","-","-","-","-","-","-","-","S-1-5-21-3658367404-211227875-164286027-501","-","-","-","-","-","-","-","-","-","-","-","-","-","-","-","-","-","-","-",4717,"Audit Success",0x3e7,"-",Info,664,704,"{54849625-5478-4994-A5BA-3E3B0328C30D}","Microsoft-Windows-Security-Auditing",76,"Authentication Policy Change","-","-","-","-","-"
"May 15, 2025 @ 00:44:21.208",3nOK0pYBTOKMfpn69GCu,"-",".ds-winlogbeat-9.0.1-2025.05.15-000001","-","e9746f08-b281-4bca-8733-b5bd2a724318","DESKTOP-RM6P0RP","02b3b84a-7e01-4bfe-92b1-006b2bf66211","DESKTOP-RM6P0RP",winlogbeat,"9.0.1","8.17.0","system-security-access-granted","iam, configuration",4717,"May 15, 2025 @ 18:03:41.139","May 15, 2025 @ 09:04:01.985",event,security,success,"Microsoft-Windows-Security-Auditing","admin, change","-","-","-","x86_64","DESKTOP-RM6P0RP","012c3c67-1f22-4e7f-b1df-b2e462931de1","fe80::1d50:4ea9:29d5:6c90, 192.168.184.16","00-0C-29-27-55-5F","desktop-rm6p0rp","19045.2006",windows,"10.0.19041.2006 (WinBuild.160101.0800)","Windows 10 Enterprise Evaluation","Windows 10 Enterprise Evaluation",windows,windows,"10.0",information,"System security access was granted to an account.

Subject:
	Security ID:		S-1-5-18
	Account Name:		MINWINPC$
	Account Domain:		
	Logon ID:		0x3e7

Account Modified:
	Account Name:		S-1-5-21-3658367404-211227875-164286027-501

Access Granted:
	Access Right:		SeDenyInteractiveLogonRight","-","-","-","-","-","-","-","-","-","-","MINWINPC$","-","_geoip_database_unavailable_GeoLite2-City.mmdb, _geoip_database_unavailable_GeoLite2-ASN.mmdb","-","-","-","-","-","S-1-5-18","MINWINPC$","MINWINPC$","-","-","-","-","-","-","-","{3E26C153-C519-0000-7BC3-263E19C5DB01}",Security,"WIN-D35FO1AQOB7",SeDenyInteractiveLogonRight,"-","-","-","-","-","-","-","-","-","-","-","-","-","-","-","-","-","-","-","-","-","-","-","-","-","-","-","-","-","-","-","-","-","-","-","-","-","-","-","-","-","-","-","-","-","-","-","-","-","-","-","-","-","-","-","-","-","-","-","-","-","-","-","-","-","-","-","-","-","-","-","-","-","-","-","-","-","-","-","-","-","-","-","-","-","-","-","-","-","-","-","-","-","-","-","-","-","-","-","-","-","-","-","-","-","-","-","-","-","-","-","-","-","-","-","-","-","-","-","-","-","-","-","-","-",0x3e7,"MINWINPC$","S-1-5-18","-","-","-","-","-","-","-","-","-","-","S-1-5-21-3658367404-211227875-164286027-501","-","-","-","-","-","-","-","-","-","-","-","-","-","-","-","-","-","-","-",4717,"Audit Success",0x3e7,"-",Info,664,704,"{54849625-5478-4994-A5BA-3E3B0328C30D}","Microsoft-Windows-Security-Auditing",77,"Authentication Policy Change","-","-","-","-","-"
"May 15, 2025 @ 00:44:21.208",33OK0pYBTOKMfpn69GCu,"-",".ds-winlogbeat-9.0.1-2025.05.15-000001","-","e9746f08-b281-4bca-8733-b5bd2a724318","DESKTOP-RM6P0RP","02b3b84a-7e01-4bfe-92b1-006b2bf66211","DESKTOP-RM6P0RP",winlogbeat,"9.0.1","8.17.0","system-security-access-granted","iam, configuration",4717,"May 15, 2025 @ 18:03:41.139","May 15, 2025 @ 09:04:01.985",event,security,success,"Microsoft-Windows-Security-Auditing","admin, change","-","-","-","x86_64","DESKTOP-RM6P0RP","012c3c67-1f22-4e7f-b1df-b2e462931de1","fe80::1d50:4ea9:29d5:6c90, 192.168.184.16","00-0C-29-27-55-5F","desktop-rm6p0rp","19045.2006",windows,"10.0.19041.2006 (WinBuild.160101.0800)","Windows 10 Enterprise Evaluation","Windows 10 Enterprise Evaluation",windows,windows,"10.0",information,"System security access was granted to an account.

Subject:
	Security ID:		S-1-5-18
	Account Name:		MINWINPC$
	Account Domain:		
	Logon ID:		0x3e7

Account Modified:
	Account Name:		S-1-5-21-3658367404-211227875-164286027-501

Access Granted:
	Access Right:		SeDenyNetworkLogonRight","-","-","-","-","-","-","-","-","-","-","MINWINPC$","-","_geoip_database_unavailable_GeoLite2-City.mmdb, _geoip_database_unavailable_GeoLite2-ASN.mmdb","-","-","-","-","-","S-1-5-18","MINWINPC$","MINWINPC$","-","-","-","-","-","-","-","{3E26C153-C519-0000-7BC3-263E19C5DB01}",Security,"WIN-D35FO1AQOB7",SeDenyNetworkLogonRight,"-","-","-","-","-","-","-","-","-","-","-","-","-","-","-","-","-","-","-","-","-","-","-","-","-","-","-","-","-","-","-","-","-","-","-","-","-","-","-","-","-","-","-","-","-","-","-","-","-","-","-","-","-","-","-","-","-","-","-","-","-","-","-","-","-","-","-","-","-","-","-","-","-","-","-","-","-","-","-","-","-","-","-","-","-","-","-","-","-","-","-","-","-","-","-","-","-","-","-","-","-","-","-","-","-","-","-","-","-","-","-","-","-","-","-","-","-","-","-","-","-","-","-","-","-",0x3e7,"MINWINPC$","S-1-5-18","-","-","-","-","-","-","-","-","-","-","S-1-5-21-3658367404-211227875-164286027-501","-","-","-","-","-","-","-","-","-","-","-","-","-","-","-","-","-","-","-",4717,"Audit Success",0x3e7,"-",Info,664,704,"{54849625-5478-4994-A5BA-3E3B0328C30D}","Microsoft-Windows-Security-Auditing",78,"Authentication Policy Change","-","-","-","-","-"
"May 15, 2025 @ 00:44:21.206",23OK0pYBTOKMfpn69GCu,"-",".ds-winlogbeat-9.0.1-2025.05.15-000001","-","e9746f08-b281-4bca-8733-b5bd2a724318","DESKTOP-RM6P0RP","02b3b84a-7e01-4bfe-92b1-006b2bf66211","DESKTOP-RM6P0RP",winlogbeat,"9.0.1","8.17.0","system-security-access-removed","iam, configuration",4718,"May 15, 2025 @ 18:03:41.139","May 15, 2025 @ 09:04:01.980",event,security,success,"Microsoft-Windows-Security-Auditing","admin, deletion","-","-","-","x86_64","DESKTOP-RM6P0RP","012c3c67-1f22-4e7f-b1df-b2e462931de1","fe80::1d50:4ea9:29d5:6c90, 192.168.184.16","00-0C-29-27-55-5F","desktop-rm6p0rp","19045.2006",windows,"10.0.19041.2006 (WinBuild.160101.0800)","Windows 10 Enterprise Evaluation","Windows 10 Enterprise Evaluation",windows,windows,"10.0",information,"System security access was removed from an account.

Subject:
	Security ID:		S-1-5-18
	Account Name:		MINWINPC$
	Account Domain:		
	Logon ID:		0x3e7

Account Modified:
	Account Name:		S-1-1-0

Access Removed:
	Access Right:		SeInteractiveLogonRight","-","-","-","-","-","-","-","-","-","-","MINWINPC$","-","_geoip_database_unavailable_GeoLite2-City.mmdb, _geoip_database_unavailable_GeoLite2-ASN.mmdb","-","-","-","-","-","S-1-5-18","MINWINPC$","MINWINPC$","-","-","-","-","-","-","-","{3E26C153-C519-0000-7BC3-263E19C5DB01}",Security,"WIN-D35FO1AQOB7","-",SeInteractiveLogonRight,"-","-","-","-","-","-","-","-","-","-","-","-","-","-","-","-","-","-","-","-","-","-","-","-","-","-","-","-","-","-","-","-","-","-","-","-","-","-","-","-","-","-","-","-","-","-","-","-","-","-","-","-","-","-","-","-","-","-","-","-","-","-","-","-","-","-","-","-","-","-","-","-","-","-","-","-","-","-","-","-","-","-","-","-","-","-","-","-","-","-","-","-","-","-","-","-","-","-","-","-","-","-","-","-","-","-","-","-","-","-","-","-","-","-","-","-","-","-","-","-","-","-","-","-",0x3e7,"MINWINPC$","S-1-5-18","-","-","-","-","-","-","-","-","-","-","S-1-1-0","-","-","-","-","-","-","-","-","-","-","-","-","-","-","-","-","-","-","-",4718,"Audit Success",0x3e7,"-",Info,664,704,"{54849625-5478-4994-A5BA-3E3B0328C30D}","Microsoft-Windows-Security-Auditing",74,"Authentication Policy Change","-","-","-","-","-"
"May 15, 2025 @ 00:44:21.206",3HOK0pYBTOKMfpn69GCu,"-",".ds-winlogbeat-9.0.1-2025.05.15-000001","-","e9746f08-b281-4bca-8733-b5bd2a724318","DESKTOP-RM6P0RP","02b3b84a-7e01-4bfe-92b1-006b2bf66211","DESKTOP-RM6P0RP",winlogbeat,"9.0.1","8.17.0","system-security-access-removed","iam, configuration",4718,"May 15, 2025 @ 18:03:41.139","May 15, 2025 @ 09:04:01.984",event,security,success,"Microsoft-Windows-Security-Auditing","admin, deletion","-","-","-","x86_64","DESKTOP-RM6P0RP","012c3c67-1f22-4e7f-b1df-b2e462931de1","fe80::1d50:4ea9:29d5:6c90, 192.168.184.16","00-0C-29-27-55-5F","desktop-rm6p0rp","19045.2006",windows,"10.0.19041.2006 (WinBuild.160101.0800)","Windows 10 Enterprise Evaluation","Windows 10 Enterprise Evaluation",windows,windows,"10.0",information,"System security access was removed from an account.

Subject:
	Security ID:		S-1-5-18
	Account Name:		MINWINPC$
	Account Domain:		
	Logon ID:		0x3e7

Account Modified:
	Account Name:		S-1-1-0

Access Removed:
	Access Right:		SeRemoteInteractiveLogonRight","-","-","-","-","-","-","-","-","-","-","MINWINPC$","-","_geoip_database_unavailable_GeoLite2-City.mmdb, _geoip_database_unavailable_GeoLite2-ASN.mmdb","-","-","-","-","-","S-1-5-18","MINWINPC$","MINWINPC$","-","-","-","-","-","-","-","{3E26C153-C519-0000-7BC3-263E19C5DB01}",Security,"WIN-D35FO1AQOB7","-",SeRemoteInteractiveLogonRight,"-","-","-","-","-","-","-","-","-","-","-","-","-","-","-","-","-","-","-","-","-","-","-","-","-","-","-","-","-","-","-","-","-","-","-","-","-","-","-","-","-","-","-","-","-","-","-","-","-","-","-","-","-","-","-","-","-","-","-","-","-","-","-","-","-","-","-","-","-","-","-","-","-","-","-","-","-","-","-","-","-","-","-","-","-","-","-","-","-","-","-","-","-","-","-","-","-","-","-","-","-","-","-","-","-","-","-","-","-","-","-","-","-","-","-","-","-","-","-","-","-","-","-","-",0x3e7,"MINWINPC$","S-1-5-18","-","-","-","-","-","-","-","-","-","-","S-1-1-0","-","-","-","-","-","-","-","-","-","-","-","-","-","-","-","-","-","-","-",4718,"Audit Success",0x3e7,"-",Info,664,704,"{54849625-5478-4994-A5BA-3E3B0328C30D}","Microsoft-Windows-Security-Auditing",75,"Authentication Policy Change","-","-","-","-","-"
"May 15, 2025 @ 00:44:21.205",2nOK0pYBTOKMfpn69GCu,"-",".ds-winlogbeat-9.0.1-2025.05.15-000001","-","e9746f08-b281-4bca-8733-b5bd2a724318","DESKTOP-RM6P0RP","02b3b84a-7e01-4bfe-92b1-006b2bf66211","DESKTOP-RM6P0RP",winlogbeat,"9.0.1","8.17.0","system-security-access-granted","iam, configuration",4717,"May 15, 2025 @ 18:03:41.139","May 15, 2025 @ 09:04:01.980",event,security,success,"Microsoft-Windows-Security-Auditing","admin, change","-","-","-","x86_64","DESKTOP-RM6P0RP","012c3c67-1f22-4e7f-b1df-b2e462931de1","fe80::1d50:4ea9:29d5:6c90, 192.168.184.16","00-0C-29-27-55-5F","desktop-rm6p0rp","19045.2006",windows,"10.0.19041.2006 (WinBuild.160101.0800)","Windows 10 Enterprise Evaluation","Windows 10 Enterprise Evaluation",windows,windows,"10.0",information,"System security access was granted to an account.

Subject:
	Security ID:		S-1-5-18
	Account Name:		MINWINPC$
	Account Domain:		
	Logon ID:		0x3e7

Account Modified:
	Account Name:		S-1-5-32-559

Access Granted:
	Access Right:		SeBatchLogonRight","-","-","-","-","-","-","-","-","-","-","MINWINPC$","-","_geoip_database_unavailable_GeoLite2-City.mmdb, _geoip_database_unavailable_GeoLite2-ASN.mmdb","-","-","-","-","-","S-1-5-18","MINWINPC$","MINWINPC$","-","-","-","-","-","-","-","{3E26C153-C519-0000-7BC3-263E19C5DB01}",Security,"WIN-D35FO1AQOB7",SeBatchLogonRight,"-","-","-","-","-","-","-","-","-","-","-","-","-","-","-","-","-","-","-","-","-","-","-","-","-","-","-","-","-","-","-","-","-","-","-","-","-","-","-","-","-","-","-","-","-","-","-","-","-","-","-","-","-","-","-","-","-","-","-","-","-","-","-","-","-","-","-","-","-","-","-","-","-","-","-","-","-","-","-","-","-","-","-","-","-","-","-","-","-","-","-","-","-","-","-","-","-","-","-","-","-","-","-","-","-","-","-","-","-","-","-","-","-","-","-","-","-","-","-","-","-","-","-","-","-",0x3e7,"MINWINPC$","S-1-5-18","-","-","-","-","-","-","-","-","-","-","S-1-5-32-559","-","-","-","-","-","-","-","-","-","-","-","-","-","-","-","-","-","-","-",4717,"Audit Success",0x3e7,"-",Info,664,704,"{54849625-5478-4994-A5BA-3E3B0328C30D}","Microsoft-Windows-Security-Auditing",73,"Authentication Policy Change","-","-","-","-","-"
"May 15, 2025 @ 00:44:21.203",2HOK0pYBTOKMfpn69GCu,"-",".ds-winlogbeat-9.0.1-2025.05.15-000001","-","e9746f08-b281-4bca-8733-b5bd2a724318","DESKTOP-RM6P0RP","02b3b84a-7e01-4bfe-92b1-006b2bf66211","DESKTOP-RM6P0RP",winlogbeat,"9.0.1","8.17.0","system-security-access-granted","iam, configuration",4717,"May 15, 2025 @ 18:03:41.139","May 15, 2025 @ 09:04:01.980",event,security,success,"Microsoft-Windows-Security-Auditing","admin, change","-","-","-","x86_64","DESKTOP-RM6P0RP","012c3c67-1f22-4e7f-b1df-b2e462931de1","fe80::1d50:4ea9:29d5:6c90, 192.168.184.16","00-0C-29-27-55-5F","desktop-rm6p0rp","19045.2006",windows,"10.0.19041.2006 (WinBuild.160101.0800)","Windows 10 Enterprise Evaluation","Windows 10 Enterprise Evaluation",windows,windows,"10.0",information,"System security access was granted to an account.

Subject:
	Security ID:		S-1-5-18
	Account Name:		MINWINPC$
	Account Domain:		
	Logon ID:		0x3e7

Account Modified:
	Account Name:		S-1-5-32-551

Access Granted:
	Access Right:		SeNetworkLogonRight","-","-","-","-","-","-","-","-","-","-","MINWINPC$","-","_geoip_database_unavailable_GeoLite2-City.mmdb, _geoip_database_unavailable_GeoLite2-ASN.mmdb","-","-","-","-","-","S-1-5-18","MINWINPC$","MINWINPC$","-","-","-","-","-","-","-","{3E26C153-C519-0000-7BC3-263E19C5DB01}",Security,"WIN-D35FO1AQOB7",SeNetworkLogonRight,"-","-","-","-","-","-","-","-","-","-","-","-","-","-","-","-","-","-","-","-","-","-","-","-","-","-","-","-","-","-","-","-","-","-","-","-","-","-","-","-","-","-","-","-","-","-","-","-","-","-","-","-","-","-","-","-","-","-","-","-","-","-","-","-","-","-","-","-","-","-","-","-","-","-","-","-","-","-","-","-","-","-","-","-","-","-","-","-","-","-","-","-","-","-","-","-","-","-","-","-","-","-","-","-","-","-","-","-","-","-","-","-","-","-","-","-","-","-","-","-","-","-","-","-","-",0x3e7,"MINWINPC$","S-1-5-18","-","-","-","-","-","-","-","-","-","-","S-1-5-32-551","-","-","-","-","-","-","-","-","-","-","-","-","-","-","-","-","-","-","-",4717,"Audit Success",0x3e7,"-",Info,664,704,"{54849625-5478-4994-A5BA-3E3B0328C30D}","Microsoft-Windows-Security-Auditing",71,"Authentication Policy Change","-","-","-","-","-"
"May 15, 2025 @ 00:44:21.203",2XOK0pYBTOKMfpn69GCu,"-",".ds-winlogbeat-9.0.1-2025.05.15-000001","-","e9746f08-b281-4bca-8733-b5bd2a724318","DESKTOP-RM6P0RP","02b3b84a-7e01-4bfe-92b1-006b2bf66211","DESKTOP-RM6P0RP",winlogbeat,"9.0.1","8.17.0","system-security-access-granted","iam, configuration",4717,"May 15, 2025 @ 18:03:41.139","May 15, 2025 @ 09:04:01.980",event,security,success,"Microsoft-Windows-Security-Auditing","admin, change","-","-","-","x86_64","DESKTOP-RM6P0RP","012c3c67-1f22-4e7f-b1df-b2e462931de1","fe80::1d50:4ea9:29d5:6c90, 192.168.184.16","00-0C-29-27-55-5F","desktop-rm6p0rp","19045.2006",windows,"10.0.19041.2006 (WinBuild.160101.0800)","Windows 10 Enterprise Evaluation","Windows 10 Enterprise Evaluation",windows,windows,"10.0",information,"System security access was granted to an account.

Subject:
	Security ID:		S-1-5-18
	Account Name:		MINWINPC$
	Account Domain:		
	Logon ID:		0x3e7

Account Modified:
	Account Name:		S-1-5-32-551

Access Granted:
	Access Right:		SeBatchLogonRight","-","-","-","-","-","-","-","-","-","-","MINWINPC$","-","_geoip_database_unavailable_GeoLite2-City.mmdb, _geoip_database_unavailable_GeoLite2-ASN.mmdb","-","-","-","-","-","S-1-5-18","MINWINPC$","MINWINPC$","-","-","-","-","-","-","-","{3E26C153-C519-0000-7BC3-263E19C5DB01}",Security,"WIN-D35FO1AQOB7",SeBatchLogonRight,"-","-","-","-","-","-","-","-","-","-","-","-","-","-","-","-","-","-","-","-","-","-","-","-","-","-","-","-","-","-","-","-","-","-","-","-","-","-","-","-","-","-","-","-","-","-","-","-","-","-","-","-","-","-","-","-","-","-","-","-","-","-","-","-","-","-","-","-","-","-","-","-","-","-","-","-","-","-","-","-","-","-","-","-","-","-","-","-","-","-","-","-","-","-","-","-","-","-","-","-","-","-","-","-","-","-","-","-","-","-","-","-","-","-","-","-","-","-","-","-","-","-","-","-","-",0x3e7,"MINWINPC$","S-1-5-18","-","-","-","-","-","-","-","-","-","-","S-1-5-32-551","-","-","-","-","-","-","-","-","-","-","-","-","-","-","-","-","-","-","-",4717,"Audit Success",0x3e7,"-",Info,664,704,"{54849625-5478-4994-A5BA-3E3B0328C30D}","Microsoft-Windows-Security-Auditing",72,"Authentication Policy Change","-","-","-","-","-"
"May 15, 2025 @ 00:44:21.202",13OK0pYBTOKMfpn69GCu,"-",".ds-winlogbeat-9.0.1-2025.05.15-000001","-","e9746f08-b281-4bca-8733-b5bd2a724318","DESKTOP-RM6P0RP","02b3b84a-7e01-4bfe-92b1-006b2bf66211","DESKTOP-RM6P0RP",winlogbeat,"9.0.1","8.17.0","system-security-access-granted","iam, configuration",4717,"May 15, 2025 @ 18:03:41.139","May 15, 2025 @ 09:04:01.980",event,security,success,"Microsoft-Windows-Security-Auditing","admin, change","-","-","-","x86_64","DESKTOP-RM6P0RP","012c3c67-1f22-4e7f-b1df-b2e462931de1","fe80::1d50:4ea9:29d5:6c90, 192.168.184.16","00-0C-29-27-55-5F","desktop-rm6p0rp","19045.2006",windows,"10.0.19041.2006 (WinBuild.160101.0800)","Windows 10 Enterprise Evaluation","Windows 10 Enterprise Evaluation",windows,windows,"10.0",information,"System security access was granted to an account.

Subject:
	Security ID:		S-1-5-18
	Account Name:		MINWINPC$
	Account Domain:		
	Logon ID:		0x3e7

Account Modified:
	Account Name:		S-1-5-32-544

Access Granted:
	Access Right:		SeRemoteInteractiveLogonRight","-","-","-","-","-","-","-","-","-","-","MINWINPC$","-","_geoip_database_unavailable_GeoLite2-City.mmdb, _geoip_database_unavailable_GeoLite2-ASN.mmdb","-","-","-","-","-","S-1-5-18","MINWINPC$","MINWINPC$","-","-","-","-","-","-","-","{3E26C153-C519-0000-7BC3-263E19C5DB01}",Security,"WIN-D35FO1AQOB7",SeRemoteInteractiveLogonRight,"-","-","-","-","-","-","-","-","-","-","-","-","-","-","-","-","-","-","-","-","-","-","-","-","-","-","-","-","-","-","-","-","-","-","-","-","-","-","-","-","-","-","-","-","-","-","-","-","-","-","-","-","-","-","-","-","-","-","-","-","-","-","-","-","-","-","-","-","-","-","-","-","-","-","-","-","-","-","-","-","-","-","-","-","-","-","-","-","-","-","-","-","-","-","-","-","-","-","-","-","-","-","-","-","-","-","-","-","-","-","-","-","-","-","-","-","-","-","-","-","-","-","-","-","-",0x3e7,"MINWINPC$","S-1-5-18","-","-","-","-","-","-","-","-","-","-","S-1-5-32-544","-","-","-","-","-","-","-","-","-","-","-","-","-","-","-","-","-","-","-",4717,"Audit Success",0x3e7,"-",Info,664,704,"{54849625-5478-4994-A5BA-3E3B0328C30D}","Microsoft-Windows-Security-Auditing",70,"Authentication Policy Change","-","-","-","-","-"
"May 15, 2025 @ 00:44:21.199",1nOK0pYBTOKMfpn69GCu,"-",".ds-winlogbeat-9.0.1-2025.05.15-000001","-","e9746f08-b281-4bca-8733-b5bd2a724318","DESKTOP-RM6P0RP","02b3b84a-7e01-4bfe-92b1-006b2bf66211","DESKTOP-RM6P0RP",winlogbeat,"9.0.1","8.17.0","system-security-access-removed","iam, configuration",4718,"May 15, 2025 @ 18:03:41.139","May 15, 2025 @ 09:04:01.980",event,security,success,"Microsoft-Windows-Security-Auditing","admin, deletion","-","-","-","x86_64","DESKTOP-RM6P0RP","012c3c67-1f22-4e7f-b1df-b2e462931de1","fe80::1d50:4ea9:29d5:6c90, 192.168.184.16","00-0C-29-27-55-5F","desktop-rm6p0rp","19045.2006",windows,"10.0.19041.2006 (WinBuild.160101.0800)","Windows 10 Enterprise Evaluation","Windows 10 Enterprise Evaluation",windows,windows,"10.0",information,"System security access was removed from an account.

Subject:
	Security ID:		S-1-5-18
	Account Name:		MINWINPC$
	Account Domain:		
	Logon ID:		0x3e7

Account Modified:
	Account Name:		S-1-5-80-3169285310-278349998-1452333686-3865143136-4212226833

Access Removed:
	Access Right:		SeServiceLogonRight","-","-","-","-","-","-","-","-","-","-","MINWINPC$","-","_geoip_database_unavailable_GeoLite2-City.mmdb, _geoip_database_unavailable_GeoLite2-ASN.mmdb","-","-","-","-","-","S-1-5-18","MINWINPC$","MINWINPC$","-","-","-","-","-","-","-","{3E26C153-C519-0000-7BC3-263E19C5DB01}",Security,"WIN-D35FO1AQOB7","-",SeServiceLogonRight,"-","-","-","-","-","-","-","-","-","-","-","-","-","-","-","-","-","-","-","-","-","-","-","-","-","-","-","-","-","-","-","-","-","-","-","-","-","-","-","-","-","-","-","-","-","-","-","-","-","-","-","-","-","-","-","-","-","-","-","-","-","-","-","-","-","-","-","-","-","-","-","-","-","-","-","-","-","-","-","-","-","-","-","-","-","-","-","-","-","-","-","-","-","-","-","-","-","-","-","-","-","-","-","-","-","-","-","-","-","-","-","-","-","-","-","-","-","-","-","-","-","-","-","-",0x3e7,"MINWINPC$","S-1-5-18","-","-","-","-","-","-","-","-","-","-","S-1-5-80-3169285310-278349998-1452333686-3865143136-4212226833","-","-","-","-","-","-","-","-","-","-","-","-","-","-","-","-","-","-","-",4718,"Audit Success",0x3e7,"-",Info,664,704,"{54849625-5478-4994-A5BA-3E3B0328C30D}","Microsoft-Windows-Security-Auditing",69,"Authentication Policy Change","-","-","-","-","-"
"May 15, 2025 @ 00:44:21.196",1HOK0pYBTOKMfpn69GCu,"-",".ds-winlogbeat-9.0.1-2025.05.15-000001","-","e9746f08-b281-4bca-8733-b5bd2a724318","DESKTOP-RM6P0RP","02b3b84a-7e01-4bfe-92b1-006b2bf66211","DESKTOP-RM6P0RP",winlogbeat,"9.0.1","8.17.0","system-security-access-removed","iam, configuration",4718,"May 15, 2025 @ 18:03:41.139","May 15, 2025 @ 09:04:01.979",event,security,success,"Microsoft-Windows-Security-Auditing","admin, deletion","-","-","-","x86_64","DESKTOP-RM6P0RP","012c3c67-1f22-4e7f-b1df-b2e462931de1","fe80::1d50:4ea9:29d5:6c90, 192.168.184.16","00-0C-29-27-55-5F","desktop-rm6p0rp","19045.2006",windows,"10.0.19041.2006 (WinBuild.160101.0800)","Windows 10 Enterprise Evaluation","Windows 10 Enterprise Evaluation",windows,windows,"10.0",information,"System security access was removed from an account.

Subject:
	Security ID:		S-1-5-18
	Account Name:		MINWINPC$
	Account Domain:		
	Logon ID:		0x3e7

Account Modified:
	Account Name:		S-1-5-32-583

Access Removed:
	Access Right:		SeInteractiveLogonRight","-","-","-","-","-","-","-","-","-","-","MINWINPC$","-","_geoip_database_unavailable_GeoLite2-City.mmdb, _geoip_database_unavailable_GeoLite2-ASN.mmdb","-","-","-","-","-","S-1-5-18","MINWINPC$","MINWINPC$","-","-","-","-","-","-","-","{3E26C153-C519-0000-7BC3-263E19C5DB01}",Security,"WIN-D35FO1AQOB7","-",SeInteractiveLogonRight,"-","-","-","-","-","-","-","-","-","-","-","-","-","-","-","-","-","-","-","-","-","-","-","-","-","-","-","-","-","-","-","-","-","-","-","-","-","-","-","-","-","-","-","-","-","-","-","-","-","-","-","-","-","-","-","-","-","-","-","-","-","-","-","-","-","-","-","-","-","-","-","-","-","-","-","-","-","-","-","-","-","-","-","-","-","-","-","-","-","-","-","-","-","-","-","-","-","-","-","-","-","-","-","-","-","-","-","-","-","-","-","-","-","-","-","-","-","-","-","-","-","-","-","-",0x3e7,"MINWINPC$","S-1-5-18","-","-","-","-","-","-","-","-","-","-","S-1-5-32-583","-","-","-","-","-","-","-","-","-","-","-","-","-","-","-","-","-","-","-",4718,"Audit Success",0x3e7,"-",Info,664,704,"{54849625-5478-4994-A5BA-3E3B0328C30D}","Microsoft-Windows-Security-Auditing",67,"Authentication Policy Change","-","-","-","-","-"
"May 15, 2025 @ 00:44:21.196",1XOK0pYBTOKMfpn69GCu,"-",".ds-winlogbeat-9.0.1-2025.05.15-000001","-","e9746f08-b281-4bca-8733-b5bd2a724318","DESKTOP-RM6P0RP","02b3b84a-7e01-4bfe-92b1-006b2bf66211","DESKTOP-RM6P0RP",winlogbeat,"9.0.1","8.17.0","system-security-access-removed","iam, configuration",4718,"May 15, 2025 @ 18:03:41.139","May 15, 2025 @ 09:04:01.979",event,security,success,"Microsoft-Windows-Security-Auditing","admin, deletion","-","-","-","x86_64","DESKTOP-RM6P0RP","012c3c67-1f22-4e7f-b1df-b2e462931de1","fe80::1d50:4ea9:29d5:6c90, 192.168.184.16","00-0C-29-27-55-5F","desktop-rm6p0rp","19045.2006",windows,"10.0.19041.2006 (WinBuild.160101.0800)","Windows 10 Enterprise Evaluation","Windows 10 Enterprise Evaluation",windows,windows,"10.0",information,"System security access was removed from an account.

Subject:
	Security ID:		S-1-5-18
	Account Name:		MINWINPC$
	Account Domain:		
	Logon ID:		0x3e7

Account Modified:
	Account Name:		S-1-5-32-583

Access Removed:
	Access Right:		SeNetworkLogonRight","-","-","-","-","-","-","-","-","-","-","MINWINPC$","-","_geoip_database_unavailable_GeoLite2-City.mmdb, _geoip_database_unavailable_GeoLite2-ASN.mmdb","-","-","-","-","-","S-1-5-18","MINWINPC$","MINWINPC$","-","-","-","-","-","-","-","{3E26C153-C519-0000-7BC3-263E19C5DB01}",Security,"WIN-D35FO1AQOB7","-",SeNetworkLogonRight,"-","-","-","-","-","-","-","-","-","-","-","-","-","-","-","-","-","-","-","-","-","-","-","-","-","-","-","-","-","-","-","-","-","-","-","-","-","-","-","-","-","-","-","-","-","-","-","-","-","-","-","-","-","-","-","-","-","-","-","-","-","-","-","-","-","-","-","-","-","-","-","-","-","-","-","-","-","-","-","-","-","-","-","-","-","-","-","-","-","-","-","-","-","-","-","-","-","-","-","-","-","-","-","-","-","-","-","-","-","-","-","-","-","-","-","-","-","-","-","-","-","-","-","-",0x3e7,"MINWINPC$","S-1-5-18","-","-","-","-","-","-","-","-","-","-","S-1-5-32-583","-","-","-","-","-","-","-","-","-","-","-","-","-","-","-","-","-","-","-",4718,"Audit Success",0x3e7,"-",Info,664,704,"{54849625-5478-4994-A5BA-3E3B0328C30D}","Microsoft-Windows-Security-Auditing",68,"Authentication Policy Change","-","-","-","-","-"
"May 15, 2025 @ 00:44:21.194",0nOK0pYBTOKMfpn69GCu,"-",".ds-winlogbeat-9.0.1-2025.05.15-000001","-","e9746f08-b281-4bca-8733-b5bd2a724318","DESKTOP-RM6P0RP","02b3b84a-7e01-4bfe-92b1-006b2bf66211","DESKTOP-RM6P0RP",winlogbeat,"9.0.1","8.17.0","system-security-access-removed","iam, configuration",4718,"May 15, 2025 @ 18:03:41.139","May 15, 2025 @ 09:04:01.979",event,security,success,"Microsoft-Windows-Security-Auditing","admin, deletion","-","-","-","x86_64","DESKTOP-RM6P0RP","012c3c67-1f22-4e7f-b1df-b2e462931de1","fe80::1d50:4ea9:29d5:6c90, 192.168.184.16","00-0C-29-27-55-5F","desktop-rm6p0rp","19045.2006",windows,"10.0.19041.2006 (WinBuild.160101.0800)","Windows 10 Enterprise Evaluation","Windows 10 Enterprise Evaluation",windows,windows,"10.0",information,"System security access was removed from an account.

Subject:
	Security ID:		S-1-5-18
	Account Name:		MINWINPC$
	Account Domain:		
	Logon ID:		0x3e7

Account Modified:
	Account Name:		S-1-5-32-581

Access Removed:
	Access Right:		SeInteractiveLogonRight","-","-","-","-","-","-","-","-","-","-","MINWINPC$","-","_geoip_database_unavailable_GeoLite2-City.mmdb, _geoip_database_unavailable_GeoLite2-ASN.mmdb","-","-","-","-","-","S-1-5-18","MINWINPC$","MINWINPC$","-","-","-","-","-","-","-","{3E26C153-C519-0000-7BC3-263E19C5DB01}",Security,"WIN-D35FO1AQOB7","-",SeInteractiveLogonRight,"-","-","-","-","-","-","-","-","-","-","-","-","-","-","-","-","-","-","-","-","-","-","-","-","-","-","-","-","-","-","-","-","-","-","-","-","-","-","-","-","-","-","-","-","-","-","-","-","-","-","-","-","-","-","-","-","-","-","-","-","-","-","-","-","-","-","-","-","-","-","-","-","-","-","-","-","-","-","-","-","-","-","-","-","-","-","-","-","-","-","-","-","-","-","-","-","-","-","-","-","-","-","-","-","-","-","-","-","-","-","-","-","-","-","-","-","-","-","-","-","-","-","-","-",0x3e7,"MINWINPC$","S-1-5-18","-","-","-","-","-","-","-","-","-","-","S-1-5-32-581","-","-","-","-","-","-","-","-","-","-","-","-","-","-","-","-","-","-","-",4718,"Audit Success",0x3e7,"-",Info,664,704,"{54849625-5478-4994-A5BA-3E3B0328C30D}","Microsoft-Windows-Security-Auditing",65,"Authentication Policy Change","-","-","-","-","-"
"May 15, 2025 @ 00:44:21.194",03OK0pYBTOKMfpn69GCu,"-",".ds-winlogbeat-9.0.1-2025.05.15-000001","-","e9746f08-b281-4bca-8733-b5bd2a724318","DESKTOP-RM6P0RP","02b3b84a-7e01-4bfe-92b1-006b2bf66211","DESKTOP-RM6P0RP",winlogbeat,"9.0.1","8.17.0","system-security-access-removed","iam, configuration",4718,"May 15, 2025 @ 18:03:41.139","May 15, 2025 @ 09:04:01.979",event,security,success,"Microsoft-Windows-Security-Auditing","admin, deletion","-","-","-","x86_64","DESKTOP-RM6P0RP","012c3c67-1f22-4e7f-b1df-b2e462931de1","fe80::1d50:4ea9:29d5:6c90, 192.168.184.16","00-0C-29-27-55-5F","desktop-rm6p0rp","19045.2006",windows,"10.0.19041.2006 (WinBuild.160101.0800)","Windows 10 Enterprise Evaluation","Windows 10 Enterprise Evaluation",windows,windows,"10.0",information,"System security access was removed from an account.

Subject:
	Security ID:		S-1-5-18
	Account Name:		MINWINPC$
	Account Domain:		
	Logon ID:		0x3e7

Account Modified:
	Account Name:		S-1-5-32-581

Access Removed:
	Access Right:		SeNetworkLogonRight","-","-","-","-","-","-","-","-","-","-","MINWINPC$","-","_geoip_database_unavailable_GeoLite2-City.mmdb, _geoip_database_unavailable_GeoLite2-ASN.mmdb","-","-","-","-","-","S-1-5-18","MINWINPC$","MINWINPC$","-","-","-","-","-","-","-","{3E26C153-C519-0000-7BC3-263E19C5DB01}",Security,"WIN-D35FO1AQOB7","-",SeNetworkLogonRight,"-","-","-","-","-","-","-","-","-","-","-","-","-","-","-","-","-","-","-","-","-","-","-","-","-","-","-","-","-","-","-","-","-","-","-","-","-","-","-","-","-","-","-","-","-","-","-","-","-","-","-","-","-","-","-","-","-","-","-","-","-","-","-","-","-","-","-","-","-","-","-","-","-","-","-","-","-","-","-","-","-","-","-","-","-","-","-","-","-","-","-","-","-","-","-","-","-","-","-","-","-","-","-","-","-","-","-","-","-","-","-","-","-","-","-","-","-","-","-","-","-","-","-","-",0x3e7,"MINWINPC$","S-1-5-18","-","-","-","-","-","-","-","-","-","-","S-1-5-32-581","-","-","-","-","-","-","-","-","-","-","-","-","-","-","-","-","-","-","-",4718,"Audit Success",0x3e7,"-",Info,664,704,"{54849625-5478-4994-A5BA-3E3B0328C30D}","Microsoft-Windows-Security-Auditing",66,"Authentication Policy Change","-","-","-","-","-"
"May 15, 2025 @ 00:44:21.193",0XOK0pYBTOKMfpn69GCu,"-",".ds-winlogbeat-9.0.1-2025.05.15-000001","-","e9746f08-b281-4bca-8733-b5bd2a724318","DESKTOP-RM6P0RP","02b3b84a-7e01-4bfe-92b1-006b2bf66211","DESKTOP-RM6P0RP",winlogbeat,"9.0.1","8.17.0","system-security-access-removed","iam, configuration",4718,"May 15, 2025 @ 18:03:41.139","May 15, 2025 @ 09:04:01.979",event,security,success,"Microsoft-Windows-Security-Auditing","admin, deletion","-","-","-","x86_64","DESKTOP-RM6P0RP","012c3c67-1f22-4e7f-b1df-b2e462931de1","fe80::1d50:4ea9:29d5:6c90, 192.168.184.16","00-0C-29-27-55-5F","desktop-rm6p0rp","19045.2006",windows,"10.0.19041.2006 (WinBuild.160101.0800)","Windows 10 Enterprise Evaluation","Windows 10 Enterprise Evaluation",windows,windows,"10.0",information,"System security access was removed from an account.

Subject:
	Security ID:		S-1-5-18
	Account Name:		MINWINPC$
	Account Domain:		
	Logon ID:		0x3e7

Account Modified:
	Account Name:		S-1-5-32-546

Access Removed:
	Access Right:		SeInteractiveLogonRight","-","-","-","-","-","-","-","-","-","-","MINWINPC$","-","_geoip_database_unavailable_GeoLite2-City.mmdb, _geoip_database_unavailable_GeoLite2-ASN.mmdb","-","-","-","-","-","S-1-5-18","MINWINPC$","MINWINPC$","-","-","-","-","-","-","-","{3E26C153-C519-0000-7BC3-263E19C5DB01}",Security,"WIN-D35FO1AQOB7","-",SeInteractiveLogonRight,"-","-","-","-","-","-","-","-","-","-","-","-","-","-","-","-","-","-","-","-","-","-","-","-","-","-","-","-","-","-","-","-","-","-","-","-","-","-","-","-","-","-","-","-","-","-","-","-","-","-","-","-","-","-","-","-","-","-","-","-","-","-","-","-","-","-","-","-","-","-","-","-","-","-","-","-","-","-","-","-","-","-","-","-","-","-","-","-","-","-","-","-","-","-","-","-","-","-","-","-","-","-","-","-","-","-","-","-","-","-","-","-","-","-","-","-","-","-","-","-","-","-","-","-",0x3e7,"MINWINPC$","S-1-5-18","-","-","-","-","-","-","-","-","-","-","S-1-5-32-546","-","-","-","-","-","-","-","-","-","-","-","-","-","-","-","-","-","-","-",4718,"Audit Success",0x3e7,"-",Info,664,704,"{54849625-5478-4994-A5BA-3E3B0328C30D}","Microsoft-Windows-Security-Auditing",64,"Authentication Policy Change","-","-","-","-","-"
