"May 15, 2025 @ 00:44:08.578",SHOL0pYBTOKMfpn6PmYV,"-",".ds-winlogbeat-9.0.1-2025.05.15-000001","-","e9746f08-b281-4bca-8733-b5bd2a724318","DESKTOP-RM6P0RP","02b3b84a-7e01-4bfe-92b1-006b2bf66211","DESKTOP-RM6P0RP",winlogbeat,"9.0.1","8.0.0",None,"-",16,"May 15, 2025 @ 18:03:43.684","May 15, 2025 @ 09:04:20.759",event,"-","-","Microsoft-Windows-Kernel-General","-","-","-","-","x86_64","DESKTOP-RM6P0RP","012c3c67-1f22-4e7f-b1df-b2e462931de1","fe80::1d50:4ea9:29d5:6c90, 192.168.184.16","00-0C-29-27-55-5F","desktop-rm6p0rp","19045.2006",windows,"10.0.19041.2006 (WinBuild.160101.0800)","Windows 10 Enterprise Evaluation","Windows 10 Enterprise Evaluation",windows,windows,"10.0",information,"The access history in hive \??\C:\Windows\ServiceProfiles\LocalService\NTUSER.DAT was cleared updating 571 keys and creating 33 modified pages.","-","-","-","-","-","-","-","-","-","-","-","-","-","-","-","-","-","-","-","-","-","-","-","-","-","-","-","-","-",System,"WIN-D35FO1AQOB7","-","-","-","-","-","-","-","-","-","-","-","-","-","-","-","-","-","-","-","-","-","-","-","-","-","-","-","-","-",33,"-","-","-","-","-","-","-","-","-","-","-","-","-","-","-","-","-","-","-","-","\??\C:\Windows\ServiceProfiles\LocalService\NTUSER.DAT",54,"-","-","-","-","-","-","-","-","-","-","-","-","-","-",571,"-","-","-","-","-","-","-","-","-","-","-","-","-","-","-","-","-","-","-","-","-","-","-","-","-","-","-","-","-","-","-","-","-","-","-","-","-","-","-","-","-","-","-","-","-","-","-","-","-","-","-","-","-","-","-","-","-","-","-","-","-","-","-","-","-","-","-","-","-","-","-","-","-","-","-","-","-","-","-","-","-","-","-","-","-","-","-","-","-","-","-","-",16,"-","-","-",Info,644,648,"{A68CA8B7-004F-D7B6-A698-07E2DE0F1F5D}","Microsoft-Windows-Kernel-General",33,None,"NT AUTHORITY","S-1-5-18",SYSTEM,"Well Known Group","-"
"May 15, 2025 @ 00:44:08.552",z3OK0pYBTOKMfpn69GCu,"-",".ds-winlogbeat-9.0.1-2025.05.15-000001","-","e9746f08-b281-4bca-8733-b5bd2a724318","DESKTOP-RM6P0RP","02b3b84a-7e01-4bfe-92b1-006b2bf66211","DESKTOP-RM6P0RP",winlogbeat,"9.0.1","8.17.0","logged-in",authentication,4624,"May 15, 2025 @ 18:03:41.139","May 15, 2025 @ 09:04:01.978",event,security,success,"Microsoft-Windows-Security-Auditing",start,"-","-","-","x86_64","DESKTOP-RM6P0RP","012c3c67-1f22-4e7f-b1df-b2e462931de1","fe80::1d50:4ea9:29d5:6c90, 192.168.184.16","00-0C-29-27-55-5F","desktop-rm6p0rp","19045.2006",windows,"10.0.19041.2006 (WinBuild.160101.0800)","Windows 10 Enterprise Evaluation","Windows 10 Enterprise Evaluation",windows,windows,"10.0",information,"An account was successfully logged on.

Subject:
	Security ID:		S-1-5-18
	Account Name:		MINWINPC$
	Account Domain:		
	Logon ID:		0x3e7

Logon Information:
	Logon Type:		5
	Restricted Admin Mode:	-
	Virtual Account:		No
	Elevated Token:		Yes

Impersonation Level:		Impersonation

New Logon:
	Security ID:		S-1-5-19
	Account Name:		LOCAL SERVICE
	Account Domain:		NT AUTHORITY
	Logon ID:		0x3e5
	Linked Logon ID:		0x0
	Network Account Name:	-
	Network Account Domain:	-
	Logon GUID:		{00000000-0000-0000-0000-000000000000}

Process Information:
	Process ID:		0x284
	Process Name:		C:\Windows\System32\services.exe

Network Information:
	Workstation Name:	-
	Source Network Address:	-
	Source Port:		-

Detailed Authentication Information:
	Logon Process:		Advapi  
	Authentication Package:	Negotiate
	Transited Services:	-
	Package Name (NTLM only):	-
	Key Length:		0

This event is generated when a logon session is created. It is generated on the computer that was accessed.

The subject fields indicate the account on the local system which requested the logon. This is most commonly a service such as the Server service, or a local process such as Winlogon.exe or Services.exe.

The logon type field indicates the kind of logon that occurred. The most common types are 2 (interactive) and 3 (network).

The New Logon fields indicate the account for whom the new logon was created, i.e. the account that was logged on.

The network fields indicate where a remote logon request originated. Workstation name is not always available and may be left blank in some cases.

The impersonation level field indicates the extent to which a process in the logon session can impersonate.

The authentication information fields provide detailed information about this specific logon request.
	- Logon GUID is a unique identifier that can be used to correlate this event with a KDC event.
	- Transited services indicate which intermediate services have participated in this logon request.
	- Package name indicates which sub-protocol was used among the NTLM protocols.
	- Key length indicates the length of the generated session key. This will be 0 if no session key was requested.","C:\Windows\System32\services.exe","C:\Windows\System32\services.exe","services.exe","services.exe","-","-","-","-","-",644,"LOCAL SERVICE, MINWINPC$","-","_geoip_database_unavailable_GeoLite2-City.mmdb, _geoip_database_unavailable_GeoLite2-ASN.mmdb","NT AUTHORITY","-","-","-","-","S-1-5-19","LOCAL SERVICE","LOCAL SERVICE","-","-","-","-","-","-","-","{3E26C153-C519-0000-7BC3-263E19C5DB01}",Security,"WIN-D35FO1AQOB7","-","-","-","-","-",Negotiate,"-","-","-","-","-","-","-","-","-","-","-","-","-","-","-","-","-","-","-","-","-","-","-","-","-","-","-","-","-","-","-","-","-","-",Yes,"-","-","-","-","-","-","-","-","-","-","-","-","-","-","-","-","-","-","-",Impersonation,"-","-","-","-",0,"-","-","-","-","-","-","{00000000-0000-0000-0000-000000000000}","-","Advapi  ",5,"-","-","-","-","-","-","-","-","-","-","-","-","-","-","-","-","-","-","-","-","-","-","-","-","-","-","-","-","-","-","-","-","-","-","-","-","-","-","-","-","-","-","-","-","-","-","-","-","-","-",0x3e7,"MINWINPC$","S-1-5-18","NT AUTHORITY","-",0x0,"-",0x3e5,"-","-","-","-","-","-","LOCAL SERVICE","S-1-5-19","-","-","-","-","-","-","-","-","-","-",No,"-","-","-","-","-","-",4624,"Audit Success",0x3e7,Service,Info,664,736,"{54849625-5478-4994-A5BA-3E3B0328C30D}","Microsoft-Windows-Security-Auditing",62,Logon,"-","-","-","-",2
"May 15, 2025 @ 00:44:08.552",0HOK0pYBTOKMfpn69GCu,"-",".ds-winlogbeat-9.0.1-2025.05.15-000001","-","e9746f08-b281-4bca-8733-b5bd2a724318","DESKTOP-RM6P0RP","02b3b84a-7e01-4bfe-92b1-006b2bf66211","DESKTOP-RM6P0RP",winlogbeat,"9.0.1","8.17.0","logged-in-special",iam,4672,"May 15, 2025 @ 18:03:41.139","May 15, 2025 @ 09:04:01.979",event,security,success,"Microsoft-Windows-Security-Auditing",admin,"-","-","-","x86_64","DESKTOP-RM6P0RP","012c3c67-1f22-4e7f-b1df-b2e462931de1","fe80::1d50:4ea9:29d5:6c90, 192.168.184.16","00-0C-29-27-55-5F","desktop-rm6p0rp","19045.2006",windows,"10.0.19041.2006 (WinBuild.160101.0800)","Windows 10 Enterprise Evaluation","Windows 10 Enterprise Evaluation",windows,windows,"10.0",information,"Special privileges assigned to new logon.

Subject:
	Security ID:		S-1-5-19
	Account Name:		LOCAL SERVICE
	Account Domain:		NT AUTHORITY
	Logon ID:		0x3e5

Privileges:		SeAssignPrimaryTokenPrivilege
			SeAuditPrivilege
			SeImpersonatePrivilege","-","-","-","-","-","-","-","-","-","-","LOCAL SERVICE","-","_geoip_database_unavailable_GeoLite2-City.mmdb, _geoip_database_unavailable_GeoLite2-ASN.mmdb","NT AUTHORITY","-","-","-","-","S-1-5-19","LOCAL SERVICE","LOCAL SERVICE","-","-","-","-","-","-","-","{3E26C153-C519-0000-7BC3-263E19C5DB01}",Security,"WIN-D35FO1AQOB7","-","-","-","-","-","-","-","-","-","-","-","-","-","-","-","-","-","-","-","-","-","-","-","-","-","-","-","-","-","-","-","-","-","-","-","-","-","-","-","-","-","-","-","-","-","-","-","-","-","-","-","-","-","-","-","-","-","-","-","-","-","-","-","-","-","-","-","-","-","-","-","-","-","-","-","-","-","-","-","-","-","-","-","-","-","-","-","-","-","-","-","-","-","-","-","-","-","-","-","-","-","-","SeAssignPrimaryTokenPrivilege, SeAuditPrivilege, SeImpersonatePrivilege","-","-","-","-","-","-","-","-","-","-","-","-","-","-","-","-","-","-","-","-","-","-","NT AUTHORITY",0x3e5,"LOCAL SERVICE","S-1-5-19","-","-","-","-","-","-","-","-","-","-","-","-","-","-","-","-","-","-","-","-","-","-","-","-","-","-","-","-","-","-",4672,"Audit Success",0x3e5,"-",Info,664,736,"{54849625-5478-4994-A5BA-3E3B0328C30D}","Microsoft-Windows-Security-Auditing",63,"Special Logon","-","-","-","-","-"
"May 15, 2025 @ 00:44:07.456",zXOK0pYBTOKMfpn69GCu,"-",".ds-winlogbeat-9.0.1-2025.05.15-000001","-","e9746f08-b281-4bca-8733-b5bd2a724318","DESKTOP-RM6P0RP","02b3b84a-7e01-4bfe-92b1-006b2bf66211","DESKTOP-RM6P0RP",winlogbeat,"9.0.1","8.17.0","logged-in",authentication,4624,"May 15, 2025 @ 18:03:41.139","May 15, 2025 @ 09:04:01.978",event,security,success,"Microsoft-Windows-Security-Auditing",start,"-","-","-","x86_64","DESKTOP-RM6P0RP","012c3c67-1f22-4e7f-b1df-b2e462931de1","fe80::1d50:4ea9:29d5:6c90, 192.168.184.16","00-0C-29-27-55-5F","desktop-rm6p0rp","19045.2006",windows,"10.0.19041.2006 (WinBuild.160101.0800)","Windows 10 Enterprise Evaluation","Windows 10 Enterprise Evaluation",windows,windows,"10.0",information,"An account was successfully logged on.

Subject:
	Security ID:		S-1-5-18
	Account Name:		MINWINPC$
	Account Domain:		
	Logon ID:		0x3e7

Logon Information:
	Logon Type:		5
	Restricted Admin Mode:	-
	Virtual Account:		No
	Elevated Token:		Yes

Impersonation Level:		Impersonation

New Logon:
	Security ID:		S-1-5-18
	Account Name:		SYSTEM
	Account Domain:		NT AUTHORITY
	Logon ID:		0x3e7
	Linked Logon ID:		0x0
	Network Account Name:	-
	Network Account Domain:	-
	Logon GUID:		{00000000-0000-0000-0000-000000000000}

Process Information:
	Process ID:		0x284
	Process Name:		C:\Windows\System32\services.exe

Network Information:
	Workstation Name:	-
	Source Network Address:	-
	Source Port:		-

Detailed Authentication Information:
	Logon Process:		Advapi  
	Authentication Package:	Negotiate
	Transited Services:	-
	Package Name (NTLM only):	-
	Key Length:		0

This event is generated when a logon session is created. It is generated on the computer that was accessed.

The subject fields indicate the account on the local system which requested the logon. This is most commonly a service such as the Server service, or a local process such as Winlogon.exe or Services.exe.

The logon type field indicates the kind of logon that occurred. The most common types are 2 (interactive) and 3 (network).

The New Logon fields indicate the account for whom the new logon was created, i.e. the account that was logged on.

The network fields indicate where a remote logon request originated. Workstation name is not always available and may be left blank in some cases.

The impersonation level field indicates the extent to which a process in the logon session can impersonate.

The authentication information fields provide detailed information about this specific logon request.
	- Logon GUID is a unique identifier that can be used to correlate this event with a KDC event.
	- Transited services indicate which intermediate services have participated in this logon request.
	- Package name indicates which sub-protocol was used among the NTLM protocols.
	- Key length indicates the length of the generated session key. This will be 0 if no session key was requested.","C:\Windows\System32\services.exe","C:\Windows\System32\services.exe","services.exe","services.exe","-","-","-","-","-",644,"SYSTEM, MINWINPC$","-","_geoip_database_unavailable_GeoLite2-City.mmdb, _geoip_database_unavailable_GeoLite2-ASN.mmdb","NT AUTHORITY","-","-","-","-","S-1-5-18",SYSTEM,SYSTEM,"-","-","-","-","-","-","-","{3E26C153-C519-0000-7BC3-263E19C5DB01}",Security,"WIN-D35FO1AQOB7","-","-","-","-","-",Negotiate,"-","-","-","-","-","-","-","-","-","-","-","-","-","-","-","-","-","-","-","-","-","-","-","-","-","-","-","-","-","-","-","-","-","-",Yes,"-","-","-","-","-","-","-","-","-","-","-","-","-","-","-","-","-","-","-",Impersonation,"-","-","-","-",0,"-","-","-","-","-","-","{00000000-0000-0000-0000-000000000000}","-","Advapi  ",5,"-","-","-","-","-","-","-","-","-","-","-","-","-","-","-","-","-","-","-","-","-","-","-","-","-","-","-","-","-","-","-","-","-","-","-","-","-","-","-","-","-","-","-","-","-","-","-","-","-","-",0x3e7,"MINWINPC$","S-1-5-18","NT AUTHORITY","-",0x0,"-",0x3e7,"-","-","-","-","-","-",SYSTEM,"S-1-5-18","-","-","-","-","-","-","-","-","-","-",No,"-","-","-","-","-","-",4624,"Audit Success",0x3e7,Service,Info,664,736,"{54849625-5478-4994-A5BA-3E3B0328C30D}","Microsoft-Windows-Security-Auditing",60,Logon,"-","-","-","-",2
"May 15, 2025 @ 00:44:07.456",znOK0pYBTOKMfpn69GCu,"-",".ds-winlogbeat-9.0.1-2025.05.15-000001","-","e9746f08-b281-4bca-8733-b5bd2a724318","DESKTOP-RM6P0RP","02b3b84a-7e01-4bfe-92b1-006b2bf66211","DESKTOP-RM6P0RP",winlogbeat,"9.0.1","8.17.0","logged-in-special",iam,4672,"May 15, 2025 @ 18:03:41.139","May 15, 2025 @ 09:04:01.978",event,security,success,"Microsoft-Windows-Security-Auditing",admin,"-","-","-","x86_64","DESKTOP-RM6P0RP","012c3c67-1f22-4e7f-b1df-b2e462931de1","fe80::1d50:4ea9:29d5:6c90, 192.168.184.16","00-0C-29-27-55-5F","desktop-rm6p0rp","19045.2006",windows,"10.0.19041.2006 (WinBuild.160101.0800)","Windows 10 Enterprise Evaluation","Windows 10 Enterprise Evaluation",windows,windows,"10.0",information,"Special privileges assigned to new logon.

Subject:
	Security ID:		S-1-5-18
	Account Name:		SYSTEM
	Account Domain:		NT AUTHORITY
	Logon ID:		0x3e7

Privileges:		SeAssignPrimaryTokenPrivilege
			SeTcbPrivilege
			SeSecurityPrivilege
			SeTakeOwnershipPrivilege
			SeLoadDriverPrivilege
			SeBackupPrivilege
			SeRestorePrivilege
			SeDebugPrivilege
			SeAuditPrivilege
			SeSystemEnvironmentPrivilege
			SeImpersonatePrivilege
			SeDelegateSessionUserImpersonatePrivilege","-","-","-","-","-","-","-","-","-","-",SYSTEM,"-","_geoip_database_unavailable_GeoLite2-City.mmdb, _geoip_database_unavailable_GeoLite2-ASN.mmdb","NT AUTHORITY","-","-","-","-","S-1-5-18",SYSTEM,SYSTEM,"-","-","-","-","-","-","-","{3E26C153-C519-0000-7BC3-263E19C5DB01}",Security,"WIN-D35FO1AQOB7","-","-","-","-","-","-","-","-","-","-","-","-","-","-","-","-","-","-","-","-","-","-","-","-","-","-","-","-","-","-","-","-","-","-","-","-","-","-","-","-","-","-","-","-","-","-","-","-","-","-","-","-","-","-","-","-","-","-","-","-","-","-","-","-","-","-","-","-","-","-","-","-","-","-","-","-","-","-","-","-","-","-","-","-","-","-","-","-","-","-","-","-","-","-","-","-","-","-","-","-","-","-","SeAssignPrimaryTokenPrivilege, SeTcbPrivilege, SeSecurityPrivilege, SeTakeOwnershipPrivilege, SeLoadDriverPrivilege, SeBackupPrivilege, SeRestorePrivilege, SeDebugPrivilege, SeAuditPrivilege, SeSystemEnvironmentPrivilege, SeImpersonatePrivilege, SeDelegateSessionUserImpersonatePrivilege","-","-","-","-","-","-","-","-","-","-","-","-","-","-","-","-","-","-","-","-","-","-","NT AUTHORITY",0x3e7,SYSTEM,"S-1-5-18","-","-","-","-","-","-","-","-","-","-","-","-","-","-","-","-","-","-","-","-","-","-","-","-","-","-","-","-","-","-",4672,"Audit Success",0x3e7,"-",Info,664,736,"{54849625-5478-4994-A5BA-3E3B0328C30D}","Microsoft-Windows-Security-Auditing",61,"Special Logon","-","-","-","-","-"
"May 15, 2025 @ 00:44:04.165",yHOK0pYBTOKMfpn69GCu,"-",".ds-winlogbeat-9.0.1-2025.05.15-000001","-","e9746f08-b281-4bca-8733-b5bd2a724318","DESKTOP-RM6P0RP","02b3b84a-7e01-4bfe-92b1-006b2bf66211","DESKTOP-RM6P0RP",winlogbeat,"9.0.1","8.17.0","logged-in-explicit",authentication,4648,"May 15, 2025 @ 18:03:41.139","May 15, 2025 @ 09:04:01.975",event,security,success,"Microsoft-Windows-Security-Auditing",start,"-","-","-","x86_64","DESKTOP-RM6P0RP","012c3c67-1f22-4e7f-b1df-b2e462931de1","fe80::1d50:4ea9:29d5:6c90, 192.168.184.16","00-0C-29-27-55-5F","desktop-rm6p0rp","19045.2006",windows,"10.0.19041.2006 (WinBuild.160101.0800)","Windows 10 Enterprise Evaluation","Windows 10 Enterprise Evaluation",windows,windows,"10.0",information,"A logon was attempted using explicit credentials.

Subject:
	Security ID:		S-1-5-18
	Account Name:		MINWINPC$
	Account Domain:		
	Logon ID:		0x3e7
	Logon GUID:		{00000000-0000-0000-0000-000000000000}

Account Whose Credentials Were Used:
	Account Name:		DWM-1
	Account Domain:		Window Manager
	Logon GUID:		{00000000-0000-0000-0000-000000000000}

Target Server:
	Target Server Name:	localhost
	Additional Information:	localhost

Process Information:
	Process ID:		0x22c
	Process Name:		C:\Windows\System32\winlogon.exe

Network Information:
	Network Address:	-
	Port:			-

This event is generated when a process attempts to log on an account by explicitly specifying that accounts credentials.  This most commonly occurs in batch-type configurations such as scheduled tasks, or when using the RUNAS command.","C:\Windows\System32\winlogon.exe","C:\Windows\System32\winlogon.exe","winlogon.exe","winlogon.exe","-","-","-","-","-",556,"DWM-1, MINWINPC$","-","_geoip_database_unavailable_GeoLite2-City.mmdb, _geoip_database_unavailable_GeoLite2-ASN.mmdb","Window Manager","Window Manager","-","DWM-1","DWM-1","S-1-5-18","MINWINPC$","MINWINPC$","-","-","-","-","-","-","-","{3E26C153-C519-0000-7BC3-263E19C5DB01}",Security,"WIN-D35FO1AQOB7","-","-","-","-","-","-","-","-","-","-","-","-","-","-","-","-","-","-","-","-","-","-","-","-","-","-","-","-","-","-","-","-","-","-","-","-","-","-","-","-","-","-","-","-","-","-","-","-","-","-","-","-","-","-","-","-","-","-","-","-","-","-","-","-","-","-","-","-","-","-","-","-","{00000000-0000-0000-0000-000000000000}","-","-","-","-","-","-","-","-","-","-","-","-","-","-","-","-","-","-","-","-","-","-","-","-","-","-","-","-","-","-","-","-","-","-","-","-","-","-","-","-","-","-","-","-","-","-","-","-","-","-","-","-","-",0x3e7,"MINWINPC$","S-1-5-18","Window Manager",localhost,"-","{00000000-0000-0000-0000-000000000000}","-","-","-","-","-",localhost,"-","DWM-1","-","-","-","-","-","-","-","-","-","-","-","-","-","-","-","-","-","-",4648,"Audit Success",0x3e7,"-",Info,664,736,"{54849625-5478-4994-A5BA-3E3B0328C30D}","Microsoft-Windows-Security-Auditing",55,Logon,"-","-","-","-","-"
"May 15, 2025 @ 00:44:04.165",yXOK0pYBTOKMfpn69GCu,"-",".ds-winlogbeat-9.0.1-2025.05.15-000001","-","e9746f08-b281-4bca-8733-b5bd2a724318","DESKTOP-RM6P0RP","02b3b84a-7e01-4bfe-92b1-006b2bf66211","DESKTOP-RM6P0RP",winlogbeat,"9.0.1","8.17.0","logged-in",authentication,4624,"May 15, 2025 @ 18:03:41.139","May 15, 2025 @ 09:04:01.977",event,security,success,"Microsoft-Windows-Security-Auditing",start,"-","-","-","x86_64","DESKTOP-RM6P0RP","012c3c67-1f22-4e7f-b1df-b2e462931de1","fe80::1d50:4ea9:29d5:6c90, 192.168.184.16","00-0C-29-27-55-5F","desktop-rm6p0rp","19045.2006",windows,"10.0.19041.2006 (WinBuild.160101.0800)","Windows 10 Enterprise Evaluation","Windows 10 Enterprise Evaluation",windows,windows,"10.0",information,"An account was successfully logged on.

Subject:
	Security ID:		S-1-5-18
	Account Name:		MINWINPC$
	Account Domain:		
	Logon ID:		0x3e7

Logon Information:
	Logon Type:		2
	Restricted Admin Mode:	-
	Virtual Account:		Yes
	Elevated Token:		Yes

Impersonation Level:		Impersonation

New Logon:
	Security ID:		S-1-5-90-0-1
	Account Name:		DWM-1
	Account Domain:		Window Manager
	Logon ID:		0x1fe95
	Linked Logon ID:		0x1fea8
	Network Account Name:	-
	Network Account Domain:	-
	Logon GUID:		{00000000-0000-0000-0000-000000000000}

Process Information:
	Process ID:		0x22c
	Process Name:		C:\Windows\System32\winlogon.exe

Network Information:
	Workstation Name:	-
	Source Network Address:	-
	Source Port:		-

Detailed Authentication Information:
	Logon Process:		Advapi  
	Authentication Package:	Negotiate
	Transited Services:	-
	Package Name (NTLM only):	-
	Key Length:		0

This event is generated when a logon session is created. It is generated on the computer that was accessed.

The subject fields indicate the account on the local system which requested the logon. This is most commonly a service such as the Server service, or a local process such as Winlogon.exe or Services.exe.

The logon type field indicates the kind of logon that occurred. The most common types are 2 (interactive) and 3 (network).

The New Logon fields indicate the account for whom the new logon was created, i.e. the account that was logged on.

The network fields indicate where a remote logon request originated. Workstation name is not always available and may be left blank in some cases.

The impersonation level field indicates the extent to which a process in the logon session can impersonate.

The authentication information fields provide detailed information about this specific logon request.
	- Logon GUID is a unique identifier that can be used to correlate this event with a KDC event.
	- Transited services indicate which intermediate services have participated in this logon request.
	- Package name indicates which sub-protocol was used among the NTLM protocols.
	- Key length indicates the length of the generated session key. This will be 0 if no session key was requested.","C:\Windows\System32\winlogon.exe","C:\Windows\System32\winlogon.exe","winlogon.exe","winlogon.exe","-","-","-","-","-",556,"DWM-1, MINWINPC$","-","_geoip_database_unavailable_GeoLite2-City.mmdb, _geoip_database_unavailable_GeoLite2-ASN.mmdb","Window Manager","-","-","-","-","S-1-5-90-0-1","DWM-1","DWM-1","-","-","-","-","-","-","-","{3E26C153-C519-0000-7BC3-263E19C5DB01}",Security,"WIN-D35FO1AQOB7","-","-","-","-","-",Negotiate,"-","-","-","-","-","-","-","-","-","-","-","-","-","-","-","-","-","-","-","-","-","-","-","-","-","-","-","-","-","-","-","-","-","-",Yes,"-","-","-","-","-","-","-","-","-","-","-","-","-","-","-","-","-","-","-",Impersonation,"-","-","-","-",0,"-","-","-","-","-","-","{00000000-0000-0000-0000-000000000000}","-","Advapi  ",2,"-","-","-","-","-","-","-","-","-","-","-","-","-","-","-","-","-","-","-","-","-","-","-","-","-","-","-","-","-","-","-","-","-","-","-","-","-","-","-","-","-","-","-","-","-","-","-","-","-","-",0x3e7,"MINWINPC$","S-1-5-18","Window Manager","-",0x1fea8,"-",0x1fe95,"-","-","-","-","-","-","DWM-1","S-1-5-90-0-1","-","-","-","-","-","-","-","-","-","-",Yes,"-","-","-","-","-","-",4624,"Audit Success",0x3e7,Interactive,Info,664,736,"{54849625-5478-4994-A5BA-3E3B0328C30D}","Microsoft-Windows-Security-Auditing",56,Logon,"-","-","-","-",2
"May 15, 2025 @ 00:44:04.165",ynOK0pYBTOKMfpn69GCu,"-",".ds-winlogbeat-9.0.1-2025.05.15-000001","-","e9746f08-b281-4bca-8733-b5bd2a724318","DESKTOP-RM6P0RP","02b3b84a-7e01-4bfe-92b1-006b2bf66211","DESKTOP-RM6P0RP",winlogbeat,"9.0.1","8.17.0","logged-in",authentication,4624,"May 15, 2025 @ 18:03:41.139","May 15, 2025 @ 09:04:01.977",event,security,success,"Microsoft-Windows-Security-Auditing",start,"-","-","-","x86_64","DESKTOP-RM6P0RP","012c3c67-1f22-4e7f-b1df-b2e462931de1","fe80::1d50:4ea9:29d5:6c90, 192.168.184.16","00-0C-29-27-55-5F","desktop-rm6p0rp","19045.2006",windows,"10.0.19041.2006 (WinBuild.160101.0800)","Windows 10 Enterprise Evaluation","Windows 10 Enterprise Evaluation",windows,windows,"10.0",information,"An account was successfully logged on.

Subject:
	Security ID:		S-1-5-18
	Account Name:		MINWINPC$
	Account Domain:		
	Logon ID:		0x3e7

Logon Information:
	Logon Type:		2
	Restricted Admin Mode:	-
	Virtual Account:		Yes
	Elevated Token:		No

Impersonation Level:		Impersonation

New Logon:
	Security ID:		S-1-5-90-0-1
	Account Name:		DWM-1
	Account Domain:		Window Manager
	Logon ID:		0x1fea8
	Linked Logon ID:		0x1fe95
	Network Account Name:	-
	Network Account Domain:	-
	Logon GUID:		{00000000-0000-0000-0000-000000000000}

Process Information:
	Process ID:		0x22c
	Process Name:		C:\Windows\System32\winlogon.exe

Network Information:
	Workstation Name:	-
	Source Network Address:	-
	Source Port:		-

Detailed Authentication Information:
	Logon Process:		Advapi  
	Authentication Package:	Negotiate
	Transited Services:	-
	Package Name (NTLM only):	-
	Key Length:		0

This event is generated when a logon session is created. It is generated on the computer that was accessed.

The subject fields indicate the account on the local system which requested the logon. This is most commonly a service such as the Server service, or a local process such as Winlogon.exe or Services.exe.

The logon type field indicates the kind of logon that occurred. The most common types are 2 (interactive) and 3 (network).

The New Logon fields indicate the account for whom the new logon was created, i.e. the account that was logged on.

The network fields indicate where a remote logon request originated. Workstation name is not always available and may be left blank in some cases.

The impersonation level field indicates the extent to which a process in the logon session can impersonate.

The authentication information fields provide detailed information about this specific logon request.
	- Logon GUID is a unique identifier that can be used to correlate this event with a KDC event.
	- Transited services indicate which intermediate services have participated in this logon request.
	- Package name indicates which sub-protocol was used among the NTLM protocols.
	- Key length indicates the length of the generated session key. This will be 0 if no session key was requested.","C:\Windows\System32\winlogon.exe","C:\Windows\System32\winlogon.exe","winlogon.exe","winlogon.exe","-","-","-","-","-",556,"DWM-1, MINWINPC$","-","_geoip_database_unavailable_GeoLite2-City.mmdb, _geoip_database_unavailable_GeoLite2-ASN.mmdb","Window Manager","-","-","-","-","S-1-5-90-0-1","DWM-1","DWM-1","-","-","-","-","-","-","-","{3E26C153-C519-0000-7BC3-263E19C5DB01}",Security,"WIN-D35FO1AQOB7","-","-","-","-","-",Negotiate,"-","-","-","-","-","-","-","-","-","-","-","-","-","-","-","-","-","-","-","-","-","-","-","-","-","-","-","-","-","-","-","-","-","-",No,"-","-","-","-","-","-","-","-","-","-","-","-","-","-","-","-","-","-","-",Impersonation,"-","-","-","-",0,"-","-","-","-","-","-","{00000000-0000-0000-0000-000000000000}","-","Advapi  ",2,"-","-","-","-","-","-","-","-","-","-","-","-","-","-","-","-","-","-","-","-","-","-","-","-","-","-","-","-","-","-","-","-","-","-","-","-","-","-","-","-","-","-","-","-","-","-","-","-","-","-",0x3e7,"MINWINPC$","S-1-5-18","Window Manager","-",0x1fe95,"-",0x1fea8,"-","-","-","-","-","-","DWM-1","S-1-5-90-0-1","-","-","-","-","-","-","-","-","-","-",Yes,"-","-","-","-","-","-",4624,"Audit Success",0x3e7,Interactive,Info,664,736,"{54849625-5478-4994-A5BA-3E3B0328C30D}","Microsoft-Windows-Security-Auditing",57,Logon,"-","-","-","-",2
"May 15, 2025 @ 00:44:04.165",y3OK0pYBTOKMfpn69GCu,"-",".ds-winlogbeat-9.0.1-2025.05.15-000001","-","e9746f08-b281-4bca-8733-b5bd2a724318","DESKTOP-RM6P0RP","02b3b84a-7e01-4bfe-92b1-006b2bf66211","DESKTOP-RM6P0RP",winlogbeat,"9.0.1","8.17.0","logged-in-special",iam,4672,"May 15, 2025 @ 18:03:41.139","May 15, 2025 @ 09:04:01.977",event,security,success,"Microsoft-Windows-Security-Auditing",admin,"-","-","-","x86_64","DESKTOP-RM6P0RP","012c3c67-1f22-4e7f-b1df-b2e462931de1","fe80::1d50:4ea9:29d5:6c90, 192.168.184.16","00-0C-29-27-55-5F","desktop-rm6p0rp","19045.2006",windows,"10.0.19041.2006 (WinBuild.160101.0800)","Windows 10 Enterprise Evaluation","Windows 10 Enterprise Evaluation",windows,windows,"10.0",information,"Special privileges assigned to new logon.

Subject:
	Security ID:		S-1-5-90-0-1
	Account Name:		DWM-1
	Account Domain:		Window Manager
	Logon ID:		0x1fe95

Privileges:		SeAssignPrimaryTokenPrivilege
			SeAuditPrivilege
			SeImpersonatePrivilege","-","-","-","-","-","-","-","-","-","-","DWM-1","-","_geoip_database_unavailable_GeoLite2-City.mmdb, _geoip_database_unavailable_GeoLite2-ASN.mmdb","Window Manager","-","-","-","-","S-1-5-90-0-1","DWM-1","DWM-1","-","-","-","-","-","-","-","{3E26C153-C519-0000-7BC3-263E19C5DB01}",Security,"WIN-D35FO1AQOB7","-","-","-","-","-","-","-","-","-","-","-","-","-","-","-","-","-","-","-","-","-","-","-","-","-","-","-","-","-","-","-","-","-","-","-","-","-","-","-","-","-","-","-","-","-","-","-","-","-","-","-","-","-","-","-","-","-","-","-","-","-","-","-","-","-","-","-","-","-","-","-","-","-","-","-","-","-","-","-","-","-","-","-","-","-","-","-","-","-","-","-","-","-","-","-","-","-","-","-","-","-","-","SeAssignPrimaryTokenPrivilege, SeAuditPrivilege, SeImpersonatePrivilege","-","-","-","-","-","-","-","-","-","-","-","-","-","-","-","-","-","-","-","-","-","-","Window Manager",0x1fe95,"DWM-1","S-1-5-90-0-1","-","-","-","-","-","-","-","-","-","-","-","-","-","-","-","-","-","-","-","-","-","-","-","-","-","-","-","-","-","-",4672,"Audit Success",0x1fe95,"-",Info,664,736,"{54849625-5478-4994-A5BA-3E3B0328C30D}","Microsoft-Windows-Security-Auditing",58,"Special Logon","-","-","-","-","-"
"May 15, 2025 @ 00:44:04.165",zHOK0pYBTOKMfpn69GCu,"-",".ds-winlogbeat-9.0.1-2025.05.15-000001","-","e9746f08-b281-4bca-8733-b5bd2a724318","DESKTOP-RM6P0RP","02b3b84a-7e01-4bfe-92b1-006b2bf66211","DESKTOP-RM6P0RP",winlogbeat,"9.0.1","8.17.0","logged-in-special",iam,4672,"May 15, 2025 @ 18:03:41.139","May 15, 2025 @ 09:04:01.978",event,security,success,"Microsoft-Windows-Security-Auditing",admin,"-","-","-","x86_64","DESKTOP-RM6P0RP","012c3c67-1f22-4e7f-b1df-b2e462931de1","fe80::1d50:4ea9:29d5:6c90, 192.168.184.16","00-0C-29-27-55-5F","desktop-rm6p0rp","19045.2006",windows,"10.0.19041.2006 (WinBuild.160101.0800)","Windows 10 Enterprise Evaluation","Windows 10 Enterprise Evaluation",windows,windows,"10.0",information,"Special privileges assigned to new logon.

Subject:
	Security ID:		S-1-5-90-0-1
	Account Name:		DWM-1
	Account Domain:		Window Manager
	Logon ID:		0x1fea8

Privileges:		SeAssignPrimaryTokenPrivilege
			SeAuditPrivilege","-","-","-","-","-","-","-","-","-","-","DWM-1","-","_geoip_database_unavailable_GeoLite2-City.mmdb, _geoip_database_unavailable_GeoLite2-ASN.mmdb","Window Manager","-","-","-","-","S-1-5-90-0-1","DWM-1","DWM-1","-","-","-","-","-","-","-","{3E26C153-C519-0000-7BC3-263E19C5DB01}",Security,"WIN-D35FO1AQOB7","-","-","-","-","-","-","-","-","-","-","-","-","-","-","-","-","-","-","-","-","-","-","-","-","-","-","-","-","-","-","-","-","-","-","-","-","-","-","-","-","-","-","-","-","-","-","-","-","-","-","-","-","-","-","-","-","-","-","-","-","-","-","-","-","-","-","-","-","-","-","-","-","-","-","-","-","-","-","-","-","-","-","-","-","-","-","-","-","-","-","-","-","-","-","-","-","-","-","-","-","-","-","SeAssignPrimaryTokenPrivilege, SeAuditPrivilege","-","-","-","-","-","-","-","-","-","-","-","-","-","-","-","-","-","-","-","-","-","-","Window Manager",0x1fea8,"DWM-1","S-1-5-90-0-1","-","-","-","-","-","-","-","-","-","-","-","-","-","-","-","-","-","-","-","-","-","-","-","-","-","-","-","-","-","-",4672,"Audit Success",0x1fea8,"-",Info,664,736,"{54849625-5478-4994-A5BA-3E3B0328C30D}","Microsoft-Windows-Security-Auditing",59,"Special Logon","-","-","-","-","-"
"May 15, 2025 @ 00:43:59.097",R3OL0pYBTOKMfpn6PmYV,"-",".ds-winlogbeat-9.0.1-2025.05.15-000001","-","e9746f08-b281-4bca-8733-b5bd2a724318","DESKTOP-RM6P0RP","02b3b84a-7e01-4bfe-92b1-006b2bf66211","DESKTOP-RM6P0RP",winlogbeat,"9.0.1","8.0.0",None,"-",16,"May 15, 2025 @ 18:03:43.684","May 15, 2025 @ 09:04:20.759",event,"-","-","Microsoft-Windows-Kernel-General","-","-","-","-","x86_64","DESKTOP-RM6P0RP","012c3c67-1f22-4e7f-b1df-b2e462931de1","fe80::1d50:4ea9:29d5:6c90, 192.168.184.16","00-0C-29-27-55-5F","desktop-rm6p0rp","19045.2006",windows,"10.0.19041.2006 (WinBuild.160101.0800)","Windows 10 Enterprise Evaluation","Windows 10 Enterprise Evaluation",windows,windows,"10.0",information,"The access history in hive \??\C:\Windows\ServiceProfiles\NetworkService\NTUSER.DAT was cleared updating 571 keys and creating 33 modified pages.","-","-","-","-","-","-","-","-","-","-","-","-","-","-","-","-","-","-","-","-","-","-","-","-","-","-","-","-","-",System,"WIN-D35FO1AQOB7","-","-","-","-","-","-","-","-","-","-","-","-","-","-","-","-","-","-","-","-","-","-","-","-","-","-","-","-","-",33,"-","-","-","-","-","-","-","-","-","-","-","-","-","-","-","-","-","-","-","-","\??\C:\Windows\ServiceProfiles\NetworkService\NTUSER.DAT",56,"-","-","-","-","-","-","-","-","-","-","-","-","-","-",571,"-","-","-","-","-","-","-","-","-","-","-","-","-","-","-","-","-","-","-","-","-","-","-","-","-","-","-","-","-","-","-","-","-","-","-","-","-","-","-","-","-","-","-","-","-","-","-","-","-","-","-","-","-","-","-","-","-","-","-","-","-","-","-","-","-","-","-","-","-","-","-","-","-","-","-","-","-","-","-","-","-","-","-","-","-","-","-","-","-","-","-","-",16,"-","-","-",Info,644,648,"{A68CA8B7-004F-D7B6-A698-07E2DE0F1F5D}","Microsoft-Windows-Kernel-General",32,None,"NT AUTHORITY","S-1-5-18",SYSTEM,"Well Known Group","-"
"May 15, 2025 @ 00:43:57.931",xnOK0pYBTOKMfpn69GCu,"-",".ds-winlogbeat-9.0.1-2025.05.15-000001","-","e9746f08-b281-4bca-8733-b5bd2a724318","DESKTOP-RM6P0RP","02b3b84a-7e01-4bfe-92b1-006b2bf66211","DESKTOP-RM6P0RP",winlogbeat,"9.0.1","8.17.0","logged-in",authentication,4624,"May 15, 2025 @ 18:03:41.139","May 15, 2025 @ 09:04:01.971",event,security,success,"Microsoft-Windows-Security-Auditing",start,"-","-","-","x86_64","DESKTOP-RM6P0RP","012c3c67-1f22-4e7f-b1df-b2e462931de1","fe80::1d50:4ea9:29d5:6c90, 192.168.184.16","00-0C-29-27-55-5F","desktop-rm6p0rp","19045.2006",windows,"10.0.19041.2006 (WinBuild.160101.0800)","Windows 10 Enterprise Evaluation","Windows 10 Enterprise Evaluation",windows,windows,"10.0",information,"An account was successfully logged on.

Subject:
	Security ID:		S-1-5-18
	Account Name:		MINWINPC$
	Account Domain:		
	Logon ID:		0x3e7

Logon Information:
	Logon Type:		5
	Restricted Admin Mode:	-
	Virtual Account:		No
	Elevated Token:		Yes

Impersonation Level:		Impersonation

New Logon:
	Security ID:		S-1-5-20
	Account Name:		NETWORK SERVICE
	Account Domain:		NT AUTHORITY
	Logon ID:		0x3e4
	Linked Logon ID:		0x0
	Network Account Name:	-
	Network Account Domain:	-
	Logon GUID:		{00000000-0000-0000-0000-000000000000}

Process Information:
	Process ID:		0x284
	Process Name:		C:\Windows\System32\services.exe

Network Information:
	Workstation Name:	-
	Source Network Address:	-
	Source Port:		-

Detailed Authentication Information:
	Logon Process:		Advapi  
	Authentication Package:	Negotiate
	Transited Services:	-
	Package Name (NTLM only):	-
	Key Length:		0

This event is generated when a logon session is created. It is generated on the computer that was accessed.

The subject fields indicate the account on the local system which requested the logon. This is most commonly a service such as the Server service, or a local process such as Winlogon.exe or Services.exe.

The logon type field indicates the kind of logon that occurred. The most common types are 2 (interactive) and 3 (network).

The New Logon fields indicate the account for whom the new logon was created, i.e. the account that was logged on.

The network fields indicate where a remote logon request originated. Workstation name is not always available and may be left blank in some cases.

The impersonation level field indicates the extent to which a process in the logon session can impersonate.

The authentication information fields provide detailed information about this specific logon request.
	- Logon GUID is a unique identifier that can be used to correlate this event with a KDC event.
	- Transited services indicate which intermediate services have participated in this logon request.
	- Package name indicates which sub-protocol was used among the NTLM protocols.
	- Key length indicates the length of the generated session key. This will be 0 if no session key was requested.","C:\Windows\System32\services.exe","C:\Windows\System32\services.exe","services.exe","services.exe","-","-","-","-","-",644,"NETWORK SERVICE, MINWINPC$","-","_geoip_database_unavailable_GeoLite2-City.mmdb, _geoip_database_unavailable_GeoLite2-ASN.mmdb","NT AUTHORITY","-","-","-","-","S-1-5-20","NETWORK SERVICE","NETWORK SERVICE","-","-","-","-","-","-","-","{3E26C153-C519-0000-7BC3-263E19C5DB01}",Security,"WIN-D35FO1AQOB7","-","-","-","-","-",Negotiate,"-","-","-","-","-","-","-","-","-","-","-","-","-","-","-","-","-","-","-","-","-","-","-","-","-","-","-","-","-","-","-","-","-","-",Yes,"-","-","-","-","-","-","-","-","-","-","-","-","-","-","-","-","-","-","-",Impersonation,"-","-","-","-",0,"-","-","-","-","-","-","{00000000-0000-0000-0000-000000000000}","-","Advapi  ",5,"-","-","-","-","-","-","-","-","-","-","-","-","-","-","-","-","-","-","-","-","-","-","-","-","-","-","-","-","-","-","-","-","-","-","-","-","-","-","-","-","-","-","-","-","-","-","-","-","-","-",0x3e7,"MINWINPC$","S-1-5-18","NT AUTHORITY","-",0x0,"-",0x3e4,"-","-","-","-","-","-","NETWORK SERVICE","S-1-5-20","-","-","-","-","-","-","-","-","-","-",No,"-","-","-","-","-","-",4624,"Audit Success",0x3e7,Service,Info,664,704,"{54849625-5478-4994-A5BA-3E3B0328C30D}","Microsoft-Windows-Security-Auditing",53,Logon,"-","-","-","-",2
"May 15, 2025 @ 00:43:57.931",x3OK0pYBTOKMfpn69GCu,"-",".ds-winlogbeat-9.0.1-2025.05.15-000001","-","e9746f08-b281-4bca-8733-b5bd2a724318","DESKTOP-RM6P0RP","02b3b84a-7e01-4bfe-92b1-006b2bf66211","DESKTOP-RM6P0RP",winlogbeat,"9.0.1","8.17.0","logged-in-special",iam,4672,"May 15, 2025 @ 18:03:41.139","May 15, 2025 @ 09:04:01.974",event,security,success,"Microsoft-Windows-Security-Auditing",admin,"-","-","-","x86_64","DESKTOP-RM6P0RP","012c3c67-1f22-4e7f-b1df-b2e462931de1","fe80::1d50:4ea9:29d5:6c90, 192.168.184.16","00-0C-29-27-55-5F","desktop-rm6p0rp","19045.2006",windows,"10.0.19041.2006 (WinBuild.160101.0800)","Windows 10 Enterprise Evaluation","Windows 10 Enterprise Evaluation",windows,windows,"10.0",information,"Special privileges assigned to new logon.

Subject:
	Security ID:		S-1-5-20
	Account Name:		NETWORK SERVICE
	Account Domain:		NT AUTHORITY
	Logon ID:		0x3e4

Privileges:		SeAssignPrimaryTokenPrivilege
			SeAuditPrivilege
			SeImpersonatePrivilege","-","-","-","-","-","-","-","-","-","-","NETWORK SERVICE","-","_geoip_database_unavailable_GeoLite2-City.mmdb, _geoip_database_unavailable_GeoLite2-ASN.mmdb","NT AUTHORITY","-","-","-","-","S-1-5-20","NETWORK SERVICE","NETWORK SERVICE","-","-","-","-","-","-","-","{3E26C153-C519-0000-7BC3-263E19C5DB01}",Security,"WIN-D35FO1AQOB7","-","-","-","-","-","-","-","-","-","-","-","-","-","-","-","-","-","-","-","-","-","-","-","-","-","-","-","-","-","-","-","-","-","-","-","-","-","-","-","-","-","-","-","-","-","-","-","-","-","-","-","-","-","-","-","-","-","-","-","-","-","-","-","-","-","-","-","-","-","-","-","-","-","-","-","-","-","-","-","-","-","-","-","-","-","-","-","-","-","-","-","-","-","-","-","-","-","-","-","-","-","-","SeAssignPrimaryTokenPrivilege, SeAuditPrivilege, SeImpersonatePrivilege","-","-","-","-","-","-","-","-","-","-","-","-","-","-","-","-","-","-","-","-","-","-","NT AUTHORITY",0x3e4,"NETWORK SERVICE","S-1-5-20","-","-","-","-","-","-","-","-","-","-","-","-","-","-","-","-","-","-","-","-","-","-","-","-","-","-","-","-","-","-",4672,"Audit Success",0x3e4,"-",Info,664,704,"{54849625-5478-4994-A5BA-3E3B0328C30D}","Microsoft-Windows-Security-Auditing",54,"Special Logon","-","-","-","-","-"
"May 15, 2025 @ 00:43:55.297",wnOK0pYBTOKMfpn69GCu,"-",".ds-winlogbeat-9.0.1-2025.05.15-000001","-","e9746f08-b281-4bca-8733-b5bd2a724318","DESKTOP-RM6P0RP","02b3b84a-7e01-4bfe-92b1-006b2bf66211","DESKTOP-RM6P0RP",winlogbeat,"9.0.1","8.17.0","logged-in-explicit",authentication,4648,"May 15, 2025 @ 18:03:41.139","May 15, 2025 @ 09:04:01.965",event,security,success,"Microsoft-Windows-Security-Auditing",start,"-","-","-","x86_64","DESKTOP-RM6P0RP","012c3c67-1f22-4e7f-b1df-b2e462931de1","fe80::1d50:4ea9:29d5:6c90, 192.168.184.16","00-0C-29-27-55-5F","desktop-rm6p0rp","19045.2006",windows,"10.0.19041.2006 (WinBuild.160101.0800)","Windows 10 Enterprise Evaluation","Windows 10 Enterprise Evaluation",windows,windows,"10.0",information,"A logon was attempted using explicit credentials.

Subject:
	Security ID:		S-1-5-18
	Account Name:		MINWINPC$
	Account Domain:		
	Logon ID:		0x3e7
	Logon GUID:		{00000000-0000-0000-0000-000000000000}

Account Whose Credentials Were Used:
	Account Name:		UMFD-1
	Account Domain:		Font Driver Host
	Logon GUID:		{00000000-0000-0000-0000-000000000000}

Target Server:
	Target Server Name:	localhost
	Additional Information:	localhost

Process Information:
	Process ID:		0x22c
	Process Name:		C:\Windows\System32\winlogon.exe

Network Information:
	Network Address:	-
	Port:			-

This event is generated when a process attempts to log on an account by explicitly specifying that accounts credentials.  This most commonly occurs in batch-type configurations such as scheduled tasks, or when using the RUNAS command.","C:\Windows\System32\winlogon.exe","C:\Windows\System32\winlogon.exe","winlogon.exe","winlogon.exe","-","-","-","-","-",556,"UMFD-1, MINWINPC$","-","_geoip_database_unavailable_GeoLite2-City.mmdb, _geoip_database_unavailable_GeoLite2-ASN.mmdb","Font Driver Host","Font Driver Host","-","UMFD-1","UMFD-1","S-1-5-18","MINWINPC$","MINWINPC$","-","-","-","-","-","-","-","{3E26C153-C519-0000-7BC3-263E19C5DB01}",Security,"WIN-D35FO1AQOB7","-","-","-","-","-","-","-","-","-","-","-","-","-","-","-","-","-","-","-","-","-","-","-","-","-","-","-","-","-","-","-","-","-","-","-","-","-","-","-","-","-","-","-","-","-","-","-","-","-","-","-","-","-","-","-","-","-","-","-","-","-","-","-","-","-","-","-","-","-","-","-","-","{00000000-0000-0000-0000-000000000000}","-","-","-","-","-","-","-","-","-","-","-","-","-","-","-","-","-","-","-","-","-","-","-","-","-","-","-","-","-","-","-","-","-","-","-","-","-","-","-","-","-","-","-","-","-","-","-","-","-","-","-","-","-",0x3e7,"MINWINPC$","S-1-5-18","Font Driver Host",localhost,"-","{00000000-0000-0000-0000-000000000000}","-","-","-","-","-",localhost,"-","UMFD-1","-","-","-","-","-","-","-","-","-","-","-","-","-","-","-","-","-","-",4648,"Audit Success",0x3e7,"-",Info,664,716,"{54849625-5478-4994-A5BA-3E3B0328C30D}","Microsoft-Windows-Security-Auditing",49,Logon,"-","-","-","-","-"
"May 15, 2025 @ 00:43:55.297",w3OK0pYBTOKMfpn69GCu,"-",".ds-winlogbeat-9.0.1-2025.05.15-000001","-","e9746f08-b281-4bca-8733-b5bd2a724318","DESKTOP-RM6P0RP","02b3b84a-7e01-4bfe-92b1-006b2bf66211","DESKTOP-RM6P0RP",winlogbeat,"9.0.1","8.17.0","logged-in",authentication,4624,"May 15, 2025 @ 18:03:41.139","May 15, 2025 @ 09:04:01.969",event,security,success,"Microsoft-Windows-Security-Auditing",start,"-","-","-","x86_64","DESKTOP-RM6P0RP","012c3c67-1f22-4e7f-b1df-b2e462931de1","fe80::1d50:4ea9:29d5:6c90, 192.168.184.16","00-0C-29-27-55-5F","desktop-rm6p0rp","19045.2006",windows,"10.0.19041.2006 (WinBuild.160101.0800)","Windows 10 Enterprise Evaluation","Windows 10 Enterprise Evaluation",windows,windows,"10.0",information,"An account was successfully logged on.

Subject:
	Security ID:		S-1-5-18
	Account Name:		MINWINPC$
	Account Domain:		
	Logon ID:		0x3e7

Logon Information:
	Logon Type:		2
	Restricted Admin Mode:	-
	Virtual Account:		Yes
	Elevated Token:		No

Impersonation Level:		Impersonation

New Logon:
	Security ID:		S-1-5-96-0-1
	Account Name:		UMFD-1
	Account Domain:		Font Driver Host
	Logon ID:		0x1895e
	Linked Logon ID:		0x0
	Network Account Name:	-
	Network Account Domain:	-
	Logon GUID:		{00000000-0000-0000-0000-000000000000}

Process Information:
	Process ID:		0x22c
	Process Name:		C:\Windows\System32\winlogon.exe

Network Information:
	Workstation Name:	-
	Source Network Address:	-
	Source Port:		-

Detailed Authentication Information:
	Logon Process:		Advapi  
	Authentication Package:	Negotiate
	Transited Services:	-
	Package Name (NTLM only):	-
	Key Length:		0

This event is generated when a logon session is created. It is generated on the computer that was accessed.

The subject fields indicate the account on the local system which requested the logon. This is most commonly a service such as the Server service, or a local process such as Winlogon.exe or Services.exe.

The logon type field indicates the kind of logon that occurred. The most common types are 2 (interactive) and 3 (network).

The New Logon fields indicate the account for whom the new logon was created, i.e. the account that was logged on.

The network fields indicate where a remote logon request originated. Workstation name is not always available and may be left blank in some cases.

The impersonation level field indicates the extent to which a process in the logon session can impersonate.

The authentication information fields provide detailed information about this specific logon request.
	- Logon GUID is a unique identifier that can be used to correlate this event with a KDC event.
	- Transited services indicate which intermediate services have participated in this logon request.
	- Package name indicates which sub-protocol was used among the NTLM protocols.
	- Key length indicates the length of the generated session key. This will be 0 if no session key was requested.","C:\Windows\System32\winlogon.exe","C:\Windows\System32\winlogon.exe","winlogon.exe","winlogon.exe","-","-","-","-","-",556,"UMFD-1, MINWINPC$","-","_geoip_database_unavailable_GeoLite2-City.mmdb, _geoip_database_unavailable_GeoLite2-ASN.mmdb","Font Driver Host","-","-","-","-","S-1-5-96-0-1","UMFD-1","UMFD-1","-","-","-","-","-","-","-","{3E26C153-C519-0000-7BC3-263E19C5DB01}",Security,"WIN-D35FO1AQOB7","-","-","-","-","-",Negotiate,"-","-","-","-","-","-","-","-","-","-","-","-","-","-","-","-","-","-","-","-","-","-","-","-","-","-","-","-","-","-","-","-","-","-",No,"-","-","-","-","-","-","-","-","-","-","-","-","-","-","-","-","-","-","-",Impersonation,"-","-","-","-",0,"-","-","-","-","-","-","{00000000-0000-0000-0000-000000000000}","-","Advapi  ",2,"-","-","-","-","-","-","-","-","-","-","-","-","-","-","-","-","-","-","-","-","-","-","-","-","-","-","-","-","-","-","-","-","-","-","-","-","-","-","-","-","-","-","-","-","-","-","-","-","-","-",0x3e7,"MINWINPC$","S-1-5-18","Font Driver Host","-",0x0,"-",0x1895e,"-","-","-","-","-","-","UMFD-1","S-1-5-96-0-1","-","-","-","-","-","-","-","-","-","-",Yes,"-","-","-","-","-","-",4624,"Audit Success",0x3e7,Interactive,Info,664,716,"{54849625-5478-4994-A5BA-3E3B0328C30D}","Microsoft-Windows-Security-Auditing",50,Logon,"-","-","-","-",2
"May 15, 2025 @ 00:43:55.297",xHOK0pYBTOKMfpn69GCu,"-",".ds-winlogbeat-9.0.1-2025.05.15-000001","-","e9746f08-b281-4bca-8733-b5bd2a724318","DESKTOP-RM6P0RP","02b3b84a-7e01-4bfe-92b1-006b2bf66211","DESKTOP-RM6P0RP",winlogbeat,"9.0.1","8.17.0","logged-in-explicit",authentication,4648,"May 15, 2025 @ 18:03:41.139","May 15, 2025 @ 09:04:01.970",event,security,success,"Microsoft-Windows-Security-Auditing",start,"-","-","-","x86_64","DESKTOP-RM6P0RP","012c3c67-1f22-4e7f-b1df-b2e462931de1","fe80::1d50:4ea9:29d5:6c90, 192.168.184.16","00-0C-29-27-55-5F","desktop-rm6p0rp","19045.2006",windows,"10.0.19041.2006 (WinBuild.160101.0800)","Windows 10 Enterprise Evaluation","Windows 10 Enterprise Evaluation",windows,windows,"10.0",information,"A logon was attempted using explicit credentials.

Subject:
	Security ID:		S-1-5-18
	Account Name:		MINWINPC$
	Account Domain:		
	Logon ID:		0x3e7
	Logon GUID:		{00000000-0000-0000-0000-000000000000}

Account Whose Credentials Were Used:
	Account Name:		UMFD-0
	Account Domain:		Font Driver Host
	Logon GUID:		{00000000-0000-0000-0000-000000000000}

Target Server:
	Target Server Name:	localhost
	Additional Information:	localhost

Process Information:
	Process ID:		0x23c
	Process Name:		C:\Windows\System32\wininit.exe

Network Information:
	Network Address:	-
	Port:			-

This event is generated when a process attempts to log on an account by explicitly specifying that accounts credentials.  This most commonly occurs in batch-type configurations such as scheduled tasks, or when using the RUNAS command.","C:\Windows\System32\wininit.exe","C:\Windows\System32\wininit.exe","wininit.exe","wininit.exe","-","-","-","-","-",572,"UMFD-0, MINWINPC$","-","_geoip_database_unavailable_GeoLite2-City.mmdb, _geoip_database_unavailable_GeoLite2-ASN.mmdb","Font Driver Host","Font Driver Host","-","UMFD-0","UMFD-0","S-1-5-18","MINWINPC$","MINWINPC$","-","-","-","-","-","-","-","{3E26C153-C519-0000-7BC3-263E19C5DB01}",Security,"WIN-D35FO1AQOB7","-","-","-","-","-","-","-","-","-","-","-","-","-","-","-","-","-","-","-","-","-","-","-","-","-","-","-","-","-","-","-","-","-","-","-","-","-","-","-","-","-","-","-","-","-","-","-","-","-","-","-","-","-","-","-","-","-","-","-","-","-","-","-","-","-","-","-","-","-","-","-","-","{00000000-0000-0000-0000-000000000000}","-","-","-","-","-","-","-","-","-","-","-","-","-","-","-","-","-","-","-","-","-","-","-","-","-","-","-","-","-","-","-","-","-","-","-","-","-","-","-","-","-","-","-","-","-","-","-","-","-","-","-","-","-",0x3e7,"MINWINPC$","S-1-5-18","Font Driver Host",localhost,"-","{00000000-0000-0000-0000-000000000000}","-","-","-","-","-",localhost,"-","UMFD-0","-","-","-","-","-","-","-","-","-","-","-","-","-","-","-","-","-","-",4648,"Audit Success",0x3e7,"-",Info,664,772,"{54849625-5478-4994-A5BA-3E3B0328C30D}","Microsoft-Windows-Security-Auditing",51,Logon,"-","-","-","-","-"
