"May 15, 2025 @ 00:43:55.224",rnOK0pYBTOKMfpn69GCu,"-",".ds-winlogbeat-9.0.1-2025.05.15-000001","-","e9746f08-b281-4bca-8733-b5bd2a724318","DESKTOP-RM6P0RP","02b3b84a-7e01-4bfe-92b1-006b2bf66211","DESKTOP-RM6P0RP",winlogbeat,"9.0.1","8.17.0","added-group-account",iam,4731,"May 15, 2025 @ 18:03:41.139","May 15, 2025 @ 09:04:01.948",event,security,success,"Microsoft-Windows-Security-Auditing","group, creation",Builtin,"S-1-5-32-568","IIS_IUSRS","x86_64","DESKTOP-RM6P0RP","012c3c67-1f22-4e7f-b1df-b2e462931de1","fe80::1d50:4ea9:29d5:6c90, 192.168.184.16","00-0C-29-27-55-5F","desktop-rm6p0rp","19045.2006",windows,"10.0.19041.2006 (WinBuild.160101.0800)","Windows 10 Enterprise Evaluation","Windows 10 Enterprise Evaluation",windows,windows,"10.0",information,"A security-enabled local group was created.

Subject:
	Security ID:		S-1-5-18
	Account Name:		MINWINPC$
	Account Domain:		
	Logon ID:		0x3e7

New Group:
	Security ID:		S-1-5-32-568
	Group Name:		IIS_IUSRS
	Group Domain:		Builtin

Attributes:
	SAM Account Name:	IIS_IUSRS
	SID History:		-

Additional Information:
	Privileges:		-","-","-","-","-","-","-","-","-","-","-","MINWINPC$","-","_geoip_database_unavailable_GeoLite2-City.mmdb, _geoip_database_unavailable_GeoLite2-ASN.mmdb","-","-","-","-","-","S-1-5-18","MINWINPC$","MINWINPC$","-","-","-","-","-","-","-","{3E26C153-C519-0000-7BC3-263E19C5DB01}",Security,"WIN-D35FO1AQOB7","-","-","-","-","-","-","-","-","-","-","-","-","-","-","-","-","-","-","-","-","-","-","-","-","-","-","-","-","-","-","-","-","-","-","-","-","-","-","-","-","-","-","-","-","-","-","-","-","-","-","-","-","-","-","-","-","-","-","-","-","-","-","-","-","-","-","-","-","-","-","-","-","-","-","-","-","-","-","-","-","-","-","-","-","-","-","-","-","-","-","-","-","-","-","-","-","-","-","-","-","-","-","-","-","-","-","-","-","-","-","-","-","-","-","-","IIS_IUSRS","-","-","-","-","-","-","-","-","-","-",0x3e7,"MINWINPC$","S-1-5-18",Builtin,"-","-","-","-","-","-","-","-","-","S-1-5-32-568","IIS_IUSRS","-","-","-","-","-","-","-","-","-","-","-","-","-","-","-","-","-","-",4731,"Audit Success",0x3e7,"-",Info,664,668,"{54849625-5478-4994-A5BA-3E3B0328C30D}","Microsoft-Windows-Security-Auditing",29,"Security Group Management","-","-","-","-","-"
"May 15, 2025 @ 00:43:55.224",r3OK0pYBTOKMfpn69GCu,"-",".ds-winlogbeat-9.0.1-2025.05.15-000001","-","e9746f08-b281-4bca-8733-b5bd2a724318","DESKTOP-RM6P0RP","02b3b84a-7e01-4bfe-92b1-006b2bf66211","DESKTOP-RM6P0RP",winlogbeat,"9.0.1","8.17.0","modified-group-account",iam,4735,"May 15, 2025 @ 18:03:41.139","May 15, 2025 @ 09:04:01.948",event,security,success,"Microsoft-Windows-Security-Auditing","group, change",Builtin,"S-1-5-32-568","IIS_IUSRS","x86_64","DESKTOP-RM6P0RP","012c3c67-1f22-4e7f-b1df-b2e462931de1","fe80::1d50:4ea9:29d5:6c90, 192.168.184.16","00-0C-29-27-55-5F","desktop-rm6p0rp","19045.2006",windows,"10.0.19041.2006 (WinBuild.160101.0800)","Windows 10 Enterprise Evaluation","Windows 10 Enterprise Evaluation",windows,windows,"10.0",information,"A security-enabled local group was changed.

Subject:
	Security ID:		S-1-5-18
	Account Name:		MINWINPC$
	Account Domain:		
	Logon ID:		0x3e7

Group:
	Security ID:		S-1-5-32-568
	Group Name:		IIS_IUSRS
	Group Domain:		Builtin

Changed Attributes:
	SAM Account Name:	-
	SID History:		-

Additional Information:
	Privileges:		-","-","-","-","-","-","-","-","-","-","-","MINWINPC$","-","_geoip_database_unavailable_GeoLite2-City.mmdb, _geoip_database_unavailable_GeoLite2-ASN.mmdb","-","-","-","-","-","S-1-5-18","MINWINPC$","MINWINPC$","-","-","-","-","-","-","-","{3E26C153-C519-0000-7BC3-263E19C5DB01}",Security,"WIN-D35FO1AQOB7","-","-","-","-","-","-","-","-","-","-","-","-","-","-","-","-","-","-","-","-","-","-","-","-","-","-","-","-","-","-","-","-","-","-","-","-","-","-","-","-","-","-","-","-","-","-","-","-","-","-","-","-","-","-","-","-","-","-","-","-","-","-","-","-","-","-","-","-","-","-","-","-","-","-","-","-","-","-","-","-","-","-","-","-","-","-","-","-","-","-","-","-","-","-","-","-","-","-","-","-","-","-","-","-","-","-","-","-","-","-","-","-","-","-","-","-","-","-","-","-","-","-","-","-","-","-",0x3e7,"MINWINPC$","S-1-5-18",Builtin,"-","-","-","-","-","-","-","-","-","S-1-5-32-568","IIS_IUSRS","-","-","-","-","-","-","-","-","-","-","-","-","-","-","-","-","-","-",4735,"Audit Success",0x3e7,"-",Info,664,668,"{54849625-5478-4994-A5BA-3E3B0328C30D}","Microsoft-Windows-Security-Auditing",30,"Security Group Management","-","-","-","-","-"
"May 15, 2025 @ 00:43:55.224",sHOK0pYBTOKMfpn69GCu,"-",".ds-winlogbeat-9.0.1-2025.05.15-000001","-","e9746f08-b281-4bca-8733-b5bd2a724318","DESKTOP-RM6P0RP","02b3b84a-7e01-4bfe-92b1-006b2bf66211","DESKTOP-RM6P0RP",winlogbeat,"9.0.1","8.17.0","added-group-account",iam,4731,"May 15, 2025 @ 18:03:41.139","May 15, 2025 @ 09:04:01.948",event,security,success,"Microsoft-Windows-Security-Auditing","group, creation",Builtin,"S-1-5-32-569","Cryptographic Operators","x86_64","DESKTOP-RM6P0RP","012c3c67-1f22-4e7f-b1df-b2e462931de1","fe80::1d50:4ea9:29d5:6c90, 192.168.184.16","00-0C-29-27-55-5F","desktop-rm6p0rp","19045.2006",windows,"10.0.19041.2006 (WinBuild.160101.0800)","Windows 10 Enterprise Evaluation","Windows 10 Enterprise Evaluation",windows,windows,"10.0",information,"A security-enabled local group was created.

Subject:
	Security ID:		S-1-5-18
	Account Name:		MINWINPC$
	Account Domain:		
	Logon ID:		0x3e7

New Group:
	Security ID:		S-1-5-32-569
	Group Name:		Cryptographic Operators
	Group Domain:		Builtin

Attributes:
	SAM Account Name:	Cryptographic Operators
	SID History:		-

Additional Information:
	Privileges:		-","-","-","-","-","-","-","-","-","-","-","MINWINPC$","-","_geoip_database_unavailable_GeoLite2-City.mmdb, _geoip_database_unavailable_GeoLite2-ASN.mmdb","-","-","-","-","-","S-1-5-18","MINWINPC$","MINWINPC$","-","-","-","-","-","-","-","{3E26C153-C519-0000-7BC3-263E19C5DB01}",Security,"WIN-D35FO1AQOB7","-","-","-","-","-","-","-","-","-","-","-","-","-","-","-","-","-","-","-","-","-","-","-","-","-","-","-","-","-","-","-","-","-","-","-","-","-","-","-","-","-","-","-","-","-","-","-","-","-","-","-","-","-","-","-","-","-","-","-","-","-","-","-","-","-","-","-","-","-","-","-","-","-","-","-","-","-","-","-","-","-","-","-","-","-","-","-","-","-","-","-","-","-","-","-","-","-","-","-","-","-","-","-","-","-","-","-","-","-","-","-","-","-","-","-","Cryptographic Operators","-","-","-","-","-","-","-","-","-","-",0x3e7,"MINWINPC$","S-1-5-18",Builtin,"-","-","-","-","-","-","-","-","-","S-1-5-32-569","Cryptographic Operators","-","-","-","-","-","-","-","-","-","-","-","-","-","-","-","-","-","-",4731,"Audit Success",0x3e7,"-",Info,664,668,"{54849625-5478-4994-A5BA-3E3B0328C30D}","Microsoft-Windows-Security-Auditing",31,"Security Group Management","-","-","-","-","-"
"May 15, 2025 @ 00:43:55.224",sXOK0pYBTOKMfpn69GCu,"-",".ds-winlogbeat-9.0.1-2025.05.15-000001","-","e9746f08-b281-4bca-8733-b5bd2a724318","DESKTOP-RM6P0RP","02b3b84a-7e01-4bfe-92b1-006b2bf66211","DESKTOP-RM6P0RP",winlogbeat,"9.0.1","8.17.0","modified-group-account",iam,4735,"May 15, 2025 @ 18:03:41.139","May 15, 2025 @ 09:04:01.949",event,security,success,"Microsoft-Windows-Security-Auditing","group, change",Builtin,"S-1-5-32-569","Cryptographic Operators","x86_64","DESKTOP-RM6P0RP","012c3c67-1f22-4e7f-b1df-b2e462931de1","fe80::1d50:4ea9:29d5:6c90, 192.168.184.16","00-0C-29-27-55-5F","desktop-rm6p0rp","19045.2006",windows,"10.0.19041.2006 (WinBuild.160101.0800)","Windows 10 Enterprise Evaluation","Windows 10 Enterprise Evaluation",windows,windows,"10.0",information,"A security-enabled local group was changed.

Subject:
	Security ID:		S-1-5-18
	Account Name:		MINWINPC$
	Account Domain:		
	Logon ID:		0x3e7

Group:
	Security ID:		S-1-5-32-569
	Group Name:		Cryptographic Operators
	Group Domain:		Builtin

Changed Attributes:
	SAM Account Name:	-
	SID History:		-

Additional Information:
	Privileges:		-","-","-","-","-","-","-","-","-","-","-","MINWINPC$","-","_geoip_database_unavailable_GeoLite2-City.mmdb, _geoip_database_unavailable_GeoLite2-ASN.mmdb","-","-","-","-","-","S-1-5-18","MINWINPC$","MINWINPC$","-","-","-","-","-","-","-","{3E26C153-C519-0000-7BC3-263E19C5DB01}",Security,"WIN-D35FO1AQOB7","-","-","-","-","-","-","-","-","-","-","-","-","-","-","-","-","-","-","-","-","-","-","-","-","-","-","-","-","-","-","-","-","-","-","-","-","-","-","-","-","-","-","-","-","-","-","-","-","-","-","-","-","-","-","-","-","-","-","-","-","-","-","-","-","-","-","-","-","-","-","-","-","-","-","-","-","-","-","-","-","-","-","-","-","-","-","-","-","-","-","-","-","-","-","-","-","-","-","-","-","-","-","-","-","-","-","-","-","-","-","-","-","-","-","-","-","-","-","-","-","-","-","-","-","-","-",0x3e7,"MINWINPC$","S-1-5-18",Builtin,"-","-","-","-","-","-","-","-","-","S-1-5-32-569","Cryptographic Operators","-","-","-","-","-","-","-","-","-","-","-","-","-","-","-","-","-","-",4735,"Audit Success",0x3e7,"-",Info,664,668,"{54849625-5478-4994-A5BA-3E3B0328C30D}","Microsoft-Windows-Security-Auditing",32,"Security Group Management","-","-","-","-","-"
"May 15, 2025 @ 00:43:55.224",snOK0pYBTOKMfpn69GCu,"-",".ds-winlogbeat-9.0.1-2025.05.15-000001","-","e9746f08-b281-4bca-8733-b5bd2a724318","DESKTOP-RM6P0RP","02b3b84a-7e01-4bfe-92b1-006b2bf66211","DESKTOP-RM6P0RP",winlogbeat,"9.0.1","8.17.0","added-member-to-group",iam,4732,"May 15, 2025 @ 18:03:41.139","May 15, 2025 @ 09:04:01.949",event,security,success,"Microsoft-Windows-Security-Auditing","group, change",Builtin,"S-1-5-32-568","IIS_IUSRS","x86_64","DESKTOP-RM6P0RP","012c3c67-1f22-4e7f-b1df-b2e462931de1","fe80::1d50:4ea9:29d5:6c90, 192.168.184.16","00-0C-29-27-55-5F","desktop-rm6p0rp","19045.2006",windows,"10.0.19041.2006 (WinBuild.160101.0800)","Windows 10 Enterprise Evaluation","Windows 10 Enterprise Evaluation",windows,windows,"10.0",information,"A member was added to a security-enabled local group.

Subject:
	Security ID:		S-1-5-18
	Account Name:		MINWINPC$
	Account Domain:		
	Logon ID:		0x3e7

Member:
	Security ID:		S-1-5-17
	Account Name:		-

Group:
	Security ID:		S-1-5-32-568
	Group Name:		IIS_IUSRS
	Group Domain:		Builtin

Additional Information:
	Privileges:		-","-","-","-","-","-","-","-","-","-","-","-, MINWINPC$","-","_geoip_database_unavailable_GeoLite2-City.mmdb, _geoip_database_unavailable_GeoLite2-ASN.mmdb","-","-","-","-","-","S-1-5-18","MINWINPC$","MINWINPC$","-",Builtin,"S-1-5-32-568","IIS_IUSRS","-","-","-","{3E26C153-C519-0000-7BC3-263E19C5DB01}",Security,"WIN-D35FO1AQOB7","-","-","-","-","-","-","-","-","-","-","-","-","-","-","-","-","-","-","-","-","-","-","-","-","-","-","-","-","-","-","-","-","-","-","-","-","-","-","-","-","-","-","-","-","-","-","-","-","-","-","-","-","-","-","-","-","-","-","-","-","-","-","-","-","-","-","-","-","-","-","-","-","-","-","-","-","-","-","-","-","-","-","S-1-5-17","-","-","-","-","-","-","-","-","-","-","-","-","-","-","-","-","-","-","-","-","-","-","-","-","-","-","-","-","-","-","-","-","-","-","-","-","-","-","-","-","-","-","-",0x3e7,"MINWINPC$","S-1-5-18",Builtin,"-","-","-","-","-","-","-","-","-","S-1-5-32-568","IIS_IUSRS","-","-","-","-","-","-","-","-","-","-","-","-","-","-","-","-","-","-",4732,"Audit Success",0x3e7,"-",Info,664,668,"{54849625-5478-4994-A5BA-3E3B0328C30D}","Microsoft-Windows-Security-Auditing",33,"Security Group Management","-","-","-","-","-"
"May 15, 2025 @ 00:43:55.223",RXOL0pYBTOKMfpn6PmYV,"-",".ds-winlogbeat-9.0.1-2025.05.15-000001","-","e9746f08-b281-4bca-8733-b5bd2a724318","DESKTOP-RM6P0RP","02b3b84a-7e01-4bfe-92b1-006b2bf66211","DESKTOP-RM6P0RP",winlogbeat,"9.0.1","8.0.0",None,"-",16977,"May 15, 2025 @ 18:03:43.684","May 15, 2025 @ 09:04:20.759",event,"-","-","Microsoft-Windows-Directory-Services-SAM","-","-","-","-","x86_64","DESKTOP-RM6P0RP","012c3c67-1f22-4e7f-b1df-b2e462931de1","fe80::1d50:4ea9:29d5:6c90, 192.168.184.16","00-0C-29-27-55-5F","desktop-rm6p0rp","19045.2006",windows,"10.0.19041.2006 (WinBuild.160101.0800)","Windows 10 Enterprise Evaluation","Windows 10 Enterprise Evaluation",windows,windows,"10.0",information,"The domain is configured with the following minimum password length-related settings.

MinimumPasswordLength: 0

RelaxMinimumPasswordLengthLimits: 0

MinimumPasswordLengthAudit: -1

For more information see https://go.microsoft.com/fwlink/?LinkId=2097191.","-","-","-","-","-","-","-","-","-","-","-","-","-","-","-","-","-","-","-","-","-","-","-","-","-","-","-","-","{3E26C153-C519-0000-7BC3-263E19C5DB01}",System,"WIN-D35FO1AQOB7","-","-","-","-","-","-","-","-","-","-","-","-","-","-","-","-","-","-","-","-","-","-","-","-","-","-","-","-","-","-","-","-","-","-","-","-","-","-","-","-","-","-","-","-","-","-","-","-","-","-","-","-","-","-","-","-","-","-","-","-","-","-","-","-","-","-","-","-","-","-","-","-","-","-","-","-","-","-","-","-","-","-","-","-","-",0,"-1","-","-","-","-","-","-","-","-","-","-","-","-","-","-","-","-","-","-","-","-","-","-","-","-",0,"-","-","-","-","-","-","-","-","-","-","-","-","-","-","-","-","-","-","-","-","-","-","-","-","-","-","-","-","-","-","-","-","-","-","-","-","-","-","-","-","-","-","-","-","-","-","-",16977,"-","-","-",Info,664,668,"{0D4FDC09-8C27-494A-BDA0-505E4FD8ADAE}","Microsoft-Windows-Directory-Services-SAM",30,None,"NT AUTHORITY","S-1-5-18",SYSTEM,"Well Known Group","-"
"May 15, 2025 @ 00:43:55.223",RnOL0pYBTOKMfpn6PmYV,"-",".ds-winlogbeat-9.0.1-2025.05.15-000001","-","e9746f08-b281-4bca-8733-b5bd2a724318","DESKTOP-RM6P0RP","02b3b84a-7e01-4bfe-92b1-006b2bf66211","DESKTOP-RM6P0RP",winlogbeat,"9.0.1","8.0.0",None,"-",16983,"May 15, 2025 @ 18:03:43.684","May 15, 2025 @ 09:04:20.759",event,"-","-","Microsoft-Windows-Directory-Services-SAM","-","-","-","-","x86_64","DESKTOP-RM6P0RP","012c3c67-1f22-4e7f-b1df-b2e462931de1","fe80::1d50:4ea9:29d5:6c90, 192.168.184.16","00-0C-29-27-55-5F","desktop-rm6p0rp","19045.2006",windows,"10.0.19041.2006 (WinBuild.160101.0800)","Windows 10 Enterprise Evaluation","Windows 10 Enterprise Evaluation",windows,windows,"10.0",information,"The security account manager is now logging periodic summary events for remote clients that call legacy password change or set RPC methods.

For more information please see https://go.microsoft.com/fwlink/?linkid=2150956.","-","-","-","-","-","-","-","-","-","-","-","-","-","-","-","-","-","-","-","-","-","-","-","-","-","-","-","-","{3E26C153-C519-0000-7BC3-263E19C5DB01}",System,"WIN-D35FO1AQOB7","-","-","-","-","-","-","-","-","-","-","-","-","-","-","-","-","-","-","-","-","-","-","-","-","-","-","-","-","-","-","-","-","-","-","-","-","-","-","-","-","-","-","-","-","-","-","-","-","-","-","-","-","-","-","-","-","-","-","-","-","-","-","-","-","-","-","-","-","-","-","-","-","-","-","-","-","-","-","-","-","-","-","-","-","-","-","-","-","-","-","-","-","-","-","-","-","-","-","-","-","-","-","-","-","-","-","-","-","-","-","-","-","-","-","-","-","-","-","-","-","-","-","-","-","-","-","-","-","-","-","-","-","-","-","-","-","-","-","-","-","-","-","-","-","-","-","-","-","-","-","-","-","-","-","-","-","-","-","-",16983,"-","-","-",Info,664,668,"{0D4FDC09-8C27-494A-BDA0-505E4FD8ADAE}","Microsoft-Windows-Directory-Services-SAM",31,None,"NT AUTHORITY","S-1-5-18",SYSTEM,"Well Known Group","-"
"May 15, 2025 @ 00:43:55.223",pnOK0pYBTOKMfpn69GCu,"-",".ds-winlogbeat-9.0.1-2025.05.15-000001","-","e9746f08-b281-4bca-8733-b5bd2a724318","DESKTOP-RM6P0RP","02b3b84a-7e01-4bfe-92b1-006b2bf66211","DESKTOP-RM6P0RP",winlogbeat,"9.0.1","8.17.0","added-group-account",iam,4731,"May 15, 2025 @ 18:03:41.139","May 15, 2025 @ 09:04:01.945",event,security,success,"Microsoft-Windows-Security-Auditing","group, creation",Builtin,"S-1-5-32-556","Network Configuration Operators","x86_64","DESKTOP-RM6P0RP","012c3c67-1f22-4e7f-b1df-b2e462931de1","fe80::1d50:4ea9:29d5:6c90, 192.168.184.16","00-0C-29-27-55-5F","desktop-rm6p0rp","19045.2006",windows,"10.0.19041.2006 (WinBuild.160101.0800)","Windows 10 Enterprise Evaluation","Windows 10 Enterprise Evaluation",windows,windows,"10.0",information,"A security-enabled local group was created.

Subject:
	Security ID:		S-1-5-18
	Account Name:		MINWINPC$
	Account Domain:		
	Logon ID:		0x3e7

New Group:
	Security ID:		S-1-5-32-556
	Group Name:		Network Configuration Operators
	Group Domain:		Builtin

Attributes:
	SAM Account Name:	Network Configuration Operators
	SID History:		-

Additional Information:
	Privileges:		-","-","-","-","-","-","-","-","-","-","-","MINWINPC$","-","_geoip_database_unavailable_GeoLite2-City.mmdb, _geoip_database_unavailable_GeoLite2-ASN.mmdb","-","-","-","-","-","S-1-5-18","MINWINPC$","MINWINPC$","-","-","-","-","-","-","-","{3E26C153-C519-0000-7BC3-263E19C5DB01}",Security,"WIN-D35FO1AQOB7","-","-","-","-","-","-","-","-","-","-","-","-","-","-","-","-","-","-","-","-","-","-","-","-","-","-","-","-","-","-","-","-","-","-","-","-","-","-","-","-","-","-","-","-","-","-","-","-","-","-","-","-","-","-","-","-","-","-","-","-","-","-","-","-","-","-","-","-","-","-","-","-","-","-","-","-","-","-","-","-","-","-","-","-","-","-","-","-","-","-","-","-","-","-","-","-","-","-","-","-","-","-","-","-","-","-","-","-","-","-","-","-","-","-","-","Network Configuration Operators","-","-","-","-","-","-","-","-","-","-",0x3e7,"MINWINPC$","S-1-5-18",Builtin,"-","-","-","-","-","-","-","-","-","S-1-5-32-556","Network Configuration Operators","-","-","-","-","-","-","-","-","-","-","-","-","-","-","-","-","-","-",4731,"Audit Success",0x3e7,"-",Info,664,668,"{54849625-5478-4994-A5BA-3E3B0328C30D}","Microsoft-Windows-Security-Auditing",21,"Security Group Management","-","-","-","-","-"
"May 15, 2025 @ 00:43:55.223",p3OK0pYBTOKMfpn69GCu,"-",".ds-winlogbeat-9.0.1-2025.05.15-000001","-","e9746f08-b281-4bca-8733-b5bd2a724318","DESKTOP-RM6P0RP","02b3b84a-7e01-4bfe-92b1-006b2bf66211","DESKTOP-RM6P0RP",winlogbeat,"9.0.1","8.17.0","modified-group-account",iam,4735,"May 15, 2025 @ 18:03:41.139","May 15, 2025 @ 09:04:01.946",event,security,success,"Microsoft-Windows-Security-Auditing","group, change",Builtin,"S-1-5-32-556","Network Configuration Operators","x86_64","DESKTOP-RM6P0RP","012c3c67-1f22-4e7f-b1df-b2e462931de1","fe80::1d50:4ea9:29d5:6c90, 192.168.184.16","00-0C-29-27-55-5F","desktop-rm6p0rp","19045.2006",windows,"10.0.19041.2006 (WinBuild.160101.0800)","Windows 10 Enterprise Evaluation","Windows 10 Enterprise Evaluation",windows,windows,"10.0",information,"A security-enabled local group was changed.

Subject:
	Security ID:		S-1-5-18
	Account Name:		MINWINPC$
	Account Domain:		
	Logon ID:		0x3e7

Group:
	Security ID:		S-1-5-32-556
	Group Name:		Network Configuration Operators
	Group Domain:		Builtin

Changed Attributes:
	SAM Account Name:	-
	SID History:		-

Additional Information:
	Privileges:		-","-","-","-","-","-","-","-","-","-","-","MINWINPC$","-","_geoip_database_unavailable_GeoLite2-City.mmdb, _geoip_database_unavailable_GeoLite2-ASN.mmdb","-","-","-","-","-","S-1-5-18","MINWINPC$","MINWINPC$","-","-","-","-","-","-","-","{3E26C153-C519-0000-7BC3-263E19C5DB01}",Security,"WIN-D35FO1AQOB7","-","-","-","-","-","-","-","-","-","-","-","-","-","-","-","-","-","-","-","-","-","-","-","-","-","-","-","-","-","-","-","-","-","-","-","-","-","-","-","-","-","-","-","-","-","-","-","-","-","-","-","-","-","-","-","-","-","-","-","-","-","-","-","-","-","-","-","-","-","-","-","-","-","-","-","-","-","-","-","-","-","-","-","-","-","-","-","-","-","-","-","-","-","-","-","-","-","-","-","-","-","-","-","-","-","-","-","-","-","-","-","-","-","-","-","-","-","-","-","-","-","-","-","-","-","-",0x3e7,"MINWINPC$","S-1-5-18",Builtin,"-","-","-","-","-","-","-","-","-","S-1-5-32-556","Network Configuration Operators","-","-","-","-","-","-","-","-","-","-","-","-","-","-","-","-","-","-",4735,"Audit Success",0x3e7,"-",Info,664,668,"{54849625-5478-4994-A5BA-3E3B0328C30D}","Microsoft-Windows-Security-Auditing",22,"Security Group Management","-","-","-","-","-"
"May 15, 2025 @ 00:43:55.223",qHOK0pYBTOKMfpn69GCu,"-",".ds-winlogbeat-9.0.1-2025.05.15-000001","-","e9746f08-b281-4bca-8733-b5bd2a724318","DESKTOP-RM6P0RP","02b3b84a-7e01-4bfe-92b1-006b2bf66211","DESKTOP-RM6P0RP",winlogbeat,"9.0.1","8.17.0","added-group-account",iam,4731,"May 15, 2025 @ 18:03:41.139","May 15, 2025 @ 09:04:01.947",event,security,success,"Microsoft-Windows-Security-Auditing","group, creation",Builtin,"S-1-5-32-558","Performance Monitor Users","x86_64","DESKTOP-RM6P0RP","012c3c67-1f22-4e7f-b1df-b2e462931de1","fe80::1d50:4ea9:29d5:6c90, 192.168.184.16","00-0C-29-27-55-5F","desktop-rm6p0rp","19045.2006",windows,"10.0.19041.2006 (WinBuild.160101.0800)","Windows 10 Enterprise Evaluation","Windows 10 Enterprise Evaluation",windows,windows,"10.0",information,"A security-enabled local group was created.

Subject:
	Security ID:		S-1-5-18
	Account Name:		MINWINPC$
	Account Domain:		
	Logon ID:		0x3e7

New Group:
	Security ID:		S-1-5-32-558
	Group Name:		Performance Monitor Users
	Group Domain:		Builtin

Attributes:
	SAM Account Name:	Performance Monitor Users
	SID History:		-

Additional Information:
	Privileges:		-","-","-","-","-","-","-","-","-","-","-","MINWINPC$","-","_geoip_database_unavailable_GeoLite2-City.mmdb, _geoip_database_unavailable_GeoLite2-ASN.mmdb","-","-","-","-","-","S-1-5-18","MINWINPC$","MINWINPC$","-","-","-","-","-","-","-","{3E26C153-C519-0000-7BC3-263E19C5DB01}",Security,"WIN-D35FO1AQOB7","-","-","-","-","-","-","-","-","-","-","-","-","-","-","-","-","-","-","-","-","-","-","-","-","-","-","-","-","-","-","-","-","-","-","-","-","-","-","-","-","-","-","-","-","-","-","-","-","-","-","-","-","-","-","-","-","-","-","-","-","-","-","-","-","-","-","-","-","-","-","-","-","-","-","-","-","-","-","-","-","-","-","-","-","-","-","-","-","-","-","-","-","-","-","-","-","-","-","-","-","-","-","-","-","-","-","-","-","-","-","-","-","-","-","-","Performance Monitor Users","-","-","-","-","-","-","-","-","-","-",0x3e7,"MINWINPC$","S-1-5-18",Builtin,"-","-","-","-","-","-","-","-","-","S-1-5-32-558","Performance Monitor Users","-","-","-","-","-","-","-","-","-","-","-","-","-","-","-","-","-","-",4731,"Audit Success",0x3e7,"-",Info,664,668,"{54849625-5478-4994-A5BA-3E3B0328C30D}","Microsoft-Windows-Security-Auditing",23,"Security Group Management","-","-","-","-","-"
"May 15, 2025 @ 00:43:55.223",qXOK0pYBTOKMfpn69GCu,"-",".ds-winlogbeat-9.0.1-2025.05.15-000001","-","e9746f08-b281-4bca-8733-b5bd2a724318","DESKTOP-RM6P0RP","02b3b84a-7e01-4bfe-92b1-006b2bf66211","DESKTOP-RM6P0RP",winlogbeat,"9.0.1","8.17.0","modified-group-account",iam,4735,"May 15, 2025 @ 18:03:41.139","May 15, 2025 @ 09:04:01.947",event,security,success,"Microsoft-Windows-Security-Auditing","group, change",Builtin,"S-1-5-32-558","Performance Monitor Users","x86_64","DESKTOP-RM6P0RP","012c3c67-1f22-4e7f-b1df-b2e462931de1","fe80::1d50:4ea9:29d5:6c90, 192.168.184.16","00-0C-29-27-55-5F","desktop-rm6p0rp","19045.2006",windows,"10.0.19041.2006 (WinBuild.160101.0800)","Windows 10 Enterprise Evaluation","Windows 10 Enterprise Evaluation",windows,windows,"10.0",information,"A security-enabled local group was changed.

Subject:
	Security ID:		S-1-5-18
	Account Name:		MINWINPC$
	Account Domain:		
	Logon ID:		0x3e7

Group:
	Security ID:		S-1-5-32-558
	Group Name:		Performance Monitor Users
	Group Domain:		Builtin

Changed Attributes:
	SAM Account Name:	-
	SID History:		-

Additional Information:
	Privileges:		-","-","-","-","-","-","-","-","-","-","-","MINWINPC$","-","_geoip_database_unavailable_GeoLite2-City.mmdb, _geoip_database_unavailable_GeoLite2-ASN.mmdb","-","-","-","-","-","S-1-5-18","MINWINPC$","MINWINPC$","-","-","-","-","-","-","-","{3E26C153-C519-0000-7BC3-263E19C5DB01}",Security,"WIN-D35FO1AQOB7","-","-","-","-","-","-","-","-","-","-","-","-","-","-","-","-","-","-","-","-","-","-","-","-","-","-","-","-","-","-","-","-","-","-","-","-","-","-","-","-","-","-","-","-","-","-","-","-","-","-","-","-","-","-","-","-","-","-","-","-","-","-","-","-","-","-","-","-","-","-","-","-","-","-","-","-","-","-","-","-","-","-","-","-","-","-","-","-","-","-","-","-","-","-","-","-","-","-","-","-","-","-","-","-","-","-","-","-","-","-","-","-","-","-","-","-","-","-","-","-","-","-","-","-","-","-",0x3e7,"MINWINPC$","S-1-5-18",Builtin,"-","-","-","-","-","-","-","-","-","S-1-5-32-558","Performance Monitor Users","-","-","-","-","-","-","-","-","-","-","-","-","-","-","-","-","-","-",4735,"Audit Success",0x3e7,"-",Info,664,668,"{54849625-5478-4994-A5BA-3E3B0328C30D}","Microsoft-Windows-Security-Auditing",24,"Security Group Management","-","-","-","-","-"
"May 15, 2025 @ 00:43:55.223",qnOK0pYBTOKMfpn69GCu,"-",".ds-winlogbeat-9.0.1-2025.05.15-000001","-","e9746f08-b281-4bca-8733-b5bd2a724318","DESKTOP-RM6P0RP","02b3b84a-7e01-4bfe-92b1-006b2bf66211","DESKTOP-RM6P0RP",winlogbeat,"9.0.1","8.17.0","added-group-account",iam,4731,"May 15, 2025 @ 18:03:41.139","May 15, 2025 @ 09:04:01.947",event,security,success,"Microsoft-Windows-Security-Auditing","group, creation",Builtin,"S-1-5-32-559","Performance Log Users","x86_64","DESKTOP-RM6P0RP","012c3c67-1f22-4e7f-b1df-b2e462931de1","fe80::1d50:4ea9:29d5:6c90, 192.168.184.16","00-0C-29-27-55-5F","desktop-rm6p0rp","19045.2006",windows,"10.0.19041.2006 (WinBuild.160101.0800)","Windows 10 Enterprise Evaluation","Windows 10 Enterprise Evaluation",windows,windows,"10.0",information,"A security-enabled local group was created.

Subject:
	Security ID:		S-1-5-18
	Account Name:		MINWINPC$
	Account Domain:		
	Logon ID:		0x3e7

New Group:
	Security ID:		S-1-5-32-559
	Group Name:		Performance Log Users
	Group Domain:		Builtin

Attributes:
	SAM Account Name:	Performance Log Users
	SID History:		-

Additional Information:
	Privileges:		-","-","-","-","-","-","-","-","-","-","-","MINWINPC$","-","_geoip_database_unavailable_GeoLite2-City.mmdb, _geoip_database_unavailable_GeoLite2-ASN.mmdb","-","-","-","-","-","S-1-5-18","MINWINPC$","MINWINPC$","-","-","-","-","-","-","-","{3E26C153-C519-0000-7BC3-263E19C5DB01}",Security,"WIN-D35FO1AQOB7","-","-","-","-","-","-","-","-","-","-","-","-","-","-","-","-","-","-","-","-","-","-","-","-","-","-","-","-","-","-","-","-","-","-","-","-","-","-","-","-","-","-","-","-","-","-","-","-","-","-","-","-","-","-","-","-","-","-","-","-","-","-","-","-","-","-","-","-","-","-","-","-","-","-","-","-","-","-","-","-","-","-","-","-","-","-","-","-","-","-","-","-","-","-","-","-","-","-","-","-","-","-","-","-","-","-","-","-","-","-","-","-","-","-","-","Performance Log Users","-","-","-","-","-","-","-","-","-","-",0x3e7,"MINWINPC$","S-1-5-18",Builtin,"-","-","-","-","-","-","-","-","-","S-1-5-32-559","Performance Log Users","-","-","-","-","-","-","-","-","-","-","-","-","-","-","-","-","-","-",4731,"Audit Success",0x3e7,"-",Info,664,668,"{54849625-5478-4994-A5BA-3E3B0328C30D}","Microsoft-Windows-Security-Auditing",25,"Security Group Management","-","-","-","-","-"
"May 15, 2025 @ 00:43:55.223",q3OK0pYBTOKMfpn69GCu,"-",".ds-winlogbeat-9.0.1-2025.05.15-000001","-","e9746f08-b281-4bca-8733-b5bd2a724318","DESKTOP-RM6P0RP","02b3b84a-7e01-4bfe-92b1-006b2bf66211","DESKTOP-RM6P0RP",winlogbeat,"9.0.1","8.17.0","modified-group-account",iam,4735,"May 15, 2025 @ 18:03:41.139","May 15, 2025 @ 09:04:01.947",event,security,success,"Microsoft-Windows-Security-Auditing","group, change",Builtin,"S-1-5-32-559","Performance Log Users","x86_64","DESKTOP-RM6P0RP","012c3c67-1f22-4e7f-b1df-b2e462931de1","fe80::1d50:4ea9:29d5:6c90, 192.168.184.16","00-0C-29-27-55-5F","desktop-rm6p0rp","19045.2006",windows,"10.0.19041.2006 (WinBuild.160101.0800)","Windows 10 Enterprise Evaluation","Windows 10 Enterprise Evaluation",windows,windows,"10.0",information,"A security-enabled local group was changed.

Subject:
	Security ID:		S-1-5-18
	Account Name:		MINWINPC$
	Account Domain:		
	Logon ID:		0x3e7

Group:
	Security ID:		S-1-5-32-559
	Group Name:		Performance Log Users
	Group Domain:		Builtin

Changed Attributes:
	SAM Account Name:	-
	SID History:		-

Additional Information:
	Privileges:		-","-","-","-","-","-","-","-","-","-","-","MINWINPC$","-","_geoip_database_unavailable_GeoLite2-City.mmdb, _geoip_database_unavailable_GeoLite2-ASN.mmdb","-","-","-","-","-","S-1-5-18","MINWINPC$","MINWINPC$","-","-","-","-","-","-","-","{3E26C153-C519-0000-7BC3-263E19C5DB01}",Security,"WIN-D35FO1AQOB7","-","-","-","-","-","-","-","-","-","-","-","-","-","-","-","-","-","-","-","-","-","-","-","-","-","-","-","-","-","-","-","-","-","-","-","-","-","-","-","-","-","-","-","-","-","-","-","-","-","-","-","-","-","-","-","-","-","-","-","-","-","-","-","-","-","-","-","-","-","-","-","-","-","-","-","-","-","-","-","-","-","-","-","-","-","-","-","-","-","-","-","-","-","-","-","-","-","-","-","-","-","-","-","-","-","-","-","-","-","-","-","-","-","-","-","-","-","-","-","-","-","-","-","-","-","-",0x3e7,"MINWINPC$","S-1-5-18",Builtin,"-","-","-","-","-","-","-","-","-","S-1-5-32-559","Performance Log Users","-","-","-","-","-","-","-","-","-","-","-","-","-","-","-","-","-","-",4735,"Audit Success",0x3e7,"-",Info,664,668,"{54849625-5478-4994-A5BA-3E3B0328C30D}","Microsoft-Windows-Security-Auditing",26,"Security Group Management","-","-","-","-","-"
"May 15, 2025 @ 00:43:55.222",pHOK0pYBTOKMfpn69GCu,"-",".ds-winlogbeat-9.0.1-2025.05.15-000001","-","e9746f08-b281-4bca-8733-b5bd2a724318","DESKTOP-RM6P0RP","02b3b84a-7e01-4bfe-92b1-006b2bf66211","DESKTOP-RM6P0RP",winlogbeat,"9.0.1","8.17.0","added-group-account",iam,4731,"May 15, 2025 @ 18:03:41.139","May 15, 2025 @ 09:04:01.943",event,security,success,"Microsoft-Windows-Security-Auditing","group, creation",Builtin,"S-1-5-32-555","Remote Desktop Users","x86_64","DESKTOP-RM6P0RP","012c3c67-1f22-4e7f-b1df-b2e462931de1","fe80::1d50:4ea9:29d5:6c90, 192.168.184.16","00-0C-29-27-55-5F","desktop-rm6p0rp","19045.2006",windows,"10.0.19041.2006 (WinBuild.160101.0800)","Windows 10 Enterprise Evaluation","Windows 10 Enterprise Evaluation",windows,windows,"10.0",information,"A security-enabled local group was created.

Subject:
	Security ID:		S-1-5-18
	Account Name:		MINWINPC$
	Account Domain:		
	Logon ID:		0x3e7

New Group:
	Security ID:		S-1-5-32-555
	Group Name:		Remote Desktop Users
	Group Domain:		Builtin

Attributes:
	SAM Account Name:	Remote Desktop Users
	SID History:		-

Additional Information:
	Privileges:		-","-","-","-","-","-","-","-","-","-","-","MINWINPC$","-","_geoip_database_unavailable_GeoLite2-City.mmdb, _geoip_database_unavailable_GeoLite2-ASN.mmdb","-","-","-","-","-","S-1-5-18","MINWINPC$","MINWINPC$","-","-","-","-","-","-","-","{3E26C153-C519-0000-7BC3-263E19C5DB01}",Security,"WIN-D35FO1AQOB7","-","-","-","-","-","-","-","-","-","-","-","-","-","-","-","-","-","-","-","-","-","-","-","-","-","-","-","-","-","-","-","-","-","-","-","-","-","-","-","-","-","-","-","-","-","-","-","-","-","-","-","-","-","-","-","-","-","-","-","-","-","-","-","-","-","-","-","-","-","-","-","-","-","-","-","-","-","-","-","-","-","-","-","-","-","-","-","-","-","-","-","-","-","-","-","-","-","-","-","-","-","-","-","-","-","-","-","-","-","-","-","-","-","-","-","Remote Desktop Users","-","-","-","-","-","-","-","-","-","-",0x3e7,"MINWINPC$","S-1-5-18",Builtin,"-","-","-","-","-","-","-","-","-","S-1-5-32-555","Remote Desktop Users","-","-","-","-","-","-","-","-","-","-","-","-","-","-","-","-","-","-",4731,"Audit Success",0x3e7,"-",Info,664,668,"{54849625-5478-4994-A5BA-3E3B0328C30D}","Microsoft-Windows-Security-Auditing",19,"Security Group Management","-","-","-","-","-"
"May 15, 2025 @ 00:43:55.222",pXOK0pYBTOKMfpn69GCu,"-",".ds-winlogbeat-9.0.1-2025.05.15-000001","-","e9746f08-b281-4bca-8733-b5bd2a724318","DESKTOP-RM6P0RP","02b3b84a-7e01-4bfe-92b1-006b2bf66211","DESKTOP-RM6P0RP",winlogbeat,"9.0.1","8.17.0","modified-group-account",iam,4735,"May 15, 2025 @ 18:03:41.139","May 15, 2025 @ 09:04:01.945",event,security,success,"Microsoft-Windows-Security-Auditing","group, change",Builtin,"S-1-5-32-555","Remote Desktop Users","x86_64","DESKTOP-RM6P0RP","012c3c67-1f22-4e7f-b1df-b2e462931de1","fe80::1d50:4ea9:29d5:6c90, 192.168.184.16","00-0C-29-27-55-5F","desktop-rm6p0rp","19045.2006",windows,"10.0.19041.2006 (WinBuild.160101.0800)","Windows 10 Enterprise Evaluation","Windows 10 Enterprise Evaluation",windows,windows,"10.0",information,"A security-enabled local group was changed.

Subject:
	Security ID:		S-1-5-18
	Account Name:		MINWINPC$
	Account Domain:		
	Logon ID:		0x3e7

Group:
	Security ID:		S-1-5-32-555
	Group Name:		Remote Desktop Users
	Group Domain:		Builtin

Changed Attributes:
	SAM Account Name:	-
	SID History:		-

Additional Information:
	Privileges:		-","-","-","-","-","-","-","-","-","-","-","MINWINPC$","-","_geoip_database_unavailable_GeoLite2-City.mmdb, _geoip_database_unavailable_GeoLite2-ASN.mmdb","-","-","-","-","-","S-1-5-18","MINWINPC$","MINWINPC$","-","-","-","-","-","-","-","{3E26C153-C519-0000-7BC3-263E19C5DB01}",Security,"WIN-D35FO1AQOB7","-","-","-","-","-","-","-","-","-","-","-","-","-","-","-","-","-","-","-","-","-","-","-","-","-","-","-","-","-","-","-","-","-","-","-","-","-","-","-","-","-","-","-","-","-","-","-","-","-","-","-","-","-","-","-","-","-","-","-","-","-","-","-","-","-","-","-","-","-","-","-","-","-","-","-","-","-","-","-","-","-","-","-","-","-","-","-","-","-","-","-","-","-","-","-","-","-","-","-","-","-","-","-","-","-","-","-","-","-","-","-","-","-","-","-","-","-","-","-","-","-","-","-","-","-","-",0x3e7,"MINWINPC$","S-1-5-18",Builtin,"-","-","-","-","-","-","-","-","-","S-1-5-32-555","Remote Desktop Users","-","-","-","-","-","-","-","-","-","-","-","-","-","-","-","-","-","-",4735,"Audit Success",0x3e7,"-",Info,664,668,"{54849625-5478-4994-A5BA-3E3B0328C30D}","Microsoft-Windows-Security-Auditing",20,"Security Group Management","-","-","-","-","-"
"May 15, 2025 @ 00:43:55.097",RHOL0pYBTOKMfpn6PmYV,"-",".ds-winlogbeat-9.0.1-2025.05.15-000001","-","e9746f08-b281-4bca-8733-b5bd2a724318","DESKTOP-RM6P0RP","02b3b84a-7e01-4bfe-92b1-006b2bf66211","DESKTOP-RM6P0RP",winlogbeat,"9.0.1","8.0.0",None,"-",16,"May 15, 2025 @ 18:03:43.684","May 15, 2025 @ 09:04:20.759",event,"-","-","Microsoft-Windows-Kernel-General","-","-","-","-","x86_64","DESKTOP-RM6P0RP","012c3c67-1f22-4e7f-b1df-b2e462931de1","fe80::1d50:4ea9:29d5:6c90, 192.168.184.16","00-0C-29-27-55-5F","desktop-rm6p0rp","19045.2006",windows,"10.0.19041.2006 (WinBuild.160101.0800)","Windows 10 Enterprise Evaluation","Windows 10 Enterprise Evaluation",windows,windows,"10.0",information,"The access history in hive \SystemRoot\System32\Config\SAM was cleared updating 1 keys and creating 1 modified pages.","-","-","-","-","-","-","-","-","-","-","-","-","-","-","-","-","-","-","-","-","-","-","-","-","-","-","-","-","-",System,"WIN-D35FO1AQOB7","-","-","-","-","-","-","-","-","-","-","-","-","-","-","-","-","-","-","-","-","-","-","-","-","-","-","-","-","-",1,"-","-","-","-","-","-","-","-","-","-","-","-","-","-","-","-","-","-","-","-","\SystemRoot\System32\Config\SAM",31,"-","-","-","-","-","-","-","-","-","-","-","-","-","-",1,"-","-","-","-","-","-","-","-","-","-","-","-","-","-","-","-","-","-","-","-","-","-","-","-","-","-","-","-","-","-","-","-","-","-","-","-","-","-","-","-","-","-","-","-","-","-","-","-","-","-","-","-","-","-","-","-","-","-","-","-","-","-","-","-","-","-","-","-","-","-","-","-","-","-","-","-","-","-","-","-","-","-","-","-","-","-","-","-","-","-","-","-",16,"-","-","-",Info,92,376,"{A68CA8B7-004F-D7B6-A698-07E2DE0F1F5D}","Microsoft-Windows-Kernel-General",29,None,"NT AUTHORITY","S-1-5-18",SYSTEM,"Well Known Group","-"
"May 15, 2025 @ 00:43:55.095",Q3OL0pYBTOKMfpn6PmYV,"-",".ds-winlogbeat-9.0.1-2025.05.15-000001","-","e9746f08-b281-4bca-8733-b5bd2a724318","DESKTOP-RM6P0RP","02b3b84a-7e01-4bfe-92b1-006b2bf66211","DESKTOP-RM6P0RP",winlogbeat,"9.0.1","8.0.0",None,"-",16962,"May 15, 2025 @ 18:03:43.684","May 15, 2025 @ 09:04:20.759",event,"-","-","Microsoft-Windows-Directory-Services-SAM","-","-","-","-","x86_64","DESKTOP-RM6P0RP","012c3c67-1f22-4e7f-b1df-b2e462931de1","fe80::1d50:4ea9:29d5:6c90, 192.168.184.16","00-0C-29-27-55-5F","desktop-rm6p0rp","19045.2006",windows,"10.0.19041.2006 (WinBuild.160101.0800)","Windows 10 Enterprise Evaluation","Windows 10 Enterprise Evaluation",windows,windows,"10.0",information,"Remote calls to the SAM database are being restricted using the default security descriptor: O:SYG:SYD:(A;;RC;;;BA).
For more information please see http://go.microsoft.com/fwlink/?LinkId=787651.","-","-","-","-","-","-","-","-","-","-","-","-","-","-","-","-","-","-","-","-","-","-","-","-","-","-","-","-","{3E26C153-C519-0000-7BC3-263E19C5DB01}",System,"WIN-D35FO1AQOB7","-","-","-","-","-","-","-","-","-","-","-","-","-","-","-","-","-","-","-","-","-","-","-","O:SYG:SYD:(A;;RC;;;BA)","-","-","-","-","-","-","-","-","-","-","-","-","-","-","-","-","-","-","-","-","-","-","-","-","-","-","-","-","-","-","-","-","-","-","-","-","-","-","-","-","-","-","-","-","-","-","-","-","-","-","-","-","-","-","-","-","-","-","-","-","-","-","-","-","-","-","-","-","-","-","-","-","-","-","-","-","-","-","-","-","-","-","-","-","-","-","-","-","-","-","-","-","-","-","-","-","-","-","-","-","-","-","-","-","-","-","-","-","-","-","-","-","-","-","-","-","-","-","-","-","-","-","-","-","-","-","-","-","-","-","-","-","-","-","-",16962,"-","-","-",Info,664,668,"{0D4FDC09-8C27-494A-BDA0-505E4FD8ADAE}","Microsoft-Windows-Directory-Services-SAM",28,None,"NT AUTHORITY","S-1-5-18",SYSTEM,"Well Known Group","-"
"May 15, 2025 @ 00:43:55.020",o3OK0pYBTOKMfpn69GCu,"-",".ds-winlogbeat-9.0.1-2025.05.15-000001","-","e9746f08-b281-4bca-8733-b5bd2a724318","DESKTOP-RM6P0RP","02b3b84a-7e01-4bfe-92b1-006b2bf66211","DESKTOP-RM6P0RP",winlogbeat,"9.0.1","8.17.0","system-security-access-granted","iam, configuration",4717,"May 15, 2025 @ 18:03:41.139","May 15, 2025 @ 09:04:01.930",event,security,success,"Microsoft-Windows-Security-Auditing","admin, change","-","-","-","x86_64","DESKTOP-RM6P0RP","012c3c67-1f22-4e7f-b1df-b2e462931de1","fe80::1d50:4ea9:29d5:6c90, 192.168.184.16","00-0C-29-27-55-5F","desktop-rm6p0rp","19045.2006",windows,"10.0.19041.2006 (WinBuild.160101.0800)","Windows 10 Enterprise Evaluation","Windows 10 Enterprise Evaluation",windows,windows,"10.0",information,"System security access was granted to an account.

Subject:
	Security ID:		S-1-5-18
	Account Name:		MINWINPC$
	Account Domain:		
	Logon ID:		0x3e7

Account Modified:
	Account Name:		S-1-5-80-3169285310-278349998-1452333686-3865143136-4212226833

Access Granted:
	Access Right:		SeServiceLogonRight","-","-","-","-","-","-","-","-","-","-","MINWINPC$","-","_geoip_database_unavailable_GeoLite2-City.mmdb, _geoip_database_unavailable_GeoLite2-ASN.mmdb","-","-","-","-","-","S-1-5-18","MINWINPC$","MINWINPC$","-","-","-","-","-","-","-","{3E26C153-C519-0000-7BC3-263E19C5DB01}",Security,"WIN-D35FO1AQOB7",SeServiceLogonRight,"-","-","-","-","-","-","-","-","-","-","-","-","-","-","-","-","-","-","-","-","-","-","-","-","-","-","-","-","-","-","-","-","-","-","-","-","-","-","-","-","-","-","-","-","-","-","-","-","-","-","-","-","-","-","-","-","-","-","-","-","-","-","-","-","-","-","-","-","-","-","-","-","-","-","-","-","-","-","-","-","-","-","-","-","-","-","-","-","-","-","-","-","-","-","-","-","-","-","-","-","-","-","-","-","-","-","-","-","-","-","-","-","-","-","-","-","-","-","-","-","-","-","-","-","-",0x3e7,"MINWINPC$","S-1-5-18","-","-","-","-","-","-","-","-","-","-","S-1-5-80-3169285310-278349998-1452333686-3865143136-4212226833","-","-","-","-","-","-","-","-","-","-","-","-","-","-","-","-","-","-","-",4717,"Audit Success",0x3e7,"-",Info,664,668,"{54849625-5478-4994-A5BA-3E3B0328C30D}","Microsoft-Windows-Security-Auditing",18,"Authentication Policy Change","-","-","-","-","-"
"May 15, 2025 @ 00:43:54.807",onOK0pYBTOKMfpn69GCu,"-",".ds-winlogbeat-9.0.1-2025.05.15-000001","-","e9746f08-b281-4bca-8733-b5bd2a724318","DESKTOP-RM6P0RP","02b3b84a-7e01-4bfe-92b1-006b2bf66211","DESKTOP-RM6P0RP",winlogbeat,"9.0.1","8.17.0","user-audit-policy-created","iam, configuration",4902,"May 15, 2025 @ 18:03:41.139","May 15, 2025 @ 09:04:01.929",event,security,success,"Microsoft-Windows-Security-Auditing","admin, creation","-","-","-","x86_64","DESKTOP-RM6P0RP","012c3c67-1f22-4e7f-b1df-b2e462931de1","fe80::1d50:4ea9:29d5:6c90, 192.168.184.16","00-0C-29-27-55-5F","desktop-rm6p0rp","19045.2006",windows,"10.0.19041.2006 (WinBuild.160101.0800)","Windows 10 Enterprise Evaluation","Windows 10 Enterprise Evaluation",windows,windows,"10.0",information,"The Per-user audit policy table was created.

Number of Elements:	0
Policy ID:	0x18349","-","-","-","-","-","-","-","-","-","-","-","-","_geoip_database_unavailable_GeoLite2-City.mmdb, _geoip_database_unavailable_GeoLite2-ASN.mmdb","-","-","-","-","-","-","-","-","-","-","-","-","-","-","-","-",Security,"WIN-D35FO1AQOB7","-","-","-","-","-","-","-","-","-","-","-","-","-","-","-","-","-","-","-","-","-","-","-","-","-","-","-","-","-","-","-","-","-","-","-","-","-","-","-","-","-","-","-","-","-","-","-","-","-","-","-","-","-","-","-","-","-","-","-","-","-","-","-","-","-","-","-","-","-","-","-","-","-","-","-","-","-","-","-","-","-","-","-","-","-","-","-","-","-","-","-","-","-","-","-","-","-","-","-","-","-","-","-","-","-","-",0,0x18349,"-","-","-","-","-","-","-","-","-","-","-","-","-","-","-","-","-","-","-","-","-","-","-","-","-","-","-","-","-","-","-","-","-","-","-","-","-","-","-","-","-","-","-","-","-","-","-","-","-","-","-",4902,"Audit Success","-","-",Info,664,724,"{54849625-5478-4994-A5BA-3E3B0328C30D}","Microsoft-Windows-Security-Auditing",17,"Audit Policy Change","-","-","-","-","-"
"May 15, 2025 @ 00:43:52.627",oXOK0pYBTOKMfpn69GCu,"-",".ds-winlogbeat-9.0.1-2025.05.15-000001","-","e9746f08-b281-4bca-8733-b5bd2a724318","DESKTOP-RM6P0RP","02b3b84a-7e01-4bfe-92b1-006b2bf66211","DESKTOP-RM6P0RP",winlogbeat,"9.0.1","8.17.0","logged-in",authentication,4624,"May 15, 2025 @ 18:03:41.139","May 15, 2025 @ 09:04:01.926",event,security,success,"Microsoft-Windows-Security-Auditing",start,"-","-","-","x86_64","DESKTOP-RM6P0RP","012c3c67-1f22-4e7f-b1df-b2e462931de1","fe80::1d50:4ea9:29d5:6c90, 192.168.184.16","00-0C-29-27-55-5F","desktop-rm6p0rp","19045.2006",windows,"10.0.19041.2006 (WinBuild.160101.0800)","Windows 10 Enterprise Evaluation","Windows 10 Enterprise Evaluation",windows,windows,"10.0",information,"An account was successfully logged on.

Subject:
	Security ID:		S-1-0-0
	Account Name:		-
	Account Domain:		-
	Logon ID:		0x0

Logon Information:
	Logon Type:		0
	Restricted Admin Mode:	-
	Virtual Account:		No
	Elevated Token:		Yes

Impersonation Level:		-

New Logon:
	Security ID:		S-1-5-18
	Account Name:		SYSTEM
	Account Domain:		NT AUTHORITY
	Logon ID:		0x3e7
	Linked Logon ID:		0x0
	Network Account Name:	-
	Network Account Domain:	-
	Logon GUID:		{00000000-0000-0000-0000-000000000000}

Process Information:
	Process ID:		0x4
	Process Name:		

Network Information:
	Workstation Name:	-
	Source Network Address:	-
	Source Port:		-

Detailed Authentication Information:
	Logon Process:		-
	Authentication Package:	-
	Transited Services:	-
	Package Name (NTLM only):	-
	Key Length:		0

This event is generated when a logon session is created. It is generated on the computer that was accessed.

The subject fields indicate the account on the local system which requested the logon. This is most commonly a service such as the Server service, or a local process such as Winlogon.exe or Services.exe.

The logon type field indicates the kind of logon that occurred. The most common types are 2 (interactive) and 3 (network).

The New Logon fields indicate the account for whom the new logon was created, i.e. the account that was logged on.

The network fields indicate where a remote logon request originated. Workstation name is not always available and may be left blank in some cases.

The impersonation level field indicates the extent to which a process in the logon session can impersonate.

The authentication information fields provide detailed information about this specific logon request.
	- Logon GUID is a unique identifier that can be used to correlate this event with a KDC event.
	- Transited services indicate which intermediate services have participated in this logon request.
	- Package name indicates which sub-protocol was used among the NTLM protocols.
	- Key length indicates the length of the generated session key. This will be 0 if no session key was requested.","-","-","-","-","-","-","-","-","-",4,SYSTEM,"-","_geoip_database_unavailable_GeoLite2-City.mmdb, _geoip_database_unavailable_GeoLite2-ASN.mmdb","NT AUTHORITY","-","-","-","-","S-1-5-18",SYSTEM,SYSTEM,"-","-","-","-","-","-","-","-",Security,"WIN-D35FO1AQOB7","-","-","-","-","-","-","-","-","-","-","-","-","-","-","-","-","-","-","-","-","-","-","-","-","-","-","-","-","-","-","-","-","-","-","-","-","-","-","-","-",Yes,"-","-","-","-","-","-","-","-","-","-","-","-","-","-","-","-","-","-","-","-","-","-","-","-",0,"-","-","-","-","-","-","{00000000-0000-0000-0000-000000000000}","-","-",0,"-","-","-","-","-","-","-","-","-","-","-","-","-","-","-","-","-","-","-","-","-","-","-","-","-","-","-","-","-","-","-","-","-","-","-","-","-","-","-","-","-","-","-","-","-","-","-","-","-","-",0x0,"-","S-1-0-0","NT AUTHORITY","-",0x0,"-",0x3e7,"-","-","-","-","-","-",SYSTEM,"S-1-5-18","-","-","-","-","-","-","-","-","-","-",No,"-","-","-","-","-","-",4624,"Audit Success",0x0,"-",Info,664,668,"{54849625-5478-4994-A5BA-3E3B0328C30D}","Microsoft-Windows-Security-Auditing",16,Logon,"-","-","-","-",2
