"May 15, 2025 @ 00:43:55.297",xXOK0pYBTOKMfpn69GCu,"-",".ds-winlogbeat-9.0.1-2025.05.15-000001","-","e9746f08-b281-4bca-8733-b5bd2a724318","DESKTOP-RM6P0RP","02b3b84a-7e01-4bfe-92b1-006b2bf66211","DESKTOP-RM6P0RP",winlogbeat,"9.0.1","8.17.0","logged-in",authentication,4624,"May 15, 2025 @ 18:03:41.139","May 15, 2025 @ 09:04:01.970",event,security,success,"Microsoft-Windows-Security-Auditing",start,"-","-","-","x86_64","DESKTOP-RM6P0RP","012c3c67-1f22-4e7f-b1df-b2e462931de1","fe80::1d50:4ea9:29d5:6c90, 192.168.184.16","00-0C-29-27-55-5F","desktop-rm6p0rp","19045.2006",windows,"10.0.19041.2006 (WinBuild.160101.0800)","Windows 10 Enterprise Evaluation","Windows 10 Enterprise Evaluation",windows,windows,"10.0",information,"An account was successfully logged on.

Subject:
	Security ID:		S-1-5-18
	Account Name:		MINWINPC$
	Account Domain:		
	Logon ID:		0x3e7

Logon Information:
	Logon Type:		2
	Restricted Admin Mode:	-
	Virtual Account:		Yes
	Elevated Token:		No

Impersonation Level:		Impersonation

New Logon:
	Security ID:		S-1-5-96-0-0
	Account Name:		UMFD-0
	Account Domain:		Font Driver Host
	Logon ID:		0x18985
	Linked Logon ID:		0x0
	Network Account Name:	-
	Network Account Domain:	-
	Logon GUID:		{00000000-0000-0000-0000-000000000000}

Process Information:
	Process ID:		0x23c
	Process Name:		C:\Windows\System32\wininit.exe

Network Information:
	Workstation Name:	-
	Source Network Address:	-
	Source Port:		-

Detailed Authentication Information:
	Logon Process:		Advapi  
	Authentication Package:	Negotiate
	Transited Services:	-
	Package Name (NTLM only):	-
	Key Length:		0

This event is generated when a logon session is created. It is generated on the computer that was accessed.

The subject fields indicate the account on the local system which requested the logon. This is most commonly a service such as the Server service, or a local process such as Winlogon.exe or Services.exe.

The logon type field indicates the kind of logon that occurred. The most common types are 2 (interactive) and 3 (network).

The New Logon fields indicate the account for whom the new logon was created, i.e. the account that was logged on.

The network fields indicate where a remote logon request originated. Workstation name is not always available and may be left blank in some cases.

The impersonation level field indicates the extent to which a process in the logon session can impersonate.

The authentication information fields provide detailed information about this specific logon request.
	- Logon GUID is a unique identifier that can be used to correlate this event with a KDC event.
	- Transited services indicate which intermediate services have participated in this logon request.
	- Package name indicates which sub-protocol was used among the NTLM protocols.
	- Key length indicates the length of the generated session key. This will be 0 if no session key was requested.","C:\Windows\System32\wininit.exe","C:\Windows\System32\wininit.exe","wininit.exe","wininit.exe","-","-","-","-","-",572,"UMFD-0, MINWINPC$","-","_geoip_database_unavailable_GeoLite2-City.mmdb, _geoip_database_unavailable_GeoLite2-ASN.mmdb","Font Driver Host","-","-","-","-","S-1-5-96-0-0","UMFD-0","UMFD-0","-","-","-","-","-","-","-","{3E26C153-C519-0000-7BC3-263E19C5DB01}",Security,"WIN-D35FO1AQOB7","-","-","-","-","-",Negotiate,"-","-","-","-","-","-","-","-","-","-","-","-","-","-","-","-","-","-","-","-","-","-","-","-","-","-","-","-","-","-","-","-","-","-",No,"-","-","-","-","-","-","-","-","-","-","-","-","-","-","-","-","-","-","-",Impersonation,"-","-","-","-",0,"-","-","-","-","-","-","{00000000-0000-0000-0000-000000000000}","-","Advapi  ",2,"-","-","-","-","-","-","-","-","-","-","-","-","-","-","-","-","-","-","-","-","-","-","-","-","-","-","-","-","-","-","-","-","-","-","-","-","-","-","-","-","-","-","-","-","-","-","-","-","-","-",0x3e7,"MINWINPC$","S-1-5-18","Font Driver Host","-",0x0,"-",0x18985,"-","-","-","-","-","-","UMFD-0","S-1-5-96-0-0","-","-","-","-","-","-","-","-","-","-",Yes,"-","-","-","-","-","-",4624,"Audit Success",0x3e7,Interactive,Info,664,772,"{54849625-5478-4994-A5BA-3E3B0328C30D}","Microsoft-Windows-Security-Auditing",52,Logon,"-","-","-","-",2
"May 15, 2025 @ 00:43:55.295",wXOK0pYBTOKMfpn69GCu,"-",".ds-winlogbeat-9.0.1-2025.05.15-000001","-","e9746f08-b281-4bca-8733-b5bd2a724318","DESKTOP-RM6P0RP","02b3b84a-7e01-4bfe-92b1-006b2bf66211","DESKTOP-RM6P0RP",winlogbeat,"9.0.1","8.17.0","logged-in-special",iam,4672,"May 15, 2025 @ 18:03:41.139","May 15, 2025 @ 09:04:01.962",event,security,success,"Microsoft-Windows-Security-Auditing",admin,"-","-","-","x86_64","DESKTOP-RM6P0RP","012c3c67-1f22-4e7f-b1df-b2e462931de1","fe80::1d50:4ea9:29d5:6c90, 192.168.184.16","00-0C-29-27-55-5F","desktop-rm6p0rp","19045.2006",windows,"10.0.19041.2006 (WinBuild.160101.0800)","Windows 10 Enterprise Evaluation","Windows 10 Enterprise Evaluation",windows,windows,"10.0",information,"Special privileges assigned to new logon.

Subject:
	Security ID:		S-1-5-18
	Account Name:		SYSTEM
	Account Domain:		NT AUTHORITY
	Logon ID:		0x3e7

Privileges:		SeAssignPrimaryTokenPrivilege
			SeTcbPrivilege
			SeSecurityPrivilege
			SeTakeOwnershipPrivilege
			SeLoadDriverPrivilege
			SeBackupPrivilege
			SeRestorePrivilege
			SeDebugPrivilege
			SeAuditPrivilege
			SeSystemEnvironmentPrivilege
			SeImpersonatePrivilege
			SeDelegateSessionUserImpersonatePrivilege","-","-","-","-","-","-","-","-","-","-",SYSTEM,"-","_geoip_database_unavailable_GeoLite2-City.mmdb, _geoip_database_unavailable_GeoLite2-ASN.mmdb","NT AUTHORITY","-","-","-","-","S-1-5-18",SYSTEM,SYSTEM,"-","-","-","-","-","-","-","{3E26C153-C519-0000-7BC3-263E19C5DB01}",Security,"WIN-D35FO1AQOB7","-","-","-","-","-","-","-","-","-","-","-","-","-","-","-","-","-","-","-","-","-","-","-","-","-","-","-","-","-","-","-","-","-","-","-","-","-","-","-","-","-","-","-","-","-","-","-","-","-","-","-","-","-","-","-","-","-","-","-","-","-","-","-","-","-","-","-","-","-","-","-","-","-","-","-","-","-","-","-","-","-","-","-","-","-","-","-","-","-","-","-","-","-","-","-","-","-","-","-","-","-","-","SeAssignPrimaryTokenPrivilege, SeTcbPrivilege, SeSecurityPrivilege, SeTakeOwnershipPrivilege, SeLoadDriverPrivilege, SeBackupPrivilege, SeRestorePrivilege, SeDebugPrivilege, SeAuditPrivilege, SeSystemEnvironmentPrivilege, SeImpersonatePrivilege, SeDelegateSessionUserImpersonatePrivilege","-","-","-","-","-","-","-","-","-","-","-","-","-","-","-","-","-","-","-","-","-","-","NT AUTHORITY",0x3e7,SYSTEM,"S-1-5-18","-","-","-","-","-","-","-","-","-","-","-","-","-","-","-","-","-","-","-","-","-","-","-","-","-","-","-","-","-","-",4672,"Audit Success",0x3e7,"-",Info,664,764,"{54849625-5478-4994-A5BA-3E3B0328C30D}","Microsoft-Windows-Security-Auditing",48,"Special Logon","-","-","-","-","-"
"May 15, 2025 @ 00:43:55.294",wHOK0pYBTOKMfpn69GCu,"-",".ds-winlogbeat-9.0.1-2025.05.15-000001","-","e9746f08-b281-4bca-8733-b5bd2a724318","DESKTOP-RM6P0RP","02b3b84a-7e01-4bfe-92b1-006b2bf66211","DESKTOP-RM6P0RP",winlogbeat,"9.0.1","8.17.0","logged-in",authentication,4624,"May 15, 2025 @ 18:03:41.139","May 15, 2025 @ 09:04:01.962",event,security,success,"Microsoft-Windows-Security-Auditing",start,"-","-","-","x86_64","DESKTOP-RM6P0RP","012c3c67-1f22-4e7f-b1df-b2e462931de1","fe80::1d50:4ea9:29d5:6c90, 192.168.184.16","00-0C-29-27-55-5F","desktop-rm6p0rp","19045.2006",windows,"10.0.19041.2006 (WinBuild.160101.0800)","Windows 10 Enterprise Evaluation","Windows 10 Enterprise Evaluation",windows,windows,"10.0",information,"An account was successfully logged on.

Subject:
	Security ID:		S-1-5-18
	Account Name:		MINWINPC$
	Account Domain:		
	Logon ID:		0x3e7

Logon Information:
	Logon Type:		5
	Restricted Admin Mode:	-
	Virtual Account:		No
	Elevated Token:		Yes

Impersonation Level:		Impersonation

New Logon:
	Security ID:		S-1-5-18
	Account Name:		SYSTEM
	Account Domain:		NT AUTHORITY
	Logon ID:		0x3e7
	Linked Logon ID:		0x0
	Network Account Name:	-
	Network Account Domain:	-
	Logon GUID:		{00000000-0000-0000-0000-000000000000}

Process Information:
	Process ID:		0x284
	Process Name:		C:\Windows\System32\services.exe

Network Information:
	Workstation Name:	-
	Source Network Address:	-
	Source Port:		-

Detailed Authentication Information:
	Logon Process:		Advapi  
	Authentication Package:	Negotiate
	Transited Services:	-
	Package Name (NTLM only):	-
	Key Length:		0

This event is generated when a logon session is created. It is generated on the computer that was accessed.

The subject fields indicate the account on the local system which requested the logon. This is most commonly a service such as the Server service, or a local process such as Winlogon.exe or Services.exe.

The logon type field indicates the kind of logon that occurred. The most common types are 2 (interactive) and 3 (network).

The New Logon fields indicate the account for whom the new logon was created, i.e. the account that was logged on.

The network fields indicate where a remote logon request originated. Workstation name is not always available and may be left blank in some cases.

The impersonation level field indicates the extent to which a process in the logon session can impersonate.

The authentication information fields provide detailed information about this specific logon request.
	- Logon GUID is a unique identifier that can be used to correlate this event with a KDC event.
	- Transited services indicate which intermediate services have participated in this logon request.
	- Package name indicates which sub-protocol was used among the NTLM protocols.
	- Key length indicates the length of the generated session key. This will be 0 if no session key was requested.","C:\Windows\System32\services.exe","C:\Windows\System32\services.exe","services.exe","services.exe","-","-","-","-","-",644,"SYSTEM, MINWINPC$","-","_geoip_database_unavailable_GeoLite2-City.mmdb, _geoip_database_unavailable_GeoLite2-ASN.mmdb","NT AUTHORITY","-","-","-","-","S-1-5-18",SYSTEM,SYSTEM,"-","-","-","-","-","-","-","{3E26C153-C519-0000-7BC3-263E19C5DB01}",Security,"WIN-D35FO1AQOB7","-","-","-","-","-",Negotiate,"-","-","-","-","-","-","-","-","-","-","-","-","-","-","-","-","-","-","-","-","-","-","-","-","-","-","-","-","-","-","-","-","-","-",Yes,"-","-","-","-","-","-","-","-","-","-","-","-","-","-","-","-","-","-","-",Impersonation,"-","-","-","-",0,"-","-","-","-","-","-","{00000000-0000-0000-0000-000000000000}","-","Advapi  ",5,"-","-","-","-","-","-","-","-","-","-","-","-","-","-","-","-","-","-","-","-","-","-","-","-","-","-","-","-","-","-","-","-","-","-","-","-","-","-","-","-","-","-","-","-","-","-","-","-","-","-",0x3e7,"MINWINPC$","S-1-5-18","NT AUTHORITY","-",0x0,"-",0x3e7,"-","-","-","-","-","-",SYSTEM,"S-1-5-18","-","-","-","-","-","-","-","-","-","-",No,"-","-","-","-","-","-",4624,"Audit Success",0x3e7,Service,Info,664,764,"{54849625-5478-4994-A5BA-3E3B0328C30D}","Microsoft-Windows-Security-Auditing",47,Logon,"-","-","-","-",2
"May 15, 2025 @ 00:43:55.269",vnOK0pYBTOKMfpn69GCu,"-",".ds-winlogbeat-9.0.1-2025.05.15-000001","-","e9746f08-b281-4bca-8733-b5bd2a724318","DESKTOP-RM6P0RP","02b3b84a-7e01-4bfe-92b1-006b2bf66211","DESKTOP-RM6P0RP",winlogbeat,"9.0.1","8.17.0","modified-user-account",iam,4738,"May 15, 2025 @ 18:03:41.139","May 15, 2025 @ 09:04:01.961",event,security,success,"Microsoft-Windows-Security-Auditing","user, change","-","-","-","x86_64","DESKTOP-RM6P0RP","012c3c67-1f22-4e7f-b1df-b2e462931de1","fe80::1d50:4ea9:29d5:6c90, 192.168.184.16","00-0C-29-27-55-5F","desktop-rm6p0rp","19045.2006",windows,"10.0.19041.2006 (WinBuild.160101.0800)","Windows 10 Enterprise Evaluation","Windows 10 Enterprise Evaluation",windows,windows,"10.0",information,"A user account was changed.

Subject:
	Security ID:		S-1-5-18
	Account Name:		MINWINPC$
	Account Domain:		
	Logon ID:		0x3e7

Target Account:
	Security ID:		S-1-5-21-3658367404-211227875-164286027-504
	Account Name:		WDAGUtilityAccount
	Account Domain:		MINWINPC

Changed Attributes:
	SAM Account Name:	-
	Display Name:		-
	User Principal Name:	-
	Home Directory:		-
	Home Drive:		-
	Script Path:		-
	Profile Path:		-
	User Workstations:	-
	Password Last Set:	-
	Account Expires:		-
	Primary Group ID:	-
	AllowedToDelegateTo:	-
	Old UAC Value:		-
	New UAC Value:		-
	User Account Control:	-
	User Parameters:	-
	SID History:		-
	Logon Hours:		-

Additional Information:
	Privileges:		-","-","-","-","-","-","-","-","-","-","-","MINWINPC$, WDAGUtilityAccount","-","_geoip_database_unavailable_GeoLite2-City.mmdb, _geoip_database_unavailable_GeoLite2-ASN.mmdb","-","-","-","-","-","S-1-5-18","MINWINPC$","MINWINPC$",MINWINPC,"-","-","-","S-1-5-21-3658367404-211227875-164286027-504",WDAGUtilityAccount,WDAGUtilityAccount,"{3E26C153-C519-0000-7BC3-263E19C5DB01}",Security,"WIN-D35FO1AQOB7","-","-","-","-","-","-","-","-","-","-","-","-","-","-","-","-","-","-","-","-","-","-","-","-","-","-","-","-","-","-","-","-","-","-","-","-","-","-","-","-","-","-","-","-","-","-","-","-","-","-","-","-","-","-","-","-","-","-","-","-","-","-","-","-","-","-","-","-","-","-","-","-","-","-","-","-","-","-","-","-","-","-","-","-","-","-","-","-","-","-","-","-","-","-","-","-","-","-","-","-","-","-","-","-","-","-","-","-","-","-","-","-","-","-","-","-","-","-","-","-","-","-","-","-","-","-",0x3e7,"MINWINPC$","S-1-5-18",MINWINPC,"-","-","-","-","-","-","-","-","-","S-1-5-21-3658367404-211227875-164286027-504",WDAGUtilityAccount,"-","-","-","-","-","-","-","-","-","-","-","-","-","-","-","-","-","-",4738,"Audit Success",0x3e7,"-",Info,664,668,"{54849625-5478-4994-A5BA-3E3B0328C30D}","Microsoft-Windows-Security-Auditing",45,"User Account Management","-","-","-","-","-"
"May 15, 2025 @ 00:43:55.269",v3OK0pYBTOKMfpn69GCu,"-",".ds-winlogbeat-9.0.1-2025.05.15-000001","-","e9746f08-b281-4bca-8733-b5bd2a724318","DESKTOP-RM6P0RP","02b3b84a-7e01-4bfe-92b1-006b2bf66211","DESKTOP-RM6P0RP",winlogbeat,"9.0.1","8.17.0","modified-user-account",iam,4738,"May 15, 2025 @ 18:03:41.139","May 15, 2025 @ 09:04:01.962",event,security,success,"Microsoft-Windows-Security-Auditing","user, change","-","-","-","x86_64","DESKTOP-RM6P0RP","012c3c67-1f22-4e7f-b1df-b2e462931de1","fe80::1d50:4ea9:29d5:6c90, 192.168.184.16","00-0C-29-27-55-5F","desktop-rm6p0rp","19045.2006",windows,"10.0.19041.2006 (WinBuild.160101.0800)","Windows 10 Enterprise Evaluation","Windows 10 Enterprise Evaluation",windows,windows,"10.0",information,"A user account was changed.

Subject:
	Security ID:		S-1-5-18
	Account Name:		MINWINPC$
	Account Domain:		
	Logon ID:		0x3e7

Target Account:
	Security ID:		S-1-5-21-3658367404-211227875-164286027-504
	Account Name:		WDAGUtilityAccount
	Account Domain:		MINWINPC

Changed Attributes:
	SAM Account Name:	-
	Display Name:		-
	User Principal Name:	-
	Home Directory:		-
	Home Drive:		-
	Script Path:		-
	Profile Path:		-
	User Workstations:	-
	Password Last Set:	-
	Account Expires:		-
	Primary Group ID:	-
	AllowedToDelegateTo:	-
	Old UAC Value:		-
	New UAC Value:		-
	User Account Control:	-
	User Parameters:	-
	SID History:		-
	Logon Hours:		-

Additional Information:
	Privileges:		-","-","-","-","-","-","-","-","-","-","-","MINWINPC$, WDAGUtilityAccount","-","_geoip_database_unavailable_GeoLite2-City.mmdb, _geoip_database_unavailable_GeoLite2-ASN.mmdb","-","-","-","-","-","S-1-5-18","MINWINPC$","MINWINPC$",MINWINPC,"-","-","-","S-1-5-21-3658367404-211227875-164286027-504",WDAGUtilityAccount,WDAGUtilityAccount,"{3E26C153-C519-0000-7BC3-263E19C5DB01}",Security,"WIN-D35FO1AQOB7","-","-","-","-","-","-","-","-","-","-","-","-","-","-","-","-","-","-","-","-","-","-","-","-","-","-","-","-","-","-","-","-","-","-","-","-","-","-","-","-","-","-","-","-","-","-","-","-","-","-","-","-","-","-","-","-","-","-","-","-","-","-","-","-","-","-","-","-","-","-","-","-","-","-","-","-","-","-","-","-","-","-","-","-","-","-","-","-","-","-","-","-","-","-","-","-","-","-","-","-","-","-","-","-","-","-","-","-","-","-","-","-","-","-","-","-","-","-","-","-","-","-","-","-","-","-",0x3e7,"MINWINPC$","S-1-5-18",MINWINPC,"-","-","-","-","-","-","-","-","-","S-1-5-21-3658367404-211227875-164286027-504",WDAGUtilityAccount,"-","-","-","-","-","-","-","-","-","-","-","-","-","-","-","-","-","-",4738,"Audit Success",0x3e7,"-",Info,664,668,"{54849625-5478-4994-A5BA-3E3B0328C30D}","Microsoft-Windows-Security-Auditing",46,"User Account Management","-","-","-","-","-"
"May 15, 2025 @ 00:43:55.226",vHOK0pYBTOKMfpn69GCu,"-",".ds-winlogbeat-9.0.1-2025.05.15-000001","-","e9746f08-b281-4bca-8733-b5bd2a724318","DESKTOP-RM6P0RP","02b3b84a-7e01-4bfe-92b1-006b2bf66211","DESKTOP-RM6P0RP",winlogbeat,"9.0.1","8.17.0","added-user-account",iam,4720,"May 15, 2025 @ 18:03:41.139","May 15, 2025 @ 09:04:01.953",event,security,success,"Microsoft-Windows-Security-Auditing","user, creation","-","-","-","x86_64","DESKTOP-RM6P0RP","012c3c67-1f22-4e7f-b1df-b2e462931de1","fe80::1d50:4ea9:29d5:6c90, 192.168.184.16","00-0C-29-27-55-5F","desktop-rm6p0rp","19045.2006",windows,"10.0.19041.2006 (WinBuild.160101.0800)","Windows 10 Enterprise Evaluation","Windows 10 Enterprise Evaluation",windows,windows,"10.0",information,"A user account was created.

Subject:
	Security ID:		S-1-5-18
	Account Name:		MINWINPC$
	Account Domain:		
	Logon ID:		0x3e7

New Account:
	Security ID:		S-1-5-21-3658367404-211227875-164286027-504
	Account Name:		WDAGUtilityAccount
	Account Domain:		MINWINPC

Attributes:
	SAM Account Name:	WDAGUtilityAccount
	Display Name:		<value not set>
	User Principal Name:	-
	Home Directory:		<value not set>
	Home Drive:		<value not set>
	Script Path:		<value not set>
	Profile Path:		<value not set>
	User Workstations:	<value not set>
	Password Last Set:	<never>
	Account Expires:		<never>
	Primary Group ID:	513
	Allowed To Delegate To:	-
	Old UAC Value:		0x0
	New UAC Value:		0x15
	User Account Control:	
		Account Disabled
		'Password Not Required' - Enabled
		'Normal Account' - Enabled
	User Parameters:	<value not set>
	SID History:		-
	Logon Hours:		All

Additional Information:
	Privileges		-","-","-","-","-","-","-","-","-","-","-","MINWINPC$, WDAGUtilityAccount","-","_geoip_database_unavailable_GeoLite2-City.mmdb, _geoip_database_unavailable_GeoLite2-ASN.mmdb","-","-","-","-","-","S-1-5-18","MINWINPC$","MINWINPC$",MINWINPC,"-","-","-","S-1-5-21-3658367404-211227875-164286027-504",WDAGUtilityAccount,WDAGUtilityAccount,"{3E26C153-C519-0000-7BC3-263E19C5DB01}",Security,"WIN-D35FO1AQOB7","-","-","<never>","-","-","-","-","-","-","-","-","-","-","-","-","-","-","-","-","-","-","-","-","-","-","-","-","-","-","-","-","<value not set>","-","-","-","-","-","-","-","-","-","-","-","-","-","-","-","-","-","-","-","-","<value not set>","<value not set>","-","-","-","-","-","-","-","-","-","-","-","-","-","-","-","-","-","-","-",All,"-","-","-","-","-","-","-","-","-","-","-","-","-","-","-","-","-","USER_NORMAL_ACCOUNT, USER_ACCOUNT_DISABLED, USER_PASSWORD_NOT_REQUIRED",0x15,"-","-","-",0x0,"-","<never>","-","-",513,"-","-","-","<value not set>","-","-","-","-","-","-","-","-","-",WDAGUtilityAccount,"<value not set>","-","-","-","-","-","-","-","-","-",0x3e7,"MINWINPC$","S-1-5-18",MINWINPC,"-","-","-","-","-","-","-","-","-","S-1-5-21-3658367404-211227875-164286027-504",WDAGUtilityAccount,"-","-","-","-","-","-","-","Account Disabled, 'Password Not Required' - Enabled, 'Normal Account' - Enabled","<value not set>","-","<value not set>","-","-","-","-","-","-","-",4720,"Audit Success",0x3e7,"-",Info,664,668,"{54849625-5478-4994-A5BA-3E3B0328C30D}","Microsoft-Windows-Security-Auditing",43,"User Account Management","-","-","-","-","-"
"May 15, 2025 @ 00:43:55.226",vXOK0pYBTOKMfpn69GCu,"-",".ds-winlogbeat-9.0.1-2025.05.15-000001","-","e9746f08-b281-4bca-8733-b5bd2a724318","DESKTOP-RM6P0RP","02b3b84a-7e01-4bfe-92b1-006b2bf66211","DESKTOP-RM6P0RP",winlogbeat,"9.0.1","8.17.0","modified-user-account",iam,4738,"May 15, 2025 @ 18:03:41.139","May 15, 2025 @ 09:04:01.961",event,security,success,"Microsoft-Windows-Security-Auditing","user, change","-","-","-","x86_64","DESKTOP-RM6P0RP","012c3c67-1f22-4e7f-b1df-b2e462931de1","fe80::1d50:4ea9:29d5:6c90, 192.168.184.16","00-0C-29-27-55-5F","desktop-rm6p0rp","19045.2006",windows,"10.0.19041.2006 (WinBuild.160101.0800)","Windows 10 Enterprise Evaluation","Windows 10 Enterprise Evaluation",windows,windows,"10.0",information,"A user account was changed.

Subject:
	Security ID:		S-1-5-18
	Account Name:		MINWINPC$
	Account Domain:		
	Logon ID:		0x3e7

Target Account:
	Security ID:		S-1-5-21-3658367404-211227875-164286027-504
	Account Name:		WDAGUtilityAccount
	Account Domain:		MINWINPC

Changed Attributes:
	SAM Account Name:	-
	Display Name:		-
	User Principal Name:	-
	Home Directory:		-
	Home Drive:		-
	Script Path:		-
	Profile Path:		-
	User Workstations:	-
	Password Last Set:	-
	Account Expires:		-
	Primary Group ID:	-
	AllowedToDelegateTo:	-
	Old UAC Value:		0x15
	New UAC Value:		0x11
	User Account Control:	
		'Password Not Required' - Disabled
	User Parameters:	-
	SID History:		-
	Logon Hours:		-

Additional Information:
	Privileges:		-","-","-","-","-","-","-","-","-","-","-","MINWINPC$, WDAGUtilityAccount","-","_geoip_database_unavailable_GeoLite2-City.mmdb, _geoip_database_unavailable_GeoLite2-ASN.mmdb","-","-","-","-","-","S-1-5-18","MINWINPC$","MINWINPC$",MINWINPC,"-","-","-","S-1-5-21-3658367404-211227875-164286027-504",WDAGUtilityAccount,WDAGUtilityAccount,"{3E26C153-C519-0000-7BC3-263E19C5DB01}",Security,"WIN-D35FO1AQOB7","-","-","-","-","-","-","-","-","-","-","-","-","-","-","-","-","-","-","-","-","-","-","-","-","-","-","-","-","-","-","-","-","-","-","-","-","-","-","-","-","-","-","-","-","-","-","-","-","-","-","-","-","-","-","-","-","-","-","-","-","-","-","-","-","-","-","-","-","-","-","-","-","-","-","-","-","-","-","-","-","-","-","-","-","-","-","-","-","-","-","-","USER_NORMAL_ACCOUNT, USER_ACCOUNT_DISABLED",0x11,"-","-","-",0x15,"-","-","-","-","-","-","-","-","-","-","-","-","-","-","-","-","-","-","-","-","-","-","-","-","-","-","-","-","-",0x3e7,"MINWINPC$","S-1-5-18",MINWINPC,"-","-","-","-","-","-","-","-","-","S-1-5-21-3658367404-211227875-164286027-504",WDAGUtilityAccount,"-","-","-","-","-","-","-","'Password Not Required' - Disabled","-","-","-","-","-","-","-","-","-","-",4738,"Audit Success",0x3e7,"-",Info,664,668,"{54849625-5478-4994-A5BA-3E3B0328C30D}","Microsoft-Windows-Security-Auditing",44,"User Account Management","-","-","-","-","-"
"May 15, 2025 @ 00:43:55.225",s3OK0pYBTOKMfpn69GCu,"-",".ds-winlogbeat-9.0.1-2025.05.15-000001","-","e9746f08-b281-4bca-8733-b5bd2a724318","DESKTOP-RM6P0RP","02b3b84a-7e01-4bfe-92b1-006b2bf66211","DESKTOP-RM6P0RP",winlogbeat,"9.0.1","8.17.0","added-group-account",iam,4731,"May 15, 2025 @ 18:03:41.139","May 15, 2025 @ 09:04:01.951",event,security,success,"Microsoft-Windows-Security-Auditing","group, creation",Builtin,"S-1-5-32-573","Event Log Readers","x86_64","DESKTOP-RM6P0RP","012c3c67-1f22-4e7f-b1df-b2e462931de1","fe80::1d50:4ea9:29d5:6c90, 192.168.184.16","00-0C-29-27-55-5F","desktop-rm6p0rp","19045.2006",windows,"10.0.19041.2006 (WinBuild.160101.0800)","Windows 10 Enterprise Evaluation","Windows 10 Enterprise Evaluation",windows,windows,"10.0",information,"A security-enabled local group was created.

Subject:
	Security ID:		S-1-5-18
	Account Name:		MINWINPC$
	Account Domain:		
	Logon ID:		0x3e7

New Group:
	Security ID:		S-1-5-32-573
	Group Name:		Event Log Readers
	Group Domain:		Builtin

Attributes:
	SAM Account Name:	Event Log Readers
	SID History:		-

Additional Information:
	Privileges:		-","-","-","-","-","-","-","-","-","-","-","MINWINPC$","-","_geoip_database_unavailable_GeoLite2-City.mmdb, _geoip_database_unavailable_GeoLite2-ASN.mmdb","-","-","-","-","-","S-1-5-18","MINWINPC$","MINWINPC$","-","-","-","-","-","-","-","{3E26C153-C519-0000-7BC3-263E19C5DB01}",Security,"WIN-D35FO1AQOB7","-","-","-","-","-","-","-","-","-","-","-","-","-","-","-","-","-","-","-","-","-","-","-","-","-","-","-","-","-","-","-","-","-","-","-","-","-","-","-","-","-","-","-","-","-","-","-","-","-","-","-","-","-","-","-","-","-","-","-","-","-","-","-","-","-","-","-","-","-","-","-","-","-","-","-","-","-","-","-","-","-","-","-","-","-","-","-","-","-","-","-","-","-","-","-","-","-","-","-","-","-","-","-","-","-","-","-","-","-","-","-","-","-","-","-","Event Log Readers","-","-","-","-","-","-","-","-","-","-",0x3e7,"MINWINPC$","S-1-5-18",Builtin,"-","-","-","-","-","-","-","-","-","S-1-5-32-573","Event Log Readers","-","-","-","-","-","-","-","-","-","-","-","-","-","-","-","-","-","-",4731,"Audit Success",0x3e7,"-",Info,664,668,"{54849625-5478-4994-A5BA-3E3B0328C30D}","Microsoft-Windows-Security-Auditing",34,"Security Group Management","-","-","-","-","-"
"May 15, 2025 @ 00:43:55.225",tHOK0pYBTOKMfpn69GCu,"-",".ds-winlogbeat-9.0.1-2025.05.15-000001","-","e9746f08-b281-4bca-8733-b5bd2a724318","DESKTOP-RM6P0RP","02b3b84a-7e01-4bfe-92b1-006b2bf66211","DESKTOP-RM6P0RP",winlogbeat,"9.0.1","8.17.0","modified-group-account",iam,4735,"May 15, 2025 @ 18:03:41.139","May 15, 2025 @ 09:04:01.951",event,security,success,"Microsoft-Windows-Security-Auditing","group, change",Builtin,"S-1-5-32-573","Event Log Readers","x86_64","DESKTOP-RM6P0RP","012c3c67-1f22-4e7f-b1df-b2e462931de1","fe80::1d50:4ea9:29d5:6c90, 192.168.184.16","00-0C-29-27-55-5F","desktop-rm6p0rp","19045.2006",windows,"10.0.19041.2006 (WinBuild.160101.0800)","Windows 10 Enterprise Evaluation","Windows 10 Enterprise Evaluation",windows,windows,"10.0",information,"A security-enabled local group was changed.

Subject:
	Security ID:		S-1-5-18
	Account Name:		MINWINPC$
	Account Domain:		
	Logon ID:		0x3e7

Group:
	Security ID:		S-1-5-32-573
	Group Name:		Event Log Readers
	Group Domain:		Builtin

Changed Attributes:
	SAM Account Name:	-
	SID History:		-

Additional Information:
	Privileges:		-","-","-","-","-","-","-","-","-","-","-","MINWINPC$","-","_geoip_database_unavailable_GeoLite2-City.mmdb, _geoip_database_unavailable_GeoLite2-ASN.mmdb","-","-","-","-","-","S-1-5-18","MINWINPC$","MINWINPC$","-","-","-","-","-","-","-","{3E26C153-C519-0000-7BC3-263E19C5DB01}",Security,"WIN-D35FO1AQOB7","-","-","-","-","-","-","-","-","-","-","-","-","-","-","-","-","-","-","-","-","-","-","-","-","-","-","-","-","-","-","-","-","-","-","-","-","-","-","-","-","-","-","-","-","-","-","-","-","-","-","-","-","-","-","-","-","-","-","-","-","-","-","-","-","-","-","-","-","-","-","-","-","-","-","-","-","-","-","-","-","-","-","-","-","-","-","-","-","-","-","-","-","-","-","-","-","-","-","-","-","-","-","-","-","-","-","-","-","-","-","-","-","-","-","-","-","-","-","-","-","-","-","-","-","-","-",0x3e7,"MINWINPC$","S-1-5-18",Builtin,"-","-","-","-","-","-","-","-","-","S-1-5-32-573","Event Log Readers","-","-","-","-","-","-","-","-","-","-","-","-","-","-","-","-","-","-",4735,"Audit Success",0x3e7,"-",Info,664,668,"{54849625-5478-4994-A5BA-3E3B0328C30D}","Microsoft-Windows-Security-Auditing",35,"Security Group Management","-","-","-","-","-"
"May 15, 2025 @ 00:43:55.225",tXOK0pYBTOKMfpn69GCu,"-",".ds-winlogbeat-9.0.1-2025.05.15-000001","-","e9746f08-b281-4bca-8733-b5bd2a724318","DESKTOP-RM6P0RP","02b3b84a-7e01-4bfe-92b1-006b2bf66211","DESKTOP-RM6P0RP",winlogbeat,"9.0.1","8.17.0","added-group-account",iam,4731,"May 15, 2025 @ 18:03:41.139","May 15, 2025 @ 09:04:01.951",event,security,success,"Microsoft-Windows-Security-Auditing","group, creation",Builtin,"S-1-5-32-578","Hyper-V Administrators","x86_64","DESKTOP-RM6P0RP","012c3c67-1f22-4e7f-b1df-b2e462931de1","fe80::1d50:4ea9:29d5:6c90, 192.168.184.16","00-0C-29-27-55-5F","desktop-rm6p0rp","19045.2006",windows,"10.0.19041.2006 (WinBuild.160101.0800)","Windows 10 Enterprise Evaluation","Windows 10 Enterprise Evaluation",windows,windows,"10.0",information,"A security-enabled local group was created.

Subject:
	Security ID:		S-1-5-18
	Account Name:		MINWINPC$
	Account Domain:		
	Logon ID:		0x3e7

New Group:
	Security ID:		S-1-5-32-578
	Group Name:		Hyper-V Administrators
	Group Domain:		Builtin

Attributes:
	SAM Account Name:	Hyper-V Administrators
	SID History:		-

Additional Information:
	Privileges:		-","-","-","-","-","-","-","-","-","-","-","MINWINPC$","-","_geoip_database_unavailable_GeoLite2-City.mmdb, _geoip_database_unavailable_GeoLite2-ASN.mmdb","-","-","-","-","-","S-1-5-18","MINWINPC$","MINWINPC$","-","-","-","-","-","-","-","{3E26C153-C519-0000-7BC3-263E19C5DB01}",Security,"WIN-D35FO1AQOB7","-","-","-","-","-","-","-","-","-","-","-","-","-","-","-","-","-","-","-","-","-","-","-","-","-","-","-","-","-","-","-","-","-","-","-","-","-","-","-","-","-","-","-","-","-","-","-","-","-","-","-","-","-","-","-","-","-","-","-","-","-","-","-","-","-","-","-","-","-","-","-","-","-","-","-","-","-","-","-","-","-","-","-","-","-","-","-","-","-","-","-","-","-","-","-","-","-","-","-","-","-","-","-","-","-","-","-","-","-","-","-","-","-","-","-","Hyper-V Administrators","-","-","-","-","-","-","-","-","-","-",0x3e7,"MINWINPC$","S-1-5-18",Builtin,"-","-","-","-","-","-","-","-","-","S-1-5-32-578","Hyper-V Administrators","-","-","-","-","-","-","-","-","-","-","-","-","-","-","-","-","-","-",4731,"Audit Success",0x3e7,"-",Info,664,668,"{54849625-5478-4994-A5BA-3E3B0328C30D}","Microsoft-Windows-Security-Auditing",36,"Security Group Management","-","-","-","-","-"
"May 15, 2025 @ 00:43:55.225",tnOK0pYBTOKMfpn69GCu,"-",".ds-winlogbeat-9.0.1-2025.05.15-000001","-","e9746f08-b281-4bca-8733-b5bd2a724318","DESKTOP-RM6P0RP","02b3b84a-7e01-4bfe-92b1-006b2bf66211","DESKTOP-RM6P0RP",winlogbeat,"9.0.1","8.17.0","modified-group-account",iam,4735,"May 15, 2025 @ 18:03:41.139","May 15, 2025 @ 09:04:01.951",event,security,success,"Microsoft-Windows-Security-Auditing","group, change",Builtin,"S-1-5-32-578","Hyper-V Administrators","x86_64","DESKTOP-RM6P0RP","012c3c67-1f22-4e7f-b1df-b2e462931de1","fe80::1d50:4ea9:29d5:6c90, 192.168.184.16","00-0C-29-27-55-5F","desktop-rm6p0rp","19045.2006",windows,"10.0.19041.2006 (WinBuild.160101.0800)","Windows 10 Enterprise Evaluation","Windows 10 Enterprise Evaluation",windows,windows,"10.0",information,"A security-enabled local group was changed.

Subject:
	Security ID:		S-1-5-18
	Account Name:		MINWINPC$
	Account Domain:		
	Logon ID:		0x3e7

Group:
	Security ID:		S-1-5-32-578
	Group Name:		Hyper-V Administrators
	Group Domain:		Builtin

Changed Attributes:
	SAM Account Name:	-
	SID History:		-

Additional Information:
	Privileges:		-","-","-","-","-","-","-","-","-","-","-","MINWINPC$","-","_geoip_database_unavailable_GeoLite2-City.mmdb, _geoip_database_unavailable_GeoLite2-ASN.mmdb","-","-","-","-","-","S-1-5-18","MINWINPC$","MINWINPC$","-","-","-","-","-","-","-","{3E26C153-C519-0000-7BC3-263E19C5DB01}",Security,"WIN-D35FO1AQOB7","-","-","-","-","-","-","-","-","-","-","-","-","-","-","-","-","-","-","-","-","-","-","-","-","-","-","-","-","-","-","-","-","-","-","-","-","-","-","-","-","-","-","-","-","-","-","-","-","-","-","-","-","-","-","-","-","-","-","-","-","-","-","-","-","-","-","-","-","-","-","-","-","-","-","-","-","-","-","-","-","-","-","-","-","-","-","-","-","-","-","-","-","-","-","-","-","-","-","-","-","-","-","-","-","-","-","-","-","-","-","-","-","-","-","-","-","-","-","-","-","-","-","-","-","-","-",0x3e7,"MINWINPC$","S-1-5-18",Builtin,"-","-","-","-","-","-","-","-","-","S-1-5-32-578","Hyper-V Administrators","-","-","-","-","-","-","-","-","-","-","-","-","-","-","-","-","-","-",4735,"Audit Success",0x3e7,"-",Info,664,668,"{54849625-5478-4994-A5BA-3E3B0328C30D}","Microsoft-Windows-Security-Auditing",37,"Security Group Management","-","-","-","-","-"
"May 15, 2025 @ 00:43:55.225",t3OK0pYBTOKMfpn69GCu,"-",".ds-winlogbeat-9.0.1-2025.05.15-000001","-","e9746f08-b281-4bca-8733-b5bd2a724318","DESKTOP-RM6P0RP","02b3b84a-7e01-4bfe-92b1-006b2bf66211","DESKTOP-RM6P0RP",winlogbeat,"9.0.1","8.17.0","added-group-account",iam,4731,"May 15, 2025 @ 18:03:41.139","May 15, 2025 @ 09:04:01.951",event,security,success,"Microsoft-Windows-Security-Auditing","group, creation",Builtin,"S-1-5-32-579","Access Control Assistance Operators","x86_64","DESKTOP-RM6P0RP","012c3c67-1f22-4e7f-b1df-b2e462931de1","fe80::1d50:4ea9:29d5:6c90, 192.168.184.16","00-0C-29-27-55-5F","desktop-rm6p0rp","19045.2006",windows,"10.0.19041.2006 (WinBuild.160101.0800)","Windows 10 Enterprise Evaluation","Windows 10 Enterprise Evaluation",windows,windows,"10.0",information,"A security-enabled local group was created.

Subject:
	Security ID:		S-1-5-18
	Account Name:		MINWINPC$
	Account Domain:		
	Logon ID:		0x3e7

New Group:
	Security ID:		S-1-5-32-579
	Group Name:		Access Control Assistance Operators
	Group Domain:		Builtin

Attributes:
	SAM Account Name:	Access Control Assistance Operators
	SID History:		-

Additional Information:
	Privileges:		-","-","-","-","-","-","-","-","-","-","-","MINWINPC$","-","_geoip_database_unavailable_GeoLite2-City.mmdb, _geoip_database_unavailable_GeoLite2-ASN.mmdb","-","-","-","-","-","S-1-5-18","MINWINPC$","MINWINPC$","-","-","-","-","-","-","-","{3E26C153-C519-0000-7BC3-263E19C5DB01}",Security,"WIN-D35FO1AQOB7","-","-","-","-","-","-","-","-","-","-","-","-","-","-","-","-","-","-","-","-","-","-","-","-","-","-","-","-","-","-","-","-","-","-","-","-","-","-","-","-","-","-","-","-","-","-","-","-","-","-","-","-","-","-","-","-","-","-","-","-","-","-","-","-","-","-","-","-","-","-","-","-","-","-","-","-","-","-","-","-","-","-","-","-","-","-","-","-","-","-","-","-","-","-","-","-","-","-","-","-","-","-","-","-","-","-","-","-","-","-","-","-","-","-","-","Access Control Assistance Operators","-","-","-","-","-","-","-","-","-","-",0x3e7,"MINWINPC$","S-1-5-18",Builtin,"-","-","-","-","-","-","-","-","-","S-1-5-32-579","Access Control Assistance Operators","-","-","-","-","-","-","-","-","-","-","-","-","-","-","-","-","-","-",4731,"Audit Success",0x3e7,"-",Info,664,668,"{54849625-5478-4994-A5BA-3E3B0328C30D}","Microsoft-Windows-Security-Auditing",38,"Security Group Management","-","-","-","-","-"
"May 15, 2025 @ 00:43:55.225",uHOK0pYBTOKMfpn69GCu,"-",".ds-winlogbeat-9.0.1-2025.05.15-000001","-","e9746f08-b281-4bca-8733-b5bd2a724318","DESKTOP-RM6P0RP","02b3b84a-7e01-4bfe-92b1-006b2bf66211","DESKTOP-RM6P0RP",winlogbeat,"9.0.1","8.17.0","modified-group-account",iam,4735,"May 15, 2025 @ 18:03:41.139","May 15, 2025 @ 09:04:01.951",event,security,success,"Microsoft-Windows-Security-Auditing","group, change",Builtin,"S-1-5-32-579","Access Control Assistance Operators","x86_64","DESKTOP-RM6P0RP","012c3c67-1f22-4e7f-b1df-b2e462931de1","fe80::1d50:4ea9:29d5:6c90, 192.168.184.16","00-0C-29-27-55-5F","desktop-rm6p0rp","19045.2006",windows,"10.0.19041.2006 (WinBuild.160101.0800)","Windows 10 Enterprise Evaluation","Windows 10 Enterprise Evaluation",windows,windows,"10.0",information,"A security-enabled local group was changed.

Subject:
	Security ID:		S-1-5-18
	Account Name:		MINWINPC$
	Account Domain:		
	Logon ID:		0x3e7

Group:
	Security ID:		S-1-5-32-579
	Group Name:		Access Control Assistance Operators
	Group Domain:		Builtin

Changed Attributes:
	SAM Account Name:	-
	SID History:		-

Additional Information:
	Privileges:		-","-","-","-","-","-","-","-","-","-","-","MINWINPC$","-","_geoip_database_unavailable_GeoLite2-City.mmdb, _geoip_database_unavailable_GeoLite2-ASN.mmdb","-","-","-","-","-","S-1-5-18","MINWINPC$","MINWINPC$","-","-","-","-","-","-","-","{3E26C153-C519-0000-7BC3-263E19C5DB01}",Security,"WIN-D35FO1AQOB7","-","-","-","-","-","-","-","-","-","-","-","-","-","-","-","-","-","-","-","-","-","-","-","-","-","-","-","-","-","-","-","-","-","-","-","-","-","-","-","-","-","-","-","-","-","-","-","-","-","-","-","-","-","-","-","-","-","-","-","-","-","-","-","-","-","-","-","-","-","-","-","-","-","-","-","-","-","-","-","-","-","-","-","-","-","-","-","-","-","-","-","-","-","-","-","-","-","-","-","-","-","-","-","-","-","-","-","-","-","-","-","-","-","-","-","-","-","-","-","-","-","-","-","-","-","-",0x3e7,"MINWINPC$","S-1-5-18",Builtin,"-","-","-","-","-","-","-","-","-","S-1-5-32-579","Access Control Assistance Operators","-","-","-","-","-","-","-","-","-","-","-","-","-","-","-","-","-","-",4735,"Audit Success",0x3e7,"-",Info,664,668,"{54849625-5478-4994-A5BA-3E3B0328C30D}","Microsoft-Windows-Security-Auditing",39,"Security Group Management","-","-","-","-","-"
"May 15, 2025 @ 00:43:55.225",uXOK0pYBTOKMfpn69GCu,"-",".ds-winlogbeat-9.0.1-2025.05.15-000001","-","e9746f08-b281-4bca-8733-b5bd2a724318","DESKTOP-RM6P0RP","02b3b84a-7e01-4bfe-92b1-006b2bf66211","DESKTOP-RM6P0RP",winlogbeat,"9.0.1","8.17.0","added-group-account",iam,4731,"May 15, 2025 @ 18:03:41.139","May 15, 2025 @ 09:04:01.952",event,security,success,"Microsoft-Windows-Security-Auditing","group, creation",Builtin,"S-1-5-32-580","Remote Management Users","x86_64","DESKTOP-RM6P0RP","012c3c67-1f22-4e7f-b1df-b2e462931de1","fe80::1d50:4ea9:29d5:6c90, 192.168.184.16","00-0C-29-27-55-5F","desktop-rm6p0rp","19045.2006",windows,"10.0.19041.2006 (WinBuild.160101.0800)","Windows 10 Enterprise Evaluation","Windows 10 Enterprise Evaluation",windows,windows,"10.0",information,"A security-enabled local group was created.

Subject:
	Security ID:		S-1-5-18
	Account Name:		MINWINPC$
	Account Domain:		
	Logon ID:		0x3e7

New Group:
	Security ID:		S-1-5-32-580
	Group Name:		Remote Management Users
	Group Domain:		Builtin

Attributes:
	SAM Account Name:	Remote Management Users
	SID History:		-

Additional Information:
	Privileges:		-","-","-","-","-","-","-","-","-","-","-","MINWINPC$","-","_geoip_database_unavailable_GeoLite2-City.mmdb, _geoip_database_unavailable_GeoLite2-ASN.mmdb","-","-","-","-","-","S-1-5-18","MINWINPC$","MINWINPC$","-","-","-","-","-","-","-","{3E26C153-C519-0000-7BC3-263E19C5DB01}",Security,"WIN-D35FO1AQOB7","-","-","-","-","-","-","-","-","-","-","-","-","-","-","-","-","-","-","-","-","-","-","-","-","-","-","-","-","-","-","-","-","-","-","-","-","-","-","-","-","-","-","-","-","-","-","-","-","-","-","-","-","-","-","-","-","-","-","-","-","-","-","-","-","-","-","-","-","-","-","-","-","-","-","-","-","-","-","-","-","-","-","-","-","-","-","-","-","-","-","-","-","-","-","-","-","-","-","-","-","-","-","-","-","-","-","-","-","-","-","-","-","-","-","-","Remote Management Users","-","-","-","-","-","-","-","-","-","-",0x3e7,"MINWINPC$","S-1-5-18",Builtin,"-","-","-","-","-","-","-","-","-","S-1-5-32-580","Remote Management Users","-","-","-","-","-","-","-","-","-","-","-","-","-","-","-","-","-","-",4731,"Audit Success",0x3e7,"-",Info,664,668,"{54849625-5478-4994-A5BA-3E3B0328C30D}","Microsoft-Windows-Security-Auditing",40,"Security Group Management","-","-","-","-","-"
"May 15, 2025 @ 00:43:55.225",unOK0pYBTOKMfpn69GCu,"-",".ds-winlogbeat-9.0.1-2025.05.15-000001","-","e9746f08-b281-4bca-8733-b5bd2a724318","DESKTOP-RM6P0RP","02b3b84a-7e01-4bfe-92b1-006b2bf66211","DESKTOP-RM6P0RP",winlogbeat,"9.0.1","8.17.0","modified-group-account",iam,4735,"May 15, 2025 @ 18:03:41.139","May 15, 2025 @ 09:04:01.952",event,security,success,"Microsoft-Windows-Security-Auditing","group, change",Builtin,"S-1-5-32-580","Remote Management Users","x86_64","DESKTOP-RM6P0RP","012c3c67-1f22-4e7f-b1df-b2e462931de1","fe80::1d50:4ea9:29d5:6c90, 192.168.184.16","00-0C-29-27-55-5F","desktop-rm6p0rp","19045.2006",windows,"10.0.19041.2006 (WinBuild.160101.0800)","Windows 10 Enterprise Evaluation","Windows 10 Enterprise Evaluation",windows,windows,"10.0",information,"A security-enabled local group was changed.

Subject:
	Security ID:		S-1-5-18
	Account Name:		MINWINPC$
	Account Domain:		
	Logon ID:		0x3e7

Group:
	Security ID:		S-1-5-32-580
	Group Name:		Remote Management Users
	Group Domain:		Builtin

Changed Attributes:
	SAM Account Name:	-
	SID History:		-

Additional Information:
	Privileges:		-","-","-","-","-","-","-","-","-","-","-","MINWINPC$","-","_geoip_database_unavailable_GeoLite2-City.mmdb, _geoip_database_unavailable_GeoLite2-ASN.mmdb","-","-","-","-","-","S-1-5-18","MINWINPC$","MINWINPC$","-","-","-","-","-","-","-","{3E26C153-C519-0000-7BC3-263E19C5DB01}",Security,"WIN-D35FO1AQOB7","-","-","-","-","-","-","-","-","-","-","-","-","-","-","-","-","-","-","-","-","-","-","-","-","-","-","-","-","-","-","-","-","-","-","-","-","-","-","-","-","-","-","-","-","-","-","-","-","-","-","-","-","-","-","-","-","-","-","-","-","-","-","-","-","-","-","-","-","-","-","-","-","-","-","-","-","-","-","-","-","-","-","-","-","-","-","-","-","-","-","-","-","-","-","-","-","-","-","-","-","-","-","-","-","-","-","-","-","-","-","-","-","-","-","-","-","-","-","-","-","-","-","-","-","-","-",0x3e7,"MINWINPC$","S-1-5-18",Builtin,"-","-","-","-","-","-","-","-","-","S-1-5-32-580","Remote Management Users","-","-","-","-","-","-","-","-","-","-","-","-","-","-","-","-","-","-",4735,"Audit Success",0x3e7,"-",Info,664,668,"{54849625-5478-4994-A5BA-3E3B0328C30D}","Microsoft-Windows-Security-Auditing",41,"Security Group Management","-","-","-","-","-"
"May 15, 2025 @ 00:43:55.225",u3OK0pYBTOKMfpn69GCu,"-",".ds-winlogbeat-9.0.1-2025.05.15-000001","-","e9746f08-b281-4bca-8733-b5bd2a724318","DESKTOP-RM6P0RP","02b3b84a-7e01-4bfe-92b1-006b2bf66211","DESKTOP-RM6P0RP",winlogbeat,"9.0.1","8.17.0","added-member-to-group",iam,4728,"May 15, 2025 @ 18:03:41.139","May 15, 2025 @ 09:04:01.953",event,security,success,"Microsoft-Windows-Security-Auditing","group, change",MINWINPC,"S-1-5-21-3658367404-211227875-164286027-513",None,"x86_64","DESKTOP-RM6P0RP","012c3c67-1f22-4e7f-b1df-b2e462931de1","fe80::1d50:4ea9:29d5:6c90, 192.168.184.16","00-0C-29-27-55-5F","desktop-rm6p0rp","19045.2006",windows,"10.0.19041.2006 (WinBuild.160101.0800)","Windows 10 Enterprise Evaluation","Windows 10 Enterprise Evaluation",windows,windows,"10.0",information,"A member was added to a security-enabled global group.

Subject:
	Security ID:		S-1-5-18
	Account Name:		MINWINPC$
	Account Domain:		
	Logon ID:		0x3e7

Member:
	Security ID:		S-1-5-21-3658367404-211227875-164286027-504
	Account Name:		-

Group:
	Security ID:		S-1-5-21-3658367404-211227875-164286027-513
	Group Name:		None
	Group Domain:		MINWINPC

Additional Information:
	Privileges:		-","-","-","-","-","-","-","-","-","-","-","-, MINWINPC$","-","_geoip_database_unavailable_GeoLite2-City.mmdb, _geoip_database_unavailable_GeoLite2-ASN.mmdb","-","-","-","-","-","S-1-5-18","MINWINPC$","MINWINPC$","-",MINWINPC,"S-1-5-21-3658367404-211227875-164286027-513",None,"-","-","-","{3E26C153-C519-0000-7BC3-263E19C5DB01}",Security,"WIN-D35FO1AQOB7","-","-","-","-","-","-","-","-","-","-","-","-","-","-","-","-","-","-","-","-","-","-","-","-","-","-","-","-","-","-","-","-","-","-","-","-","-","-","-","-","-","-","-","-","-","-","-","-","-","-","-","-","-","-","-","-","-","-","-","-","-","-","-","-","-","-","-","-","-","-","-","-","-","-","-","-","-","-","-","-","-","-","S-1-5-21-3658367404-211227875-164286027-504","-","-","-","-","-","-","-","-","-","-","-","-","-","-","-","-","-","-","-","-","-","-","-","-","-","-","-","-","-","-","-","-","-","-","-","-","-","-","-","-","-","-","-",0x3e7,"MINWINPC$","S-1-5-18",MINWINPC,"-","-","-","-","-","-","-","-","-","S-1-5-21-3658367404-211227875-164286027-513",None,"-","-","-","-","-","-","-","-","-","-","-","-","-","-","-","-","-","-",4728,"Audit Success",0x3e7,"-",Info,664,668,"{54849625-5478-4994-A5BA-3E3B0328C30D}","Microsoft-Windows-Security-Auditing",42,"Security Group Management","-","-","-","-","-"
"May 15, 2025 @ 00:43:55.224",rHOK0pYBTOKMfpn69GCu,"-",".ds-winlogbeat-9.0.1-2025.05.15-000001","-","e9746f08-b281-4bca-8733-b5bd2a724318","DESKTOP-RM6P0RP","02b3b84a-7e01-4bfe-92b1-006b2bf66211","DESKTOP-RM6P0RP",winlogbeat,"9.0.1","8.17.0","added-group-account",iam,4731,"May 15, 2025 @ 18:03:41.139","May 15, 2025 @ 09:04:01.947",event,security,success,"Microsoft-Windows-Security-Auditing","group, creation",Builtin,"S-1-5-32-562","Distributed COM Users","x86_64","DESKTOP-RM6P0RP","012c3c67-1f22-4e7f-b1df-b2e462931de1","fe80::1d50:4ea9:29d5:6c90, 192.168.184.16","00-0C-29-27-55-5F","desktop-rm6p0rp","19045.2006",windows,"10.0.19041.2006 (WinBuild.160101.0800)","Windows 10 Enterprise Evaluation","Windows 10 Enterprise Evaluation",windows,windows,"10.0",information,"A security-enabled local group was created.

Subject:
	Security ID:		S-1-5-18
	Account Name:		MINWINPC$
	Account Domain:		
	Logon ID:		0x3e7

New Group:
	Security ID:		S-1-5-32-562
	Group Name:		Distributed COM Users
	Group Domain:		Builtin

Attributes:
	SAM Account Name:	Distributed COM Users
	SID History:		-

Additional Information:
	Privileges:		-","-","-","-","-","-","-","-","-","-","-","MINWINPC$","-","_geoip_database_unavailable_GeoLite2-City.mmdb, _geoip_database_unavailable_GeoLite2-ASN.mmdb","-","-","-","-","-","S-1-5-18","MINWINPC$","MINWINPC$","-","-","-","-","-","-","-","{3E26C153-C519-0000-7BC3-263E19C5DB01}",Security,"WIN-D35FO1AQOB7","-","-","-","-","-","-","-","-","-","-","-","-","-","-","-","-","-","-","-","-","-","-","-","-","-","-","-","-","-","-","-","-","-","-","-","-","-","-","-","-","-","-","-","-","-","-","-","-","-","-","-","-","-","-","-","-","-","-","-","-","-","-","-","-","-","-","-","-","-","-","-","-","-","-","-","-","-","-","-","-","-","-","-","-","-","-","-","-","-","-","-","-","-","-","-","-","-","-","-","-","-","-","-","-","-","-","-","-","-","-","-","-","-","-","-","Distributed COM Users","-","-","-","-","-","-","-","-","-","-",0x3e7,"MINWINPC$","S-1-5-18",Builtin,"-","-","-","-","-","-","-","-","-","S-1-5-32-562","Distributed COM Users","-","-","-","-","-","-","-","-","-","-","-","-","-","-","-","-","-","-",4731,"Audit Success",0x3e7,"-",Info,664,668,"{54849625-5478-4994-A5BA-3E3B0328C30D}","Microsoft-Windows-Security-Auditing",27,"Security Group Management","-","-","-","-","-"
"May 15, 2025 @ 00:43:55.224",rXOK0pYBTOKMfpn69GCu,"-",".ds-winlogbeat-9.0.1-2025.05.15-000001","-","e9746f08-b281-4bca-8733-b5bd2a724318","DESKTOP-RM6P0RP","02b3b84a-7e01-4bfe-92b1-006b2bf66211","DESKTOP-RM6P0RP",winlogbeat,"9.0.1","8.17.0","modified-group-account",iam,4735,"May 15, 2025 @ 18:03:41.139","May 15, 2025 @ 09:04:01.948",event,security,success,"Microsoft-Windows-Security-Auditing","group, change",Builtin,"S-1-5-32-562","Distributed COM Users","x86_64","DESKTOP-RM6P0RP","012c3c67-1f22-4e7f-b1df-b2e462931de1","fe80::1d50:4ea9:29d5:6c90, 192.168.184.16","00-0C-29-27-55-5F","desktop-rm6p0rp","19045.2006",windows,"10.0.19041.2006 (WinBuild.160101.0800)","Windows 10 Enterprise Evaluation","Windows 10 Enterprise Evaluation",windows,windows,"10.0",information,"A security-enabled local group was changed.

Subject:
	Security ID:		S-1-5-18
	Account Name:		MINWINPC$
	Account Domain:		
	Logon ID:		0x3e7

Group:
	Security ID:		S-1-5-32-562
	Group Name:		Distributed COM Users
	Group Domain:		Builtin

Changed Attributes:
	SAM Account Name:	-
	SID History:		-

Additional Information:
	Privileges:		-","-","-","-","-","-","-","-","-","-","-","MINWINPC$","-","_geoip_database_unavailable_GeoLite2-City.mmdb, _geoip_database_unavailable_GeoLite2-ASN.mmdb","-","-","-","-","-","S-1-5-18","MINWINPC$","MINWINPC$","-","-","-","-","-","-","-","{3E26C153-C519-0000-7BC3-263E19C5DB01}",Security,"WIN-D35FO1AQOB7","-","-","-","-","-","-","-","-","-","-","-","-","-","-","-","-","-","-","-","-","-","-","-","-","-","-","-","-","-","-","-","-","-","-","-","-","-","-","-","-","-","-","-","-","-","-","-","-","-","-","-","-","-","-","-","-","-","-","-","-","-","-","-","-","-","-","-","-","-","-","-","-","-","-","-","-","-","-","-","-","-","-","-","-","-","-","-","-","-","-","-","-","-","-","-","-","-","-","-","-","-","-","-","-","-","-","-","-","-","-","-","-","-","-","-","-","-","-","-","-","-","-","-","-","-","-",0x3e7,"MINWINPC$","S-1-5-18",Builtin,"-","-","-","-","-","-","-","-","-","S-1-5-32-562","Distributed COM Users","-","-","-","-","-","-","-","-","-","-","-","-","-","-","-","-","-","-",4735,"Audit Success",0x3e7,"-",Info,664,668,"{54849625-5478-4994-A5BA-3E3B0328C30D}","Microsoft-Windows-Security-Auditing",28,"Security Group Management","-","-","-","-","-"
